<?xml version="1.0" encoding="UTF-8"?>
<!-- Generated by org.testng.reporters.JUnitXMLReporter -->
<testsuite hostname="fourtek-desktop" ignored="0" name="Default test(failed)" tests="4" failures="4" timestamp="14 Mar 2018 12:24:05 GMT" time="30.613" errors="0">
  <testcase name="doMangerLogin" time="30.538" classname="com.testcase.ManagerTest">
    <failure type="java.lang.NullPointerException">
      <![CDATA[java.lang.NullPointerExceptionat org.openqa.selenium.support.pagefactory.DefaultElementLocator.findElement(DefaultElementLocator.java:69)at org.openqa.selenium.support.pagefactory.internal.LocatingElementHandler.invoke(LocatingElementHandler.java:38)at com.sun.proxy.$Proxy7.sendKeys(Unknown Source)at com.pages.product.Manager.login(Manager.java:55)at com.testcase.ManagerTest.doMangerLogin(ManagerTest.java:17)... Removed 25 stack frames]]>
    </failure>
  </testcase> <!-- doMangerLogin -->
  <testcase name="selectTheCreatedProject" time="0.003" classname="com.testcase.ManagerTest">
    <failure type="java.lang.NullPointerException">
      <![CDATA[java.lang.NullPointerExceptionat org.openqa.selenium.support.pagefactory.DefaultElementLocator.findElement(DefaultElementLocator.java:69)at org.openqa.selenium.support.pagefactory.internal.LocatingElementHandler.invoke(LocatingElementHandler.java:38)at com.sun.proxy.$Proxy7.click(Unknown Source)at com.pages.product.Manager.selectCreatedProject(Manager.java:63)at com.testcase.ManagerTest.selectTheCreatedProject(ManagerTest.java:22)... Removed 25 stack frames]]>
    </failure>
  </testcase> <!-- selectTheCreatedProject -->
  <testcase name="selectLanguageTranslator" time="0.003" classname="com.testcase.ManagerTest">
    <failure type="java.lang.NullPointerException">
      <![CDATA[java.lang.NullPointerExceptionat org.openqa.selenium.support.pagefactory.DefaultElementLocator.findElement(DefaultElementLocator.java:69)at org.openqa.selenium.support.pagefactory.internal.LocatingElementHandler.invoke(LocatingElementHandler.java:38)at com.sun.proxy.$Proxy7.click(Unknown Source)at com.pages.product.Manager.assignLanguageTranslator(Manager.java:69)at com.testcase.ManagerTest.selectLanguageTranslator(ManagerTest.java:28)... Removed 25 stack frames]]>
    </failure>
  </testcase> <!-- selectLanguageTranslator -->
  <testcase name="assignProjectToTranslator" time="0.002" classname="com.testcase.ManagerTest">
    <failure type="java.lang.NullPointerException">
      <![CDATA[java.lang.NullPointerExceptionat org.openqa.selenium.support.pagefactory.DefaultElementLocator.findElement(DefaultElementLocator.java:69)at org.openqa.selenium.support.pagefactory.internal.LocatingElementHandler.invoke(LocatingElementHandler.java:38)at com.sun.proxy.$Proxy7.click(Unknown Source)at com.pages.product.Manager.assignToTranslator(Manager.java:74)at com.testcase.ManagerTest.assignProjectToTranslator(ManagerTest.java:34)... Removed 25 stack frames]]>
    </failure>
  </testcase> <!-- assignProjectToTranslator -->
</testsuite> <!-- Default test(failed) -->
