<!DOCTYPE html PUBLIC "-//W3C//DTD XHTML 1.1//EN" "http://www.w3.org/TR/xhtml11/DTD/xhtml11.dtd">
<html xmlns="http://www.w3.org/1999/xhtml">
<head>
<meta http-equiv="content-type" content="text/html; charset=UTF-8"/>
<title>TestNG Report</title>
<style type="text/css">table {margin-bottom:10px;border-collapse:collapse;empty-cells:show}th,td {border:1px solid #009;padding:.25em .5em}th {vertical-align:bottom}td {vertical-align:top}table a {font-weight:bold}.stripe td {background-color: #E6EBF9}.num {text-align:right}.passedodd td {background-color: #3F3}.passedeven td {background-color: #0A0}.skippedodd td {background-color: #DDD}.skippedeven td {background-color: #CCC}.failedodd td,.attn {background-color: #F33}.failedeven td,.stripe .attn {background-color: #D00}.stacktrace {white-space:pre;font-family:monospace}.totop {font-size:85%;text-align:center;border-bottom:2px solid #000}.invisible {display:none}</style>
</head>
<body>
<table>
<tr><th>Test</th><th># Passed</th><th># Skipped</th><th># Failed</th><th>Time (ms)</th><th>Included Groups</th><th>Excluded Groups</th></tr>
<tr><th colspan="7">Automation Test Suite</th></tr>
<tr><td><a href="#t0">Login Testcase</a></td><td class="num">7</td><td class="num">0</td><td class="num">0</td><td class="num">35,577</td><td></td><td></td></tr>
<tr class="stripe"><td><a href="#t1">Create Project Testcase</a></td><td class="num">8</td><td class="num">0</td><td class="num">0</td><td class="num">36,694</td><td></td><td></td></tr>
<tr><td><a href="#t2">File Upload Testcase</a></td><td class="num">3</td><td class="num">0</td><td class="num">0</td><td class="num">18,652</td><td></td><td></td></tr>
<tr class="stripe"><td><a href="#t3">Choose Translation Plan</a></td><td class="num">2</td><td class="num">0</td><td class="num">0</td><td class="num">7,025</td><td></td><td></td></tr>
<tr><td><a href="#t4">Make An Order Testcase</a></td><td class="num">2</td><td class="num">0</td><td class="num">0</td><td class="num">34,119</td><td></td><td></td></tr>
<tr class="stripe"><td><a href="#t5">Manager</a></td><td class="num">5</td><td class="num">0</td><td class="num attn">1</td><td class="num">20,457</td><td></td><td></td></tr>
<tr><td><a href="#t6">Translator</a></td><td class="num">6</td><td class="num">0</td><td class="num attn">1</td><td class="num">55,023</td><td></td><td></td></tr>
<tr class="stripe"><td><a href="#t7">Reviewer</a></td><td class="num">1</td><td class="num attn">1</td><td class="num attn">5</td><td class="num">51,389</td><td></td><td></td></tr>
<tr><th>Total</th><th class="num">34</th><th class="num attn">1</th><th class="num attn">7</th><th class="num">258,936</th><th colspan="2"></th></tr>
</table>
<table id='summary'><thead><tr><th>Class</th><th>Method</th><th>Start</th><th>Time (ms)</th></tr></thead><tbody><tr><th colspan="4">Automation Test Suite</th></tr></tbody><tbody id="t0"><tr><th colspan="4">Login Testcase &#8212; passed</th></tr><tr class="passedeven"><td rowspan="7">com.testcase.LoginPageTest</td><td><a href="#m0">checkCaseSensitive</a></td><td rowspan="1">1524132491878</td><td rowspan="1">3639</td></tr><tr class="passedeven"><td><a href="#m1">checkUnicodeTransformationFormat</a></td><td rowspan="1">1524132495519</td><td rowspan="1">1845</td></tr><tr class="passedeven"><td><a href="#m2">doLogin</a></td><td rowspan="1">1524132497366</td><td rowspan="1">4841</td></tr><tr class="passedeven"><td><a href="#m3">invalidEmail</a></td><td rowspan="1">1524132485700</td><td rowspan="1">2114</td></tr><tr class="passedeven"><td><a href="#m4">invalidPassword</a></td><td rowspan="1">1524132487817</td><td rowspan="1">2044</td></tr><tr class="passedeven"><td><a href="#m5">invalidPwdEmail</a></td><td rowspan="1">1524132489866</td><td rowspan="1">2009</td></tr><tr class="passedeven"><td><a href="#m6">openBrowser</a></td><td rowspan="1">1524132466672</td><td rowspan="1">19023</td></tr></tbody>
<tbody id="t1"><tr><th colspan="4">Create Project Testcase &#8212; passed</th></tr><tr class="passedeven"><td rowspan="8">com.testcase.CreateProjectTest</td><td><a href="#m7">doClickOnLetsStartButton</a></td><td rowspan="1">1524132531672</td><td rowspan="1">7260</td></tr><tr class="passedeven"><td><a href="#m8">onlyEnterProjectName</a></td><td rowspan="1">1524132507587</td><td rowspan="1">5003</td></tr><tr class="passedeven"><td><a href="#m9">onlySelectTargetLanguage</a></td><td rowspan="1">1524132512593</td><td rowspan="1">10192</td></tr><tr class="passedeven"><td><a href="#m10">projectType</a></td><td rowspan="1">1524132523131</td><td rowspan="1">1146</td></tr><tr class="passedeven"><td><a href="#m11">startProject</a></td><td rowspan="1">1524132502242</td><td rowspan="1">2515</td></tr><tr class="passedeven"><td><a href="#m12">targetLanguage</a></td><td rowspan="1">1524132524278</td><td rowspan="1">7392</td></tr><tr class="passedeven"><td><a href="#m13">typeProjectName</a></td><td rowspan="1">1524132522787</td><td rowspan="1">342</td></tr><tr class="passedeven"><td><a href="#m14">withOutSelectAllOptions</a></td><td rowspan="1">1524132504759</td><td rowspan="1">2826</td></tr></tbody>
<tbody id="t2"><tr><th colspan="4">File Upload Testcase &#8212; passed</th></tr><tr class="passedeven"><td rowspan="3">com.testcase.FileUploadTest</td><td><a href="#m15">clickOnAddNewFile</a></td><td rowspan="1">1524132538961</td><td rowspan="1">1562</td></tr><tr class="passedeven"><td><a href="#m16">enterFileLocation</a></td><td rowspan="1">1524132540526</td><td rowspan="1">8405</td></tr><tr class="passedeven"><td><a href="#m17">selectFileFormat</a></td><td rowspan="1">1524132548933</td><td rowspan="1">8673</td></tr></tbody>
<tbody id="t3"><tr><th colspan="4">Choose Translation Plan &#8212; passed</th></tr><tr class="passedeven"><td rowspan="2">com.testcase.ChooseTranslationPlanTest</td><td><a href="#m18">choosePlanForTranslation</a></td><td rowspan="1">1524132557612</td><td rowspan="1">5157</td></tr><tr class="passedeven"><td><a href="#m19">selectTheBestPlan</a></td><td rowspan="1">1524132562770</td><td rowspan="1">1865</td></tr></tbody>
<tbody id="t4"><tr><th colspan="4">Make An Order Testcase &#8212; passed</th></tr><tr class="passedeven"><td rowspan="2">com.testcase.MakeOrderTest</td><td><a href="#m20">clientLogout</a></td><td rowspan="1">1524132594849</td><td rowspan="1">3907</td></tr><tr class="passedeven"><td><a href="#m21">doTheOrder</a></td><td rowspan="1">1524132564644</td><td rowspan="1">30204</td></tr></tbody>
<tbody id="t5"><tr><th colspan="4">Manager &#8212; failed</th></tr><tr class="failedeven"><td rowspan="1">com.testcase.ManagerTest</td><td><a href="#m22">assignProjectToTranslator</a></td><td rowspan="1">1524132608423</td><td rowspan="1">7284</td></tr><tr><th colspan="4">Manager &#8212; passed</th></tr><tr class="passedeven"><td rowspan="5">com.testcase.ManagerTest</td><td><a href="#m23">doManagerLogout</a></td><td rowspan="1">1524132615712</td><td rowspan="1">3509</td></tr><tr class="passedeven"><td><a href="#m24">doMangerLogin</a></td><td rowspan="1">1524132598767</td><td rowspan="1">3405</td></tr><tr class="passedeven"><td><a href="#m25">selectLanguageTranslator</a></td><td rowspan="1">1524132606505</td><td rowspan="1">1916</td></tr><tr class="passedeven"><td><a href="#m26">selectOrder</a></td><td rowspan="1">1524132604404</td><td rowspan="1">2098</td></tr><tr class="passedeven"><td><a href="#m27">selectTheCreatedProject</a></td><td rowspan="1">1524132602176</td><td rowspan="1">2227</td></tr></tbody>
<tbody id="t6"><tr><th colspan="4">Translator &#8212; failed</th></tr><tr class="failedeven"><td rowspan="1">com.testcase.TranslatorTest</td><td><a href="#m28">doTranslatorLogout</a></td><td rowspan="1">1524132674084</td><td rowspan="1">178</td></tr><tr><th colspan="4">Translator &#8212; passed</th></tr><tr class="passedeven"><td rowspan="6">com.testcase.TranslatorTest</td><td><a href="#m29">automatedTranslation</a></td><td rowspan="1">1524132630720</td><td rowspan="1">3316</td></tr><tr class="passedeven"><td><a href="#m30">doClickOnLogo</a></td><td rowspan="1">1524132667720</td><td rowspan="1">6363</td></tr><tr class="passedeven"><td><a href="#m31">doSelectTranslatorProject</a></td><td rowspan="1">1524132628249</td><td rowspan="1">2469</td></tr><tr class="passedeven"><td><a href="#m32">docompleteTranslation</a></td><td rowspan="1">1524132664422</td><td rowspan="1">3295</td></tr><tr class="passedeven"><td><a href="#m33">doselectWordsAndEnterText</a></td><td rowspan="1">1524132634037</td><td rowspan="1">30344</td></tr><tr class="passedeven"><td><a href="#m34">translatorDoLogin</a></td><td rowspan="1">1524132619245</td><td rowspan="1">9002</td></tr></tbody>
<tbody id="t7"><tr><th colspan="4">Reviewer &#8212; failed (configuration methods)</th></tr><tr class="failedeven"><td rowspan="1">com.testcase.ManagerTest</td><td><a href="#m35">managerTranslationPage</a></td><td rowspan="1">1524132725760</td><td rowspan="1">88</td></tr><tr><th colspan="4">Reviewer &#8212; failed</th></tr><tr class="failedeven"><td rowspan="5">com.testcase.ReviewerTest</td><td><a href="#m36">automatedTranslation</a></td><td rowspan="1">1524132684566</td><td rowspan="1">23115</td></tr><tr class="failedeven"><td><a href="#m37">doClickOnComplete</a></td><td rowspan="1">1524132717711</td><td rowspan="1">7815</td></tr><tr class="failedeven"><td><a href="#m38">doSelectReviewerProject</a></td><td rowspan="1">1524132684380</td><td rowspan="1">184</td></tr><tr class="failedeven"><td><a href="#m39">doTranslatorLogout</a></td><td rowspan="1">1524132725571</td><td rowspan="1">93</td></tr><tr class="failedeven"><td><a href="#m40">reviewerDoLogin</a></td><td rowspan="1">1524132674278</td><td rowspan="1">10099</td></tr><tr><th colspan="4">Reviewer &#8212; skipped (configuration methods)</th></tr><tr class="skippedeven"><td rowspan="1">com.testcase.ManagerTest</td><td><a href="#m41">ClientTranslationPage</a></td><td rowspan="1">1524132725855</td><td rowspan="1">0</td></tr><tr><th colspan="4">Reviewer &#8212; skipped</th></tr><tr class="skippedeven"><td rowspan="1">com.testcase.ReviewerTest</td><td><a href="#m42">doClickOnLogo</a></td><td rowspan="1">1524132725530</td><td rowspan="1">0</td></tr><tr><th colspan="4">Reviewer &#8212; passed</th></tr><tr class="passedeven"><td rowspan="1">com.testcase.ReviewerTest</td><td><a href="#m43">doAcceptWord</a></td><td rowspan="1">1524132707684</td><td rowspan="1">10023</td></tr></tbody>
</table>
<h2>Login Testcase</h2><h3 id="m0">com.testcase.LoginPageTest#checkCaseSensitive</h3><table class="result"><tr><th class="invisible"/></tr></table><p class="totop"><a href="#summary">back to summary</a></p>
<h3 id="m1">com.testcase.LoginPageTest#checkUnicodeTransformationFormat</h3><table class="result"><tr><th class="invisible"/></tr></table><p class="totop"><a href="#summary">back to summary</a></p>
<h3 id="m2">com.testcase.LoginPageTest#doLogin</h3><table class="result"><tr><th class="invisible"/></tr></table><p class="totop"><a href="#summary">back to summary</a></p>
<h3 id="m3">com.testcase.LoginPageTest#invalidEmail</h3><table class="result"><tr><th class="invisible"/></tr></table><p class="totop"><a href="#summary">back to summary</a></p>
<h3 id="m4">com.testcase.LoginPageTest#invalidPassword</h3><table class="result"><tr><th class="invisible"/></tr></table><p class="totop"><a href="#summary">back to summary</a></p>
<h3 id="m5">com.testcase.LoginPageTest#invalidPwdEmail</h3><table class="result"><tr><th class="invisible"/></tr></table><p class="totop"><a href="#summary">back to summary</a></p>
<h3 id="m6">com.testcase.LoginPageTest#openBrowser</h3><table class="result"><tr><th class="invisible"/></tr></table><p class="totop"><a href="#summary">back to summary</a></p>
<h2>Create Project Testcase</h2><h3 id="m7">com.testcase.CreateProjectTest#doClickOnLetsStartButton</h3><table class="result"><tr><th class="invisible"/></tr></table><p class="totop"><a href="#summary">back to summary</a></p>
<h3 id="m8">com.testcase.CreateProjectTest#onlyEnterProjectName</h3><table class="result"><tr><th class="invisible"/></tr></table><p class="totop"><a href="#summary">back to summary</a></p>
<h3 id="m9">com.testcase.CreateProjectTest#onlySelectTargetLanguage</h3><table class="result"><tr><th class="invisible"/></tr></table><p class="totop"><a href="#summary">back to summary</a></p>
<h3 id="m10">com.testcase.CreateProjectTest#projectType</h3><table class="result"><tr><th class="invisible"/></tr></table><p class="totop"><a href="#summary">back to summary</a></p>
<h3 id="m11">com.testcase.CreateProjectTest#startProject</h3><table class="result"><tr><th class="invisible"/></tr></table><p class="totop"><a href="#summary">back to summary</a></p>
<h3 id="m12">com.testcase.CreateProjectTest#targetLanguage</h3><table class="result"><tr><th class="invisible"/></tr></table><p class="totop"><a href="#summary">back to summary</a></p>
<h3 id="m13">com.testcase.CreateProjectTest#typeProjectName</h3><table class="result"><tr><th class="invisible"/></tr></table><p class="totop"><a href="#summary">back to summary</a></p>
<h3 id="m14">com.testcase.CreateProjectTest#withOutSelectAllOptions</h3><table class="result"><tr><th class="invisible"/></tr></table><p class="totop"><a href="#summary">back to summary</a></p>
<h2>File Upload Testcase</h2><h3 id="m15">com.testcase.FileUploadTest#clickOnAddNewFile</h3><table class="result"><tr><th class="invisible"/></tr></table><p class="totop"><a href="#summary">back to summary</a></p>
<h3 id="m16">com.testcase.FileUploadTest#enterFileLocation</h3><table class="result"><tr><th class="invisible"/></tr></table><p class="totop"><a href="#summary">back to summary</a></p>
<h3 id="m17">com.testcase.FileUploadTest#selectFileFormat</h3><table class="result"><tr><th class="invisible"/></tr></table><p class="totop"><a href="#summary">back to summary</a></p>
<h2>Choose Translation Plan</h2><h3 id="m18">com.testcase.ChooseTranslationPlanTest#choosePlanForTranslation</h3><table class="result"><tr><th class="invisible"/></tr></table><p class="totop"><a href="#summary">back to summary</a></p>
<h3 id="m19">com.testcase.ChooseTranslationPlanTest#selectTheBestPlan</h3><table class="result"><tr><th class="invisible"/></tr></table><p class="totop"><a href="#summary">back to summary</a></p>
<h2>Make An Order Testcase</h2><h3 id="m20">com.testcase.MakeOrderTest#clientLogout</h3><table class="result"><tr><th class="invisible"/></tr></table><p class="totop"><a href="#summary">back to summary</a></p>
<h3 id="m21">com.testcase.MakeOrderTest#doTheOrder</h3><table class="result"><tr><th class="invisible"/></tr></table><p class="totop"><a href="#summary">back to summary</a></p>
<h2>Manager</h2><h3 id="m22">com.testcase.ManagerTest#assignProjectToTranslator</h3><table class="result"><tr><th>Exception</th></tr><tr><td><div class="stacktrace">java.lang.AssertionError: expected [Successfully assigned!] but found [Ã—
Successfully assigned!]
	at com.testcase.ManagerTest.assignProjectToTranslator(ManagerTest.java:47)
... Removed 31 stack frames</div></td></tr></table><p class="totop"><a href="#summary">back to summary</a></p>
<h3 id="m23">com.testcase.ManagerTest#doManagerLogout</h3><table class="result"><tr><th class="invisible"/></tr></table><p class="totop"><a href="#summary">back to summary</a></p>
<h3 id="m24">com.testcase.ManagerTest#doMangerLogin</h3><table class="result"><tr><th class="invisible"/></tr></table><p class="totop"><a href="#summary">back to summary</a></p>
<h3 id="m25">com.testcase.ManagerTest#selectLanguageTranslator</h3><table class="result"><tr><th class="invisible"/></tr></table><p class="totop"><a href="#summary">back to summary</a></p>
<h3 id="m26">com.testcase.ManagerTest#selectOrder</h3><table class="result"><tr><th class="invisible"/></tr></table><p class="totop"><a href="#summary">back to summary</a></p>
<h3 id="m27">com.testcase.ManagerTest#selectTheCreatedProject</h3><table class="result"><tr><th class="invisible"/></tr></table><p class="totop"><a href="#summary">back to summary</a></p>
<h2>Translator</h2><h3 id="m28">com.testcase.TranslatorTest#doTranslatorLogout</h3><table class="result"><tr><th>Exception</th></tr><tr><td><div class="stacktrace">org.openqa.selenium.WebDriverException: unknown error: Element &lt;a href=&quot;&quot; data-toggle=&quot;dropdown&quot; aria-haspopup=&quot;true&quot; aria-expanded=&quot;false&quot; class=&quot;header-link dropdown-toggle&quot;&gt;...&lt;/a&gt; is not clickable at point (1254, 27). Other element would receive the click: &lt;div class=&quot;preloader&quot; style=&quot;opacity: 6.16838e-05;&quot;&gt;...&lt;/div&gt;
  (Session info: chrome=63.0.3239.132)
  (Driver info: chromedriver=2.34.522913 (36222509aa6e819815938cbf2709b4849735537c),platform=Linux 4.4.0-119-generic x86_64) (WARNING: The server did not provide any stacktrace information)
Command duration or timeout: 0 milliseconds
Build info: version: &apos;3.8.1&apos;, revision: &apos;6e95a6684b&apos;, time: &apos;2017-12-01T18:33:54.468Z&apos;
System info: host: &apos;fourtek-desktop&apos;, ip: &apos;127.0.1.1&apos;, os.name: &apos;Linux&apos;, os.arch: &apos;amd64&apos;, os.version: &apos;4.4.0-119-generic&apos;, java.version: &apos;1.8.0_161&apos;
Driver info: org.openqa.selenium.chrome.ChromeDriver
Capabilities {acceptSslCerts: true, applicationCacheEnabled: false, browserConnectionEnabled: false, browserName: chrome, chrome: {chromedriverVersion: 2.34.522913 (36222509aa6e81..., userDataDir: /tmp/.org.chromium.Chromium...}, cssSelectorsEnabled: true, databaseEnabled: false, handlesAlerts: true, hasTouchScreen: false, javascriptEnabled: true, locationContextEnabled: true, mobileEmulationEnabled: false, nativeEvents: true, networkConnectionEnabled: false, pageLoadStrategy: normal, platform: LINUX, platformName: LINUX, rotatable: false, setWindowRect: true, takesHeapSnapshot: true, takesScreenshot: true, unexpectedAlertBehaviour: , unhandledPromptBehavior: , version: 63.0.3239.132, webStorageEnabled: true}
Session ID: 4155407a77a755788d0d37236d078ce3
	at org.openqa.selenium.remote.ErrorHandler.createThrowable(ErrorHandler.java:214)
	at org.openqa.selenium.remote.ErrorHandler.throwIfResponseFailed(ErrorHandler.java:166)
	at org.openqa.selenium.remote.http.JsonHttpResponseCodec.reconstructValue(JsonHttpResponseCodec.java:40)
	at org.openqa.selenium.remote.http.AbstractHttpResponseCodec.decode(AbstractHttpResponseCodec.java:80)
	at org.openqa.selenium.remote.http.AbstractHttpResponseCodec.decode(AbstractHttpResponseCodec.java:44)
	at org.openqa.selenium.remote.HttpCommandExecutor.execute(HttpCommandExecutor.java:164)
	at org.openqa.selenium.remote.service.DriverCommandExecutor.execute(DriverCommandExecutor.java:83)
	at org.openqa.selenium.remote.RemoteWebDriver.execute(RemoteWebDriver.java:601)
	at org.openqa.selenium.remote.RemoteWebElement.execute(RemoteWebElement.java:279)
	at org.openqa.selenium.remote.RemoteWebElement.click(RemoteWebElement.java:83)
	at org.openqa.selenium.support.events.EventFiringWebDriver$EventFiringWebElement$1.invoke(EventFiringWebDriver.java:375)
	at com.sun.proxy.$Proxy11.click(Unknown Source)
	at org.openqa.selenium.support.events.EventFiringWebDriver$EventFiringWebElement.click(EventFiringWebDriver.java:388)
	at org.openqa.selenium.support.pagefactory.internal.LocatingElementHandler.invoke(LocatingElementHandler.java:51)
	at com.sun.proxy.$Proxy10.click(Unknown Source)
	at com.pages.product.Translator.translatorLogout(Translator.java:144)
	at com.testcase.TranslatorTest.doTranslatorLogout(TranslatorTest.java:56)
... Removed 35 stack frames</div></td></tr></table><p class="totop"><a href="#summary">back to summary</a></p>
<h3 id="m29">com.testcase.TranslatorTest#automatedTranslation</h3><table class="result"><tr><th class="invisible"/></tr></table><p class="totop"><a href="#summary">back to summary</a></p>
<h3 id="m30">com.testcase.TranslatorTest#doClickOnLogo</h3><table class="result"><tr><th class="invisible"/></tr></table><p class="totop"><a href="#summary">back to summary</a></p>
<h3 id="m31">com.testcase.TranslatorTest#doSelectTranslatorProject</h3><table class="result"><tr><th class="invisible"/></tr></table><p class="totop"><a href="#summary">back to summary</a></p>
<h3 id="m32">com.testcase.TranslatorTest#docompleteTranslation</h3><table class="result"><tr><th class="invisible"/></tr></table><p class="totop"><a href="#summary">back to summary</a></p>
<h3 id="m33">com.testcase.TranslatorTest#doselectWordsAndEnterText</h3><table class="result"><tr><th class="invisible"/></tr></table><p class="totop"><a href="#summary">back to summary</a></p>
<h3 id="m34">com.testcase.TranslatorTest#translatorDoLogin</h3><table class="result"><tr><th class="invisible"/></tr></table><p class="totop"><a href="#summary">back to summary</a></p>
<h2>Reviewer</h2><h3 id="m35">com.testcase.ManagerTest#managerTranslationPage</h3><table class="result"><tr><th>Exception</th></tr><tr><td><div class="stacktrace">org.openqa.selenium.NoSuchWindowException: no such window: target window already closed
from unknown error: web view not found
  (Session info: chrome=63.0.3239.132)
  (Driver info: chromedriver=2.34.522913 (36222509aa6e819815938cbf2709b4849735537c),platform=Linux 4.4.0-119-generic x86_64) (WARNING: The server did not provide any stacktrace information)
Command duration or timeout: 0 milliseconds
Build info: version: &apos;3.8.1&apos;, revision: &apos;6e95a6684b&apos;, time: &apos;2017-12-01T18:33:54.468Z&apos;
System info: host: &apos;fourtek-desktop&apos;, ip: &apos;127.0.1.1&apos;, os.name: &apos;Linux&apos;, os.arch: &apos;amd64&apos;, os.version: &apos;4.4.0-119-generic&apos;, java.version: &apos;1.8.0_161&apos;
Driver info: org.openqa.selenium.chrome.ChromeDriver
Capabilities {acceptSslCerts: true, applicationCacheEnabled: false, browserConnectionEnabled: false, browserName: chrome, chrome: {chromedriverVersion: 2.34.522913 (36222509aa6e81..., userDataDir: /tmp/.org.chromium.Chromium...}, cssSelectorsEnabled: true, databaseEnabled: false, handlesAlerts: true, hasTouchScreen: false, javascriptEnabled: true, locationContextEnabled: true, mobileEmulationEnabled: false, nativeEvents: true, networkConnectionEnabled: false, pageLoadStrategy: normal, platform: LINUX, platformName: LINUX, rotatable: false, setWindowRect: true, takesHeapSnapshot: true, takesScreenshot: true, unexpectedAlertBehaviour: , unhandledPromptBehavior: , version: 63.0.3239.132, webStorageEnabled: true}
Session ID: 4155407a77a755788d0d37236d078ce3
*** Element info: {Using=xpath, value=//form[@id=&apos;loginform&apos;]/div[1]/div[1]/input[1]}
	at org.openqa.selenium.remote.ErrorHandler.createThrowable(ErrorHandler.java:214)
	at org.openqa.selenium.remote.ErrorHandler.throwIfResponseFailed(ErrorHandler.java:166)
	at org.openqa.selenium.remote.http.JsonHttpResponseCodec.reconstructValue(JsonHttpResponseCodec.java:40)
	at org.openqa.selenium.remote.http.AbstractHttpResponseCodec.decode(AbstractHttpResponseCodec.java:80)
	at org.openqa.selenium.remote.http.AbstractHttpResponseCodec.decode(AbstractHttpResponseCodec.java:44)
	at org.openqa.selenium.remote.HttpCommandExecutor.execute(HttpCommandExecutor.java:164)
	at org.openqa.selenium.remote.service.DriverCommandExecutor.execute(DriverCommandExecutor.java:83)
	at org.openqa.selenium.remote.RemoteWebDriver.execute(RemoteWebDriver.java:601)
	at org.openqa.selenium.remote.RemoteWebDriver.findElement(RemoteWebDriver.java:371)
	at org.openqa.selenium.remote.RemoteWebDriver.findElementByXPath(RemoteWebDriver.java:473)
	at org.openqa.selenium.By$ByXPath.findElement(By.java:361)
	at org.openqa.selenium.remote.RemoteWebDriver.findElement(RemoteWebDriver.java:363)
	at org.openqa.selenium.support.events.EventFiringWebDriver$2.invoke(EventFiringWebDriver.java:108)
	at com.sun.proxy.$Proxy6.findElement(Unknown Source)
	at org.openqa.selenium.support.events.EventFiringWebDriver.findElement(EventFiringWebDriver.java:192)
	at org.openqa.selenium.support.pagefactory.DefaultElementLocator.findElement(DefaultElementLocator.java:69)
	at org.openqa.selenium.support.pagefactory.internal.LocatingElementHandler.invoke(LocatingElementHandler.java:38)
	at com.sun.proxy.$Proxy10.clear(Unknown Source)
	at com.pages.product.Manager.login(Manager.java:81)
	at com.testcase.ManagerTest.managerTranslationPage(ManagerTest.java:59)
... Removed 27 stack frames</div></td></tr></table><p class="totop"><a href="#summary">back to summary</a></p>
<h3 id="m36">com.testcase.ReviewerTest#automatedTranslation</h3><table class="result"><tr><th>Exception</th></tr><tr><td><div class="stacktrace">org.openqa.selenium.NoSuchElementException: no such element: Unable to locate element: {&quot;method&quot;:&quot;xpath&quot;,&quot;selector&quot;:&quot;//div[@class=&apos;col-md-7 right-controls text-right p-t-0&apos;]/button[2]&quot;}
  (Session info: chrome=63.0.3239.132)
  (Driver info: chromedriver=2.34.522913 (36222509aa6e819815938cbf2709b4849735537c),platform=Linux 4.4.0-119-generic x86_64) (WARNING: The server did not provide any stacktrace information)
Command duration or timeout: 0 milliseconds
For documentation on this error, please visit: http://seleniumhq.org/exceptions/no_such_element.html
Build info: version: &apos;3.8.1&apos;, revision: &apos;6e95a6684b&apos;, time: &apos;2017-12-01T18:33:54.468Z&apos;
System info: host: &apos;fourtek-desktop&apos;, ip: &apos;127.0.1.1&apos;, os.name: &apos;Linux&apos;, os.arch: &apos;amd64&apos;, os.version: &apos;4.4.0-119-generic&apos;, java.version: &apos;1.8.0_161&apos;
Driver info: org.openqa.selenium.chrome.ChromeDriver
Capabilities {acceptSslCerts: true, applicationCacheEnabled: false, browserConnectionEnabled: false, browserName: chrome, chrome: {chromedriverVersion: 2.34.522913 (36222509aa6e81..., userDataDir: /tmp/.org.chromium.Chromium...}, cssSelectorsEnabled: true, databaseEnabled: false, handlesAlerts: true, hasTouchScreen: false, javascriptEnabled: true, locationContextEnabled: true, mobileEmulationEnabled: false, nativeEvents: true, networkConnectionEnabled: false, pageLoadStrategy: normal, platform: LINUX, platformName: LINUX, rotatable: false, setWindowRect: true, takesHeapSnapshot: true, takesScreenshot: true, unexpectedAlertBehaviour: , unhandledPromptBehavior: , version: 63.0.3239.132, webStorageEnabled: true}
Session ID: 4155407a77a755788d0d37236d078ce3
*** Element info: {Using=xpath, value=//div[@class=&apos;col-md-7 right-controls text-right p-t-0&apos;]/button[2]}
	at org.openqa.selenium.remote.ErrorHandler.createThrowable(ErrorHandler.java:214)
	at org.openqa.selenium.remote.ErrorHandler.throwIfResponseFailed(ErrorHandler.java:166)
	at org.openqa.selenium.remote.http.JsonHttpResponseCodec.reconstructValue(JsonHttpResponseCodec.java:40)
	at org.openqa.selenium.remote.http.AbstractHttpResponseCodec.decode(AbstractHttpResponseCodec.java:80)
	at org.openqa.selenium.remote.http.AbstractHttpResponseCodec.decode(AbstractHttpResponseCodec.java:44)
	at org.openqa.selenium.remote.HttpCommandExecutor.execute(HttpCommandExecutor.java:164)
	at org.openqa.selenium.remote.service.DriverCommandExecutor.execute(DriverCommandExecutor.java:83)
	at org.openqa.selenium.remote.RemoteWebDriver.execute(RemoteWebDriver.java:601)
	at org.openqa.selenium.remote.RemoteWebDriver.findElement(RemoteWebDriver.java:371)
	at org.openqa.selenium.remote.RemoteWebDriver.findElementByXPath(RemoteWebDriver.java:473)
	at org.openqa.selenium.By$ByXPath.findElement(By.java:361)
	at org.openqa.selenium.remote.RemoteWebDriver.findElement(RemoteWebDriver.java:363)
	at org.openqa.selenium.support.events.EventFiringWebDriver$2.invoke(EventFiringWebDriver.java:108)
	at com.sun.proxy.$Proxy6.findElement(Unknown Source)
	at org.openqa.selenium.support.events.EventFiringWebDriver.findElement(EventFiringWebDriver.java:192)
	at org.openqa.selenium.support.pagefactory.DefaultElementLocator.findElement(DefaultElementLocator.java:69)
	at org.openqa.selenium.support.pagefactory.internal.LocatingElementHandler.invoke(LocatingElementHandler.java:38)
	at com.sun.proxy.$Proxy10.getText(Unknown Source)
	at com.pages.product.Reviewer.validAutomatedUpDown(Reviewer.java:133)
	at com.testcase.ReviewerTest.automatedTranslation(ReviewerTest.java:33)
... Removed 32 stack frames</div></td></tr></table><p class="totop"><a href="#summary">back to summary</a></p>
<h3 id="m37">com.testcase.ReviewerTest#doClickOnComplete</h3><table class="result"><tr><th>Exception</th></tr><tr><td><div class="stacktrace">java.lang.NullPointerException
	at org.openqa.selenium.support.events.EventFiringWebDriver.extractInterfaces(EventFiringWebDriver.java:124)
	at org.openqa.selenium.support.events.EventFiringWebDriver.access$500(EventFiringWebDriver.java:69)
	at org.openqa.selenium.support.events.EventFiringWebDriver$EventFiringWebElement.&lt;init&gt;(EventFiringWebDriver.java:368)
	at org.openqa.selenium.support.events.EventFiringWebDriver$EventFiringWebElement.&lt;init&gt;(EventFiringWebDriver.java:360)
	at org.openqa.selenium.support.events.EventFiringWebDriver.createWebElement(EventFiringWebDriver.java:311)
	at org.openqa.selenium.support.events.EventFiringWebDriver.findElement(EventFiringWebDriver.java:194)
	at org.openqa.selenium.support.pagefactory.DefaultElementLocator.findElement(DefaultElementLocator.java:69)
	at org.openqa.selenium.support.pagefactory.internal.LocatingElementHandler.invoke(LocatingElementHandler.java:38)
	at com.sun.proxy.$Proxy10.isDisplayed(Unknown Source)
	at org.openqa.selenium.support.ui.ExpectedConditions.elementIfVisible(ExpectedConditions.java:301)
	at org.openqa.selenium.support.ui.ExpectedConditions.access$100(ExpectedConditions.java:43)
	at org.openqa.selenium.support.ui.ExpectedConditions$10.apply(ExpectedConditions.java:287)
	at org.openqa.selenium.support.ui.ExpectedConditions$10.apply(ExpectedConditions.java:284)
	at org.openqa.selenium.support.ui.FluentWait.until(FluentWait.java:208)
	at com.main.product.Base_Test.waitForElement(Base_Test.java:132)
	at com.pages.product.Reviewer.completeReviewer(Reviewer.java:104)
	at com.testcase.ReviewerTest.doClickOnComplete(ReviewerTest.java:45)
... Removed 25 stack frames</div></td></tr></table><p class="totop"><a href="#summary">back to summary</a></p>
<h3 id="m38">com.testcase.ReviewerTest#doSelectReviewerProject</h3><table class="result"><tr><th>Exception</th></tr><tr><td><div class="stacktrace">org.openqa.selenium.WebDriverException: unknown error: Element &lt;a href=&quot;http://staging.devnagri.com/projects/a91743d8-43b9-11e8-a271-6e26eec2eced/translate/M93Y3LP&quot;&gt;...&lt;/a&gt; is not clickable at point (1127, 614). Other element would receive the click: &lt;select class=&quot;phpdebugbar-datasets-switcher&quot; style=&quot;display: inline-block;&quot;&gt;...&lt;/select&gt;
  (Session info: chrome=63.0.3239.132)
  (Driver info: chromedriver=2.34.522913 (36222509aa6e819815938cbf2709b4849735537c),platform=Linux 4.4.0-119-generic x86_64) (WARNING: The server did not provide any stacktrace information)
Command duration or timeout: 0 milliseconds
Build info: version: &apos;3.8.1&apos;, revision: &apos;6e95a6684b&apos;, time: &apos;2017-12-01T18:33:54.468Z&apos;
System info: host: &apos;fourtek-desktop&apos;, ip: &apos;127.0.1.1&apos;, os.name: &apos;Linux&apos;, os.arch: &apos;amd64&apos;, os.version: &apos;4.4.0-119-generic&apos;, java.version: &apos;1.8.0_161&apos;
Driver info: org.openqa.selenium.chrome.ChromeDriver
Capabilities {acceptSslCerts: true, applicationCacheEnabled: false, browserConnectionEnabled: false, browserName: chrome, chrome: {chromedriverVersion: 2.34.522913 (36222509aa6e81..., userDataDir: /tmp/.org.chromium.Chromium...}, cssSelectorsEnabled: true, databaseEnabled: false, handlesAlerts: true, hasTouchScreen: false, javascriptEnabled: true, locationContextEnabled: true, mobileEmulationEnabled: false, nativeEvents: true, networkConnectionEnabled: false, pageLoadStrategy: normal, platform: LINUX, platformName: LINUX, rotatable: false, setWindowRect: true, takesHeapSnapshot: true, takesScreenshot: true, unexpectedAlertBehaviour: , unhandledPromptBehavior: , version: 63.0.3239.132, webStorageEnabled: true}
Session ID: 4155407a77a755788d0d37236d078ce3
	at org.openqa.selenium.remote.ErrorHandler.createThrowable(ErrorHandler.java:214)
	at org.openqa.selenium.remote.ErrorHandler.throwIfResponseFailed(ErrorHandler.java:166)
	at org.openqa.selenium.remote.http.JsonHttpResponseCodec.reconstructValue(JsonHttpResponseCodec.java:40)
	at org.openqa.selenium.remote.http.AbstractHttpResponseCodec.decode(AbstractHttpResponseCodec.java:80)
	at org.openqa.selenium.remote.http.AbstractHttpResponseCodec.decode(AbstractHttpResponseCodec.java:44)
	at org.openqa.selenium.remote.HttpCommandExecutor.execute(HttpCommandExecutor.java:164)
	at org.openqa.selenium.remote.service.DriverCommandExecutor.execute(DriverCommandExecutor.java:83)
	at org.openqa.selenium.remote.RemoteWebDriver.execute(RemoteWebDriver.java:601)
	at org.openqa.selenium.remote.RemoteWebElement.execute(RemoteWebElement.java:279)
	at org.openqa.selenium.remote.RemoteWebElement.click(RemoteWebElement.java:83)
	at org.openqa.selenium.support.events.EventFiringWebDriver$EventFiringWebElement$1.invoke(EventFiringWebDriver.java:375)
	at com.sun.proxy.$Proxy11.click(Unknown Source)
	at org.openqa.selenium.support.events.EventFiringWebDriver$EventFiringWebElement.click(EventFiringWebDriver.java:388)
	at org.openqa.selenium.support.pagefactory.internal.LocatingElementHandler.invoke(LocatingElementHandler.java:51)
	at com.sun.proxy.$Proxy10.click(Unknown Source)
	at com.pages.product.Reviewer.assignProject(Reviewer.java:77)
	at com.testcase.ReviewerTest.doSelectReviewerProject(ReviewerTest.java:25)
... Removed 35 stack frames</div></td></tr></table><p class="totop"><a href="#summary">back to summary</a></p>
<h3 id="m39">com.testcase.ReviewerTest#doTranslatorLogout</h3><table class="result"><tr><th>Exception</th></tr><tr><td><div class="stacktrace">org.openqa.selenium.NoSuchWindowException: no such window: target window already closed
from unknown error: web view not found
  (Session info: chrome=63.0.3239.132)
  (Driver info: chromedriver=2.34.522913 (36222509aa6e819815938cbf2709b4849735537c),platform=Linux 4.4.0-119-generic x86_64) (WARNING: The server did not provide any stacktrace information)
Command duration or timeout: 0 milliseconds
Build info: version: &apos;3.8.1&apos;, revision: &apos;6e95a6684b&apos;, time: &apos;2017-12-01T18:33:54.468Z&apos;
System info: host: &apos;fourtek-desktop&apos;, ip: &apos;127.0.1.1&apos;, os.name: &apos;Linux&apos;, os.arch: &apos;amd64&apos;, os.version: &apos;4.4.0-119-generic&apos;, java.version: &apos;1.8.0_161&apos;
Driver info: org.openqa.selenium.chrome.ChromeDriver
Capabilities {acceptSslCerts: true, applicationCacheEnabled: false, browserConnectionEnabled: false, browserName: chrome, chrome: {chromedriverVersion: 2.34.522913 (36222509aa6e81..., userDataDir: /tmp/.org.chromium.Chromium...}, cssSelectorsEnabled: true, databaseEnabled: false, handlesAlerts: true, hasTouchScreen: false, javascriptEnabled: true, locationContextEnabled: true, mobileEmulationEnabled: false, nativeEvents: true, networkConnectionEnabled: false, pageLoadStrategy: normal, platform: LINUX, platformName: LINUX, rotatable: false, setWindowRect: true, takesHeapSnapshot: true, takesScreenshot: true, unexpectedAlertBehaviour: , unhandledPromptBehavior: , version: 63.0.3239.132, webStorageEnabled: true}
Session ID: 4155407a77a755788d0d37236d078ce3
*** Element info: {Using=xpath, value=//ul[@class=&apos;navbar-nav my-lg-0&apos;]/child::li[4]/a[1]}
	at org.openqa.selenium.remote.ErrorHandler.createThrowable(ErrorHandler.java:214)
	at org.openqa.selenium.remote.ErrorHandler.throwIfResponseFailed(ErrorHandler.java:166)
	at org.openqa.selenium.remote.http.JsonHttpResponseCodec.reconstructValue(JsonHttpResponseCodec.java:40)
	at org.openqa.selenium.remote.http.AbstractHttpResponseCodec.decode(AbstractHttpResponseCodec.java:80)
	at org.openqa.selenium.remote.http.AbstractHttpResponseCodec.decode(AbstractHttpResponseCodec.java:44)
	at org.openqa.selenium.remote.HttpCommandExecutor.execute(HttpCommandExecutor.java:164)
	at org.openqa.selenium.remote.service.DriverCommandExecutor.execute(DriverCommandExecutor.java:83)
	at org.openqa.selenium.remote.RemoteWebDriver.execute(RemoteWebDriver.java:601)
	at org.openqa.selenium.remote.RemoteWebDriver.findElement(RemoteWebDriver.java:371)
	at org.openqa.selenium.remote.RemoteWebDriver.findElementByXPath(RemoteWebDriver.java:473)
	at org.openqa.selenium.By$ByXPath.findElement(By.java:361)
	at org.openqa.selenium.remote.RemoteWebDriver.findElement(RemoteWebDriver.java:363)
	at org.openqa.selenium.support.events.EventFiringWebDriver$2.invoke(EventFiringWebDriver.java:108)
	at com.sun.proxy.$Proxy6.findElement(Unknown Source)
	at org.openqa.selenium.support.events.EventFiringWebDriver.findElement(EventFiringWebDriver.java:192)
	at org.openqa.selenium.support.pagefactory.DefaultElementLocator.findElement(DefaultElementLocator.java:69)
	at org.openqa.selenium.support.pagefactory.internal.LocatingElementHandler.invoke(LocatingElementHandler.java:38)
	at com.sun.proxy.$Proxy10.click(Unknown Source)
	at com.pages.product.Reviewer.reviewerLogout(Reviewer.java:116)
	at com.testcase.ReviewerTest.doTranslatorLogout(ReviewerTest.java:57)
... Removed 32 stack frames</div></td></tr></table><p class="totop"><a href="#summary">back to summary</a></p>
<h3 id="m40">com.testcase.ReviewerTest#reviewerDoLogin</h3><table class="result"><tr><th>Exception</th></tr><tr><td><div class="stacktrace">org.openqa.selenium.NoSuchElementException: no such element: Unable to locate element: {&quot;method&quot;:&quot;xpath&quot;,&quot;selector&quot;:&quot;//form[@id=&apos;loginform&apos;]/div[1]/div[1]/input[1]&quot;}
  (Session info: chrome=63.0.3239.132)
  (Driver info: chromedriver=2.34.522913 (36222509aa6e819815938cbf2709b4849735537c),platform=Linux 4.4.0-119-generic x86_64) (WARNING: The server did not provide any stacktrace information)
Command duration or timeout: 0 milliseconds
For documentation on this error, please visit: http://seleniumhq.org/exceptions/no_such_element.html
Build info: version: &apos;3.8.1&apos;, revision: &apos;6e95a6684b&apos;, time: &apos;2017-12-01T18:33:54.468Z&apos;
System info: host: &apos;fourtek-desktop&apos;, ip: &apos;127.0.1.1&apos;, os.name: &apos;Linux&apos;, os.arch: &apos;amd64&apos;, os.version: &apos;4.4.0-119-generic&apos;, java.version: &apos;1.8.0_161&apos;
Driver info: org.openqa.selenium.chrome.ChromeDriver
Capabilities {acceptSslCerts: true, applicationCacheEnabled: false, browserConnectionEnabled: false, browserName: chrome, chrome: {chromedriverVersion: 2.34.522913 (36222509aa6e81..., userDataDir: /tmp/.org.chromium.Chromium...}, cssSelectorsEnabled: true, databaseEnabled: false, handlesAlerts: true, hasTouchScreen: false, javascriptEnabled: true, locationContextEnabled: true, mobileEmulationEnabled: false, nativeEvents: true, networkConnectionEnabled: false, pageLoadStrategy: normal, platform: LINUX, platformName: LINUX, rotatable: false, setWindowRect: true, takesHeapSnapshot: true, takesScreenshot: true, unexpectedAlertBehaviour: , unhandledPromptBehavior: , version: 63.0.3239.132, webStorageEnabled: true}
Session ID: 4155407a77a755788d0d37236d078ce3
*** Element info: {Using=xpath, value=//form[@id=&apos;loginform&apos;]/div[1]/div[1]/input[1]}
	at org.openqa.selenium.remote.ErrorHandler.createThrowable(ErrorHandler.java:214)
	at org.openqa.selenium.remote.ErrorHandler.throwIfResponseFailed(ErrorHandler.java:166)
	at org.openqa.selenium.remote.http.JsonHttpResponseCodec.reconstructValue(JsonHttpResponseCodec.java:40)
	at org.openqa.selenium.remote.http.AbstractHttpResponseCodec.decode(AbstractHttpResponseCodec.java:80)
	at org.openqa.selenium.remote.http.AbstractHttpResponseCodec.decode(AbstractHttpResponseCodec.java:44)
	at org.openqa.selenium.remote.HttpCommandExecutor.execute(HttpCommandExecutor.java:164)
	at org.openqa.selenium.remote.service.DriverCommandExecutor.execute(DriverCommandExecutor.java:83)
	at org.openqa.selenium.remote.RemoteWebDriver.execute(RemoteWebDriver.java:601)
	at org.openqa.selenium.remote.RemoteWebDriver.findElement(RemoteWebDriver.java:371)
	at org.openqa.selenium.remote.RemoteWebDriver.findElementByXPath(RemoteWebDriver.java:473)
	at org.openqa.selenium.By$ByXPath.findElement(By.java:361)
	at org.openqa.selenium.remote.RemoteWebDriver.findElement(RemoteWebDriver.java:363)
	at org.openqa.selenium.support.events.EventFiringWebDriver$2.invoke(EventFiringWebDriver.java:108)
	at com.sun.proxy.$Proxy6.findElement(Unknown Source)
	at org.openqa.selenium.support.events.EventFiringWebDriver.findElement(EventFiringWebDriver.java:192)
	at org.openqa.selenium.support.pagefactory.DefaultElementLocator.findElement(DefaultElementLocator.java:69)
	at org.openqa.selenium.support.pagefactory.internal.LocatingElementHandler.invoke(LocatingElementHandler.java:38)
	at com.sun.proxy.$Proxy10.clear(Unknown Source)
	at com.pages.product.Reviewer.login(Reviewer.java:68)
	at com.testcase.ReviewerTest.reviewerDoLogin(ReviewerTest.java:17)
... Removed 32 stack frames</div></td></tr></table><p class="totop"><a href="#summary">back to summary</a></p>
<h3 id="m41">com.testcase.ManagerTest#ClientTranslationPage</h3><table class="result"><tr><th class="invisible"/></tr></table><p class="totop"><a href="#summary">back to summary</a></p>
<h3 id="m42">com.testcase.ReviewerTest#doClickOnLogo</h3><table class="result"><tr><th>Exception</th></tr><tr><td><div class="stacktrace">java.lang.Throwable: Method ReviewerTest.doClickOnLogo()[pri:6, instance:com.testcase.ReviewerTest@6d7b4f4c] depends on not successfully finished methods
... Removed 18 stack frames</div></td></tr></table><p class="totop"><a href="#summary">back to summary</a></p>
<h3 id="m43">com.testcase.ReviewerTest#doAcceptWord</h3><table class="result"><tr><th class="invisible"/></tr></table><p class="totop"><a href="#summary">back to summary</a></p>
</body>
</html>
