<!DOCTYPE html>

<html>
  <head>
  <meta charset='utf-8'>
  <title>TestNG reports</title>

    <link type="text/css" href="testng-reports.css" rel="stylesheet" />
    <script type="text/javascript" src="jquery-1.7.1.min.js"></script>
    <script type="text/javascript" src="testng-reports.js"></script>
    <script type="text/javascript" src="https://www.google.com/jsapi"></script>
    <script type='text/javascript'>
      google.load('visualization', '1', {packages:['table']});
      google.setOnLoadCallback(drawTable);
      var suiteTableInitFunctions = new Array();
      var suiteTableData = new Array();
    </script>
    <!--
      <script type="text/javascript" src="jquery-ui/js/jquery-ui-1.8.16.custom.min.js"></script>
     -->
  </head>

  <body>
    <div class="top-banner-root">
      <span class="top-banner-title-font">Test results</span>
      <br/>
      <span class="top-banner-font-1">1 suite, 7 failed tests</span>
    </div> <!-- top-banner-root -->
    <div class="navigator-root">
      <div class="navigator-suite-header">
        <span>All suites</span>
        <a href="#" class="collapse-all-link" title="Collapse/expand all the suites">
          <img class="collapse-all-icon" src="collapseall.gif">
          </img> <!-- collapse-all-icon -->
        </a> <!-- collapse-all-link -->
      </div> <!-- navigator-suite-header -->
      <div class="suite">
        <div class="rounded-window">
          <div class="suite-header light-rounded-window-top">
            <a href="#" class="navigator-link" panel-name="suite-Automation_Test_Suite">
              <span class="suite-name border-failed">Automation Test Suite</span>
            </a> <!-- navigator-link -->
          </div> <!-- suite-header light-rounded-window-top -->
          <div class="navigator-suite-content">
            <div class="suite-section-title">
              <span>Info</span>
            </div> <!-- suite-section-title -->
            <div class="suite-section-content">
              <ul>
                <li>
                  <a href="#" class="navigator-link " panel-name="test-xml-Automation_Test_Suite">
                    <span>TestNG_Suit.xml</span>
                  </a> <!-- navigator-link  -->
                </li>
                <li>
                  <a href="#" class="navigator-link " panel-name="testlist-Automation_Test_Suite">
                    <span class="test-stats">8 tests</span>
                  </a> <!-- navigator-link  -->
                </li>
                <li>
                  <a href="#" class="navigator-link " panel-name="group-Automation_Test_Suite">
                    <span>1 group</span>
                  </a> <!-- navigator-link  -->
                </li>
                <li>
                  <a href="#" class="navigator-link " panel-name="times-Automation_Test_Suite">
                    <span>Times</span>
                  </a> <!-- navigator-link  -->
                </li>
                <li>
                  <a href="#" class="navigator-link " panel-name="reporter-Automation_Test_Suite">
                    <span>Reporter output</span>
                  </a> <!-- navigator-link  -->
                </li>
                <li>
                  <a href="#" class="navigator-link " panel-name="ignored-methods-Automation_Test_Suite">
                    <span>Ignored methods</span>
                  </a> <!-- navigator-link  -->
                </li>
                <li>
                  <a href="#" class="navigator-link " panel-name="chronological-Automation_Test_Suite">
                    <span>Chronological view</span>
                  </a> <!-- navigator-link  -->
                </li>
              </ul>
            </div> <!-- suite-section-content -->
            <div class="result-section">
              <div class="suite-section-title">
                <span>Results</span>
              </div> <!-- suite-section-title -->
              <div class="suite-section-content">
                <ul>
                  <li>
                    <span class="method-stats">42 methods, 7 failed,  1 skipped,  34 passed</span>
                  </li>
                  <li>
                    <span class="method-list-title failed">Failed methods</span>
                    <span class="show-or-hide-methods failed">
                      <a href="#" panel-name="suite-Automation_Test_Suite" class="hide-methods failed suite-Automation_Test_Suite"> (hide)</a> <!-- hide-methods failed suite-Automation_Test_Suite -->
                      <a href="#" panel-name="suite-Automation_Test_Suite" class="show-methods failed suite-Automation_Test_Suite"> (show)</a> <!-- show-methods failed suite-Automation_Test_Suite -->
                    </span>
                    <div class="method-list-content failed suite-Automation_Test_Suite">
                      <span>
                        <img width="3%" src="failed.png"/>
                        <a href="#" class="method navigator-link" panel-name="suite-Automation_Test_Suite" title="com.testcase.ManagerTest" hash-for-method="assignProjectToTranslator">assignProjectToTranslator</a> <!-- method navigator-link -->
                      </span>
                      <br/>
                      <span>
                        <img width="3%" src="failed.png"/>
                        <a href="#" class="method navigator-link" panel-name="suite-Automation_Test_Suite" title="com.testcase.ReviewerTest" hash-for-method="automatedTranslation">automatedTranslation</a> <!-- method navigator-link -->
                      </span>
                      <br/>
                      <span>
                        <img width="3%" src="failed.png"/>
                        <a href="#" class="method navigator-link" panel-name="suite-Automation_Test_Suite" title="com.testcase.ReviewerTest" hash-for-method="doClickOnComplete">doClickOnComplete</a> <!-- method navigator-link -->
                      </span>
                      <br/>
                      <span>
                        <img width="3%" src="failed.png"/>
                        <a href="#" class="method navigator-link" panel-name="suite-Automation_Test_Suite" title="com.testcase.ReviewerTest" hash-for-method="doSelectReviewerProject">doSelectReviewerProject</a> <!-- method navigator-link -->
                      </span>
                      <br/>
                      <span>
                        <img width="3%" src="failed.png"/>
                        <a href="#" class="method navigator-link" panel-name="suite-Automation_Test_Suite" title="com.testcase.TranslatorTest" hash-for-method="doTranslatorLogout">doTranslatorLogout</a> <!-- method navigator-link -->
                      </span>
                      <br/>
                      <span>
                        <img width="3%" src="failed.png"/>
                        <a href="#" class="method navigator-link" panel-name="suite-Automation_Test_Suite" title="com.testcase.ReviewerTest" hash-for-method="doTranslatorLogout">doTranslatorLogout</a> <!-- method navigator-link -->
                      </span>
                      <br/>
                      <span>
                        <img width="3%" src="failed.png"/>
                        <a href="#" class="method navigator-link" panel-name="suite-Automation_Test_Suite" title="com.testcase.ReviewerTest" hash-for-method="reviewerDoLogin">reviewerDoLogin</a> <!-- method navigator-link -->
                      </span>
                      <br/>
                    </div> <!-- method-list-content failed suite-Automation_Test_Suite -->
                  </li>
                  <li>
                    <span class="method-list-title skipped">Skipped methods</span>
                    <span class="show-or-hide-methods skipped">
                      <a href="#" panel-name="suite-Automation_Test_Suite" class="hide-methods skipped suite-Automation_Test_Suite"> (hide)</a> <!-- hide-methods skipped suite-Automation_Test_Suite -->
                      <a href="#" panel-name="suite-Automation_Test_Suite" class="show-methods skipped suite-Automation_Test_Suite"> (show)</a> <!-- show-methods skipped suite-Automation_Test_Suite -->
                    </span>
                    <div class="method-list-content skipped suite-Automation_Test_Suite">
                      <span>
                        <img width="3%" src="skipped.png"/>
                        <a href="#" class="method navigator-link" panel-name="suite-Automation_Test_Suite" title="com.testcase.ReviewerTest" hash-for-method="doClickOnLogo">doClickOnLogo</a> <!-- method navigator-link -->
                      </span>
                      <br/>
                    </div> <!-- method-list-content skipped suite-Automation_Test_Suite -->
                  </li>
                  <li>
                    <span class="method-list-title passed">Passed methods</span>
                    <span class="show-or-hide-methods passed">
                      <a href="#" panel-name="suite-Automation_Test_Suite" class="hide-methods passed suite-Automation_Test_Suite"> (hide)</a> <!-- hide-methods passed suite-Automation_Test_Suite -->
                      <a href="#" panel-name="suite-Automation_Test_Suite" class="show-methods passed suite-Automation_Test_Suite"> (show)</a> <!-- show-methods passed suite-Automation_Test_Suite -->
                    </span>
                    <div class="method-list-content passed suite-Automation_Test_Suite">
                      <span>
                        <img width="3%" src="passed.png"/>
                        <a href="#" class="method navigator-link" panel-name="suite-Automation_Test_Suite" title="com.testcase.TranslatorTest" hash-for-method="automatedTranslation">automatedTranslation</a> <!-- method navigator-link -->
                      </span>
                      <br/>
                      <span>
                        <img width="3%" src="passed.png"/>
                        <a href="#" class="method navigator-link" panel-name="suite-Automation_Test_Suite" title="com.testcase.LoginPageTest" hash-for-method="checkCaseSensitive">checkCaseSensitive</a> <!-- method navigator-link -->
                      </span>
                      <br/>
                      <span>
                        <img width="3%" src="passed.png"/>
                        <a href="#" class="method navigator-link" panel-name="suite-Automation_Test_Suite" title="com.testcase.LoginPageTest" hash-for-method="checkUnicodeTransformationFormat">checkUnicodeTransformationFormat</a> <!-- method navigator-link -->
                      </span>
                      <br/>
                      <span>
                        <img width="3%" src="passed.png"/>
                        <a href="#" class="method navigator-link" panel-name="suite-Automation_Test_Suite" title="com.testcase.ChooseTranslationPlanTest" hash-for-method="choosePlanForTranslation">choosePlanForTranslation</a> <!-- method navigator-link -->
                      </span>
                      <br/>
                      <span>
                        <img width="3%" src="passed.png"/>
                        <a href="#" class="method navigator-link" panel-name="suite-Automation_Test_Suite" title="com.testcase.FileUploadTest" hash-for-method="clickOnAddNewFile">clickOnAddNewFile</a> <!-- method navigator-link -->
                      </span>
                      <br/>
                      <span>
                        <img width="3%" src="passed.png"/>
                        <a href="#" class="method navigator-link" panel-name="suite-Automation_Test_Suite" title="com.testcase.MakeOrderTest" hash-for-method="clientLogout">clientLogout</a> <!-- method navigator-link -->
                      </span>
                      <br/>
                      <span>
                        <img width="3%" src="passed.png"/>
                        <a href="#" class="method navigator-link" panel-name="suite-Automation_Test_Suite" title="com.testcase.ReviewerTest" hash-for-method="doAcceptWord">doAcceptWord</a> <!-- method navigator-link -->
                      </span>
                      <br/>
                      <span>
                        <img width="3%" src="passed.png"/>
                        <a href="#" class="method navigator-link" panel-name="suite-Automation_Test_Suite" title="com.testcase.CreateProjectTest" hash-for-method="doClickOnLetsStartButton">doClickOnLetsStartButton</a> <!-- method navigator-link -->
                      </span>
                      <br/>
                      <span>
                        <img width="3%" src="passed.png"/>
                        <a href="#" class="method navigator-link" panel-name="suite-Automation_Test_Suite" title="com.testcase.TranslatorTest" hash-for-method="doClickOnLogo">doClickOnLogo</a> <!-- method navigator-link -->
                      </span>
                      <br/>
                      <span>
                        <img width="3%" src="passed.png"/>
                        <a href="#" class="method navigator-link" panel-name="suite-Automation_Test_Suite" title="com.testcase.LoginPageTest" hash-for-method="doLogin">doLogin</a> <!-- method navigator-link -->
                      </span>
                      <br/>
                      <span>
                        <img width="3%" src="passed.png"/>
                        <a href="#" class="method navigator-link" panel-name="suite-Automation_Test_Suite" title="com.testcase.ManagerTest" hash-for-method="doManagerLogout">doManagerLogout</a> <!-- method navigator-link -->
                      </span>
                      <br/>
                      <span>
                        <img width="3%" src="passed.png"/>
                        <a href="#" class="method navigator-link" panel-name="suite-Automation_Test_Suite" title="com.testcase.ManagerTest" hash-for-method="doMangerLogin">doMangerLogin</a> <!-- method navigator-link -->
                      </span>
                      <br/>
                      <span>
                        <img width="3%" src="passed.png"/>
                        <a href="#" class="method navigator-link" panel-name="suite-Automation_Test_Suite" title="com.testcase.TranslatorTest" hash-for-method="doSelectTranslatorProject">doSelectTranslatorProject</a> <!-- method navigator-link -->
                      </span>
                      <br/>
                      <span>
                        <img width="3%" src="passed.png"/>
                        <a href="#" class="method navigator-link" panel-name="suite-Automation_Test_Suite" title="com.testcase.MakeOrderTest" hash-for-method="doTheOrder">doTheOrder</a> <!-- method navigator-link -->
                      </span>
                      <br/>
                      <span>
                        <img width="3%" src="passed.png"/>
                        <a href="#" class="method navigator-link" panel-name="suite-Automation_Test_Suite" title="com.testcase.TranslatorTest" hash-for-method="docompleteTranslation">docompleteTranslation</a> <!-- method navigator-link -->
                      </span>
                      <br/>
                      <span>
                        <img width="3%" src="passed.png"/>
                        <a href="#" class="method navigator-link" panel-name="suite-Automation_Test_Suite" title="com.testcase.TranslatorTest" hash-for-method="doselectWordsAndEnterText">doselectWordsAndEnterText</a> <!-- method navigator-link -->
                      </span>
                      <br/>
                      <span>
                        <img width="3%" src="passed.png"/>
                        <a href="#" class="method navigator-link" panel-name="suite-Automation_Test_Suite" title="com.testcase.FileUploadTest" hash-for-method="enterFileLocation">enterFileLocation</a> <!-- method navigator-link -->
                      </span>
                      <br/>
                      <span>
                        <img width="3%" src="passed.png"/>
                        <a href="#" class="method navigator-link" panel-name="suite-Automation_Test_Suite" title="com.testcase.LoginPageTest" hash-for-method="invalidEmail">invalidEmail</a> <!-- method navigator-link -->
                      </span>
                      <br/>
                      <span>
                        <img width="3%" src="passed.png"/>
                        <a href="#" class="method navigator-link" panel-name="suite-Automation_Test_Suite" title="com.testcase.LoginPageTest" hash-for-method="invalidPassword">invalidPassword</a> <!-- method navigator-link -->
                      </span>
                      <br/>
                      <span>
                        <img width="3%" src="passed.png"/>
                        <a href="#" class="method navigator-link" panel-name="suite-Automation_Test_Suite" title="com.testcase.LoginPageTest" hash-for-method="invalidPwdEmail">invalidPwdEmail</a> <!-- method navigator-link -->
                      </span>
                      <br/>
                      <span>
                        <img width="3%" src="passed.png"/>
                        <a href="#" class="method navigator-link" panel-name="suite-Automation_Test_Suite" title="com.testcase.CreateProjectTest" hash-for-method="onlyEnterProjectName">onlyEnterProjectName</a> <!-- method navigator-link -->
                      </span>
                      <br/>
                      <span>
                        <img width="3%" src="passed.png"/>
                        <a href="#" class="method navigator-link" panel-name="suite-Automation_Test_Suite" title="com.testcase.CreateProjectTest" hash-for-method="onlySelectTargetLanguage">onlySelectTargetLanguage</a> <!-- method navigator-link -->
                      </span>
                      <br/>
                      <span>
                        <img width="3%" src="passed.png"/>
                        <a href="#" class="method navigator-link" panel-name="suite-Automation_Test_Suite" title="com.testcase.LoginPageTest" hash-for-method="openBrowser">openBrowser</a> <!-- method navigator-link -->
                      </span>
                      <br/>
                      <span>
                        <img width="3%" src="passed.png"/>
                        <a href="#" class="method navigator-link" panel-name="suite-Automation_Test_Suite" title="com.testcase.CreateProjectTest" hash-for-method="projectType">projectType</a> <!-- method navigator-link -->
                      </span>
                      <br/>
                      <span>
                        <img width="3%" src="passed.png"/>
                        <a href="#" class="method navigator-link" panel-name="suite-Automation_Test_Suite" title="com.testcase.FileUploadTest" hash-for-method="selectFileFormat">selectFileFormat</a> <!-- method navigator-link -->
                      </span>
                      <br/>
                      <span>
                        <img width="3%" src="passed.png"/>
                        <a href="#" class="method navigator-link" panel-name="suite-Automation_Test_Suite" title="com.testcase.ManagerTest" hash-for-method="selectLanguageTranslator">selectLanguageTranslator</a> <!-- method navigator-link -->
                      </span>
                      <br/>
                      <span>
                        <img width="3%" src="passed.png"/>
                        <a href="#" class="method navigator-link" panel-name="suite-Automation_Test_Suite" title="com.testcase.ManagerTest" hash-for-method="selectOrder">selectOrder</a> <!-- method navigator-link -->
                      </span>
                      <br/>
                      <span>
                        <img width="3%" src="passed.png"/>
                        <a href="#" class="method navigator-link" panel-name="suite-Automation_Test_Suite" title="com.testcase.ChooseTranslationPlanTest" hash-for-method="selectTheBestPlan">selectTheBestPlan</a> <!-- method navigator-link -->
                      </span>
                      <br/>
                      <span>
                        <img width="3%" src="passed.png"/>
                        <a href="#" class="method navigator-link" panel-name="suite-Automation_Test_Suite" title="com.testcase.ManagerTest" hash-for-method="selectTheCreatedProject">selectTheCreatedProject</a> <!-- method navigator-link -->
                      </span>
                      <br/>
                      <span>
                        <img width="3%" src="passed.png"/>
                        <a href="#" class="method navigator-link" panel-name="suite-Automation_Test_Suite" title="com.testcase.CreateProjectTest" hash-for-method="startProject">startProject</a> <!-- method navigator-link -->
                      </span>
                      <br/>
                      <span>
                        <img width="3%" src="passed.png"/>
                        <a href="#" class="method navigator-link" panel-name="suite-Automation_Test_Suite" title="com.testcase.CreateProjectTest" hash-for-method="targetLanguage">targetLanguage</a> <!-- method navigator-link -->
                      </span>
                      <br/>
                      <span>
                        <img width="3%" src="passed.png"/>
                        <a href="#" class="method navigator-link" panel-name="suite-Automation_Test_Suite" title="com.testcase.TranslatorTest" hash-for-method="translatorDoLogin">translatorDoLogin</a> <!-- method navigator-link -->
                      </span>
                      <br/>
                      <span>
                        <img width="3%" src="passed.png"/>
                        <a href="#" class="method navigator-link" panel-name="suite-Automation_Test_Suite" title="com.testcase.CreateProjectTest" hash-for-method="typeProjectName">typeProjectName</a> <!-- method navigator-link -->
                      </span>
                      <br/>
                      <span>
                        <img width="3%" src="passed.png"/>
                        <a href="#" class="method navigator-link" panel-name="suite-Automation_Test_Suite" title="com.testcase.CreateProjectTest" hash-for-method="withOutSelectAllOptions">withOutSelectAllOptions</a> <!-- method navigator-link -->
                      </span>
                      <br/>
                    </div> <!-- method-list-content passed suite-Automation_Test_Suite -->
                  </li>
                </ul>
              </div> <!-- suite-section-content -->
            </div> <!-- result-section -->
          </div> <!-- navigator-suite-content -->
        </div> <!-- rounded-window -->
      </div> <!-- suite -->
    </div> <!-- navigator-root -->
    <div class="wrapper">
      <div class="main-panel-root">
        <div panel-name="suite-Automation_Test_Suite" class="panel Automation_Test_Suite">
          <div class="suite-Automation_Test_Suite-class-failed">
            <div class="main-panel-header rounded-window-top">
              <img src="failed.png"/>
              <span class="class-name">com.testcase.ReviewerTest</span>
            </div> <!-- main-panel-header rounded-window-top -->
            <div class="main-panel-content rounded-window-bottom">
              <div class="method">
                <div class="method-content">
                  <a name="automatedTranslation">
                  </a> <!-- automatedTranslation -->
                  <span class="method-name">automatedTranslation</span>
                  <div class="stack-trace">org.openqa.selenium.NoSuchElementException: no such element: Unable to locate element: {&quot;method&quot;:&quot;xpath&quot;,&quot;selector&quot;:&quot;//div[@class=&apos;col-md-7 right-controls text-right p-t-0&apos;]/button[2]&quot;}
  (Session info: chrome=63.0.3239.132)
  (Driver info: chromedriver=2.34.522913 (36222509aa6e819815938cbf2709b4849735537c),platform=Linux 4.4.0-119-generic x86_64) (WARNING: The server did not provide any stacktrace information)
Command duration or timeout: 0 milliseconds
For documentation on this error, please visit: http://seleniumhq.org/exceptions/no_such_element.html
Build info: version: &apos;3.8.1&apos;, revision: &apos;6e95a6684b&apos;, time: &apos;2017-12-01T18:33:54.468Z&apos;
System info: host: &apos;fourtek-desktop&apos;, ip: &apos;127.0.1.1&apos;, os.name: &apos;Linux&apos;, os.arch: &apos;amd64&apos;, os.version: &apos;4.4.0-119-generic&apos;, java.version: &apos;1.8.0_161&apos;
Driver info: org.openqa.selenium.chrome.ChromeDriver
Capabilities {acceptSslCerts: true, applicationCacheEnabled: false, browserConnectionEnabled: false, browserName: chrome, chrome: {chromedriverVersion: 2.34.522913 (36222509aa6e81..., userDataDir: /tmp/.org.chromium.Chromium...}, cssSelectorsEnabled: true, databaseEnabled: false, handlesAlerts: true, hasTouchScreen: false, javascriptEnabled: true, locationContextEnabled: true, mobileEmulationEnabled: false, nativeEvents: true, networkConnectionEnabled: false, pageLoadStrategy: normal, platform: LINUX, platformName: LINUX, rotatable: false, setWindowRect: true, takesHeapSnapshot: true, takesScreenshot: true, unexpectedAlertBehaviour: , unhandledPromptBehavior: , version: 63.0.3239.132, webStorageEnabled: true}
Session ID: 4155407a77a755788d0d37236d078ce3
*** Element info: {Using=xpath, value=//div[@class=&apos;col-md-7 right-controls text-right p-t-0&apos;]/button[2]}
	at org.openqa.selenium.remote.ErrorHandler.createThrowable(ErrorHandler.java:214)
	at org.openqa.selenium.remote.ErrorHandler.throwIfResponseFailed(ErrorHandler.java:166)
	at org.openqa.selenium.remote.http.JsonHttpResponseCodec.reconstructValue(JsonHttpResponseCodec.java:40)
	at org.openqa.selenium.remote.http.AbstractHttpResponseCodec.decode(AbstractHttpResponseCodec.java:80)
	at org.openqa.selenium.remote.http.AbstractHttpResponseCodec.decode(AbstractHttpResponseCodec.java:44)
	at org.openqa.selenium.remote.HttpCommandExecutor.execute(HttpCommandExecutor.java:164)
	at org.openqa.selenium.remote.service.DriverCommandExecutor.execute(DriverCommandExecutor.java:83)
	at org.openqa.selenium.remote.RemoteWebDriver.execute(RemoteWebDriver.java:601)
	at org.openqa.selenium.remote.RemoteWebDriver.findElement(RemoteWebDriver.java:371)
	at org.openqa.selenium.remote.RemoteWebDriver.findElementByXPath(RemoteWebDriver.java:473)
	at org.openqa.selenium.By$ByXPath.findElement(By.java:361)
	at org.openqa.selenium.remote.RemoteWebDriver.findElement(RemoteWebDriver.java:363)
	at org.openqa.selenium.support.events.EventFiringWebDriver$2.invoke(EventFiringWebDriver.java:108)
	at com.sun.proxy.$Proxy6.findElement(Unknown Source)
	at org.openqa.selenium.support.events.EventFiringWebDriver.findElement(EventFiringWebDriver.java:192)
	at org.openqa.selenium.support.pagefactory.DefaultElementLocator.findElement(DefaultElementLocator.java:69)
	at org.openqa.selenium.support.pagefactory.internal.LocatingElementHandler.invoke(LocatingElementHandler.java:38)
	at com.sun.proxy.$Proxy10.getText(Unknown Source)
	at com.pages.product.Reviewer.validAutomatedUpDown(Reviewer.java:133)
	at com.testcase.ReviewerTest.automatedTranslation(ReviewerTest.java:33)
... Removed 32 stack frames
</div> <!-- stack-trace -->
                </div> <!-- method-content -->
              </div> <!-- method -->
              <div class="method">
                <div class="method-content">
                  <a name="doClickOnComplete">
                  </a> <!-- doClickOnComplete -->
                  <span class="method-name">doClickOnComplete</span>
                  <div class="stack-trace">java.lang.NullPointerException
	at org.openqa.selenium.support.events.EventFiringWebDriver.extractInterfaces(EventFiringWebDriver.java:124)
	at org.openqa.selenium.support.events.EventFiringWebDriver.access$500(EventFiringWebDriver.java:69)
	at org.openqa.selenium.support.events.EventFiringWebDriver$EventFiringWebElement.&lt;init&gt;(EventFiringWebDriver.java:368)
	at org.openqa.selenium.support.events.EventFiringWebDriver$EventFiringWebElement.&lt;init&gt;(EventFiringWebDriver.java:360)
	at org.openqa.selenium.support.events.EventFiringWebDriver.createWebElement(EventFiringWebDriver.java:311)
	at org.openqa.selenium.support.events.EventFiringWebDriver.findElement(EventFiringWebDriver.java:194)
	at org.openqa.selenium.support.pagefactory.DefaultElementLocator.findElement(DefaultElementLocator.java:69)
	at org.openqa.selenium.support.pagefactory.internal.LocatingElementHandler.invoke(LocatingElementHandler.java:38)
	at com.sun.proxy.$Proxy10.isDisplayed(Unknown Source)
	at org.openqa.selenium.support.ui.ExpectedConditions.elementIfVisible(ExpectedConditions.java:301)
	at org.openqa.selenium.support.ui.ExpectedConditions.access$100(ExpectedConditions.java:43)
	at org.openqa.selenium.support.ui.ExpectedConditions$10.apply(ExpectedConditions.java:287)
	at org.openqa.selenium.support.ui.ExpectedConditions$10.apply(ExpectedConditions.java:284)
	at org.openqa.selenium.support.ui.FluentWait.until(FluentWait.java:208)
	at com.main.product.Base_Test.waitForElement(Base_Test.java:132)
	at com.pages.product.Reviewer.completeReviewer(Reviewer.java:104)
	at com.testcase.ReviewerTest.doClickOnComplete(ReviewerTest.java:45)
... Removed 25 stack frames
</div> <!-- stack-trace -->
                </div> <!-- method-content -->
              </div> <!-- method -->
              <div class="method">
                <div class="method-content">
                  <a name="doSelectReviewerProject">
                  </a> <!-- doSelectReviewerProject -->
                  <span class="method-name">doSelectReviewerProject</span>
                  <div class="stack-trace">org.openqa.selenium.WebDriverException: unknown error: Element &lt;a href=&quot;http://staging.devnagri.com/projects/a91743d8-43b9-11e8-a271-6e26eec2eced/translate/M93Y3LP&quot;&gt;...&lt;/a&gt; is not clickable at point (1127, 614). Other element would receive the click: &lt;select class=&quot;phpdebugbar-datasets-switcher&quot; style=&quot;display: inline-block;&quot;&gt;...&lt;/select&gt;
  (Session info: chrome=63.0.3239.132)
  (Driver info: chromedriver=2.34.522913 (36222509aa6e819815938cbf2709b4849735537c),platform=Linux 4.4.0-119-generic x86_64) (WARNING: The server did not provide any stacktrace information)
Command duration or timeout: 0 milliseconds
Build info: version: &apos;3.8.1&apos;, revision: &apos;6e95a6684b&apos;, time: &apos;2017-12-01T18:33:54.468Z&apos;
System info: host: &apos;fourtek-desktop&apos;, ip: &apos;127.0.1.1&apos;, os.name: &apos;Linux&apos;, os.arch: &apos;amd64&apos;, os.version: &apos;4.4.0-119-generic&apos;, java.version: &apos;1.8.0_161&apos;
Driver info: org.openqa.selenium.chrome.ChromeDriver
Capabilities {acceptSslCerts: true, applicationCacheEnabled: false, browserConnectionEnabled: false, browserName: chrome, chrome: {chromedriverVersion: 2.34.522913 (36222509aa6e81..., userDataDir: /tmp/.org.chromium.Chromium...}, cssSelectorsEnabled: true, databaseEnabled: false, handlesAlerts: true, hasTouchScreen: false, javascriptEnabled: true, locationContextEnabled: true, mobileEmulationEnabled: false, nativeEvents: true, networkConnectionEnabled: false, pageLoadStrategy: normal, platform: LINUX, platformName: LINUX, rotatable: false, setWindowRect: true, takesHeapSnapshot: true, takesScreenshot: true, unexpectedAlertBehaviour: , unhandledPromptBehavior: , version: 63.0.3239.132, webStorageEnabled: true}
Session ID: 4155407a77a755788d0d37236d078ce3
	at org.openqa.selenium.remote.ErrorHandler.createThrowable(ErrorHandler.java:214)
	at org.openqa.selenium.remote.ErrorHandler.throwIfResponseFailed(ErrorHandler.java:166)
	at org.openqa.selenium.remote.http.JsonHttpResponseCodec.reconstructValue(JsonHttpResponseCodec.java:40)
	at org.openqa.selenium.remote.http.AbstractHttpResponseCodec.decode(AbstractHttpResponseCodec.java:80)
	at org.openqa.selenium.remote.http.AbstractHttpResponseCodec.decode(AbstractHttpResponseCodec.java:44)
	at org.openqa.selenium.remote.HttpCommandExecutor.execute(HttpCommandExecutor.java:164)
	at org.openqa.selenium.remote.service.DriverCommandExecutor.execute(DriverCommandExecutor.java:83)
	at org.openqa.selenium.remote.RemoteWebDriver.execute(RemoteWebDriver.java:601)
	at org.openqa.selenium.remote.RemoteWebElement.execute(RemoteWebElement.java:279)
	at org.openqa.selenium.remote.RemoteWebElement.click(RemoteWebElement.java:83)
	at org.openqa.selenium.support.events.EventFiringWebDriver$EventFiringWebElement$1.invoke(EventFiringWebDriver.java:375)
	at com.sun.proxy.$Proxy11.click(Unknown Source)
	at org.openqa.selenium.support.events.EventFiringWebDriver$EventFiringWebElement.click(EventFiringWebDriver.java:388)
	at org.openqa.selenium.support.pagefactory.internal.LocatingElementHandler.invoke(LocatingElementHandler.java:51)
	at com.sun.proxy.$Proxy10.click(Unknown Source)
	at com.pages.product.Reviewer.assignProject(Reviewer.java:77)
	at com.testcase.ReviewerTest.doSelectReviewerProject(ReviewerTest.java:25)
... Removed 35 stack frames
</div> <!-- stack-trace -->
                </div> <!-- method-content -->
              </div> <!-- method -->
              <div class="method">
                <div class="method-content">
                  <a name="doTranslatorLogout">
                  </a> <!-- doTranslatorLogout -->
                  <span class="method-name">doTranslatorLogout</span>
                  <div class="stack-trace">org.openqa.selenium.NoSuchWindowException: no such window: target window already closed
from unknown error: web view not found
  (Session info: chrome=63.0.3239.132)
  (Driver info: chromedriver=2.34.522913 (36222509aa6e819815938cbf2709b4849735537c),platform=Linux 4.4.0-119-generic x86_64) (WARNING: The server did not provide any stacktrace information)
Command duration or timeout: 0 milliseconds
Build info: version: &apos;3.8.1&apos;, revision: &apos;6e95a6684b&apos;, time: &apos;2017-12-01T18:33:54.468Z&apos;
System info: host: &apos;fourtek-desktop&apos;, ip: &apos;127.0.1.1&apos;, os.name: &apos;Linux&apos;, os.arch: &apos;amd64&apos;, os.version: &apos;4.4.0-119-generic&apos;, java.version: &apos;1.8.0_161&apos;
Driver info: org.openqa.selenium.chrome.ChromeDriver
Capabilities {acceptSslCerts: true, applicationCacheEnabled: false, browserConnectionEnabled: false, browserName: chrome, chrome: {chromedriverVersion: 2.34.522913 (36222509aa6e81..., userDataDir: /tmp/.org.chromium.Chromium...}, cssSelectorsEnabled: true, databaseEnabled: false, handlesAlerts: true, hasTouchScreen: false, javascriptEnabled: true, locationContextEnabled: true, mobileEmulationEnabled: false, nativeEvents: true, networkConnectionEnabled: false, pageLoadStrategy: normal, platform: LINUX, platformName: LINUX, rotatable: false, setWindowRect: true, takesHeapSnapshot: true, takesScreenshot: true, unexpectedAlertBehaviour: , unhandledPromptBehavior: , version: 63.0.3239.132, webStorageEnabled: true}
Session ID: 4155407a77a755788d0d37236d078ce3
*** Element info: {Using=xpath, value=//ul[@class=&apos;navbar-nav my-lg-0&apos;]/child::li[4]/a[1]}
	at org.openqa.selenium.remote.ErrorHandler.createThrowable(ErrorHandler.java:214)
	at org.openqa.selenium.remote.ErrorHandler.throwIfResponseFailed(ErrorHandler.java:166)
	at org.openqa.selenium.remote.http.JsonHttpResponseCodec.reconstructValue(JsonHttpResponseCodec.java:40)
	at org.openqa.selenium.remote.http.AbstractHttpResponseCodec.decode(AbstractHttpResponseCodec.java:80)
	at org.openqa.selenium.remote.http.AbstractHttpResponseCodec.decode(AbstractHttpResponseCodec.java:44)
	at org.openqa.selenium.remote.HttpCommandExecutor.execute(HttpCommandExecutor.java:164)
	at org.openqa.selenium.remote.service.DriverCommandExecutor.execute(DriverCommandExecutor.java:83)
	at org.openqa.selenium.remote.RemoteWebDriver.execute(RemoteWebDriver.java:601)
	at org.openqa.selenium.remote.RemoteWebDriver.findElement(RemoteWebDriver.java:371)
	at org.openqa.selenium.remote.RemoteWebDriver.findElementByXPath(RemoteWebDriver.java:473)
	at org.openqa.selenium.By$ByXPath.findElement(By.java:361)
	at org.openqa.selenium.remote.RemoteWebDriver.findElement(RemoteWebDriver.java:363)
	at org.openqa.selenium.support.events.EventFiringWebDriver$2.invoke(EventFiringWebDriver.java:108)
	at com.sun.proxy.$Proxy6.findElement(Unknown Source)
	at org.openqa.selenium.support.events.EventFiringWebDriver.findElement(EventFiringWebDriver.java:192)
	at org.openqa.selenium.support.pagefactory.DefaultElementLocator.findElement(DefaultElementLocator.java:69)
	at org.openqa.selenium.support.pagefactory.internal.LocatingElementHandler.invoke(LocatingElementHandler.java:38)
	at com.sun.proxy.$Proxy10.click(Unknown Source)
	at com.pages.product.Reviewer.reviewerLogout(Reviewer.java:116)
	at com.testcase.ReviewerTest.doTranslatorLogout(ReviewerTest.java:57)
... Removed 32 stack frames
</div> <!-- stack-trace -->
                </div> <!-- method-content -->
              </div> <!-- method -->
              <div class="method">
                <div class="method-content">
                  <a name="reviewerDoLogin">
                  </a> <!-- reviewerDoLogin -->
                  <span class="method-name">reviewerDoLogin</span>
                  <div class="stack-trace">org.openqa.selenium.NoSuchElementException: no such element: Unable to locate element: {&quot;method&quot;:&quot;xpath&quot;,&quot;selector&quot;:&quot;//form[@id=&apos;loginform&apos;]/div[1]/div[1]/input[1]&quot;}
  (Session info: chrome=63.0.3239.132)
  (Driver info: chromedriver=2.34.522913 (36222509aa6e819815938cbf2709b4849735537c),platform=Linux 4.4.0-119-generic x86_64) (WARNING: The server did not provide any stacktrace information)
Command duration or timeout: 0 milliseconds
For documentation on this error, please visit: http://seleniumhq.org/exceptions/no_such_element.html
Build info: version: &apos;3.8.1&apos;, revision: &apos;6e95a6684b&apos;, time: &apos;2017-12-01T18:33:54.468Z&apos;
System info: host: &apos;fourtek-desktop&apos;, ip: &apos;127.0.1.1&apos;, os.name: &apos;Linux&apos;, os.arch: &apos;amd64&apos;, os.version: &apos;4.4.0-119-generic&apos;, java.version: &apos;1.8.0_161&apos;
Driver info: org.openqa.selenium.chrome.ChromeDriver
Capabilities {acceptSslCerts: true, applicationCacheEnabled: false, browserConnectionEnabled: false, browserName: chrome, chrome: {chromedriverVersion: 2.34.522913 (36222509aa6e81..., userDataDir: /tmp/.org.chromium.Chromium...}, cssSelectorsEnabled: true, databaseEnabled: false, handlesAlerts: true, hasTouchScreen: false, javascriptEnabled: true, locationContextEnabled: true, mobileEmulationEnabled: false, nativeEvents: true, networkConnectionEnabled: false, pageLoadStrategy: normal, platform: LINUX, platformName: LINUX, rotatable: false, setWindowRect: true, takesHeapSnapshot: true, takesScreenshot: true, unexpectedAlertBehaviour: , unhandledPromptBehavior: , version: 63.0.3239.132, webStorageEnabled: true}
Session ID: 4155407a77a755788d0d37236d078ce3
*** Element info: {Using=xpath, value=//form[@id=&apos;loginform&apos;]/div[1]/div[1]/input[1]}
	at org.openqa.selenium.remote.ErrorHandler.createThrowable(ErrorHandler.java:214)
	at org.openqa.selenium.remote.ErrorHandler.throwIfResponseFailed(ErrorHandler.java:166)
	at org.openqa.selenium.remote.http.JsonHttpResponseCodec.reconstructValue(JsonHttpResponseCodec.java:40)
	at org.openqa.selenium.remote.http.AbstractHttpResponseCodec.decode(AbstractHttpResponseCodec.java:80)
	at org.openqa.selenium.remote.http.AbstractHttpResponseCodec.decode(AbstractHttpResponseCodec.java:44)
	at org.openqa.selenium.remote.HttpCommandExecutor.execute(HttpCommandExecutor.java:164)
	at org.openqa.selenium.remote.service.DriverCommandExecutor.execute(DriverCommandExecutor.java:83)
	at org.openqa.selenium.remote.RemoteWebDriver.execute(RemoteWebDriver.java:601)
	at org.openqa.selenium.remote.RemoteWebDriver.findElement(RemoteWebDriver.java:371)
	at org.openqa.selenium.remote.RemoteWebDriver.findElementByXPath(RemoteWebDriver.java:473)
	at org.openqa.selenium.By$ByXPath.findElement(By.java:361)
	at org.openqa.selenium.remote.RemoteWebDriver.findElement(RemoteWebDriver.java:363)
	at org.openqa.selenium.support.events.EventFiringWebDriver$2.invoke(EventFiringWebDriver.java:108)
	at com.sun.proxy.$Proxy6.findElement(Unknown Source)
	at org.openqa.selenium.support.events.EventFiringWebDriver.findElement(EventFiringWebDriver.java:192)
	at org.openqa.selenium.support.pagefactory.DefaultElementLocator.findElement(DefaultElementLocator.java:69)
	at org.openqa.selenium.support.pagefactory.internal.LocatingElementHandler.invoke(LocatingElementHandler.java:38)
	at com.sun.proxy.$Proxy10.clear(Unknown Source)
	at com.pages.product.Reviewer.login(Reviewer.java:68)
	at com.testcase.ReviewerTest.reviewerDoLogin(ReviewerTest.java:17)
... Removed 32 stack frames
</div> <!-- stack-trace -->
                </div> <!-- method-content -->
              </div> <!-- method -->
            </div> <!-- main-panel-content rounded-window-bottom -->
          </div> <!-- suite-Automation_Test_Suite-class-failed -->
          <div class="suite-Automation_Test_Suite-class-failed">
            <div class="main-panel-header rounded-window-top">
              <img src="failed.png"/>
              <span class="class-name">com.testcase.ManagerTest</span>
            </div> <!-- main-panel-header rounded-window-top -->
            <div class="main-panel-content rounded-window-bottom">
              <div class="method">
                <div class="method-content">
                  <a name="assignProjectToTranslator">
                  </a> <!-- assignProjectToTranslator -->
                  <span class="method-name">assignProjectToTranslator</span>
                  <div class="stack-trace">java.lang.AssertionError: expected [Successfully assigned!] but found [Ã—
Successfully assigned!]
	at com.testcase.ManagerTest.assignProjectToTranslator(ManagerTest.java:47)
... Removed 31 stack frames
</div> <!-- stack-trace -->
                </div> <!-- method-content -->
              </div> <!-- method -->
            </div> <!-- main-panel-content rounded-window-bottom -->
          </div> <!-- suite-Automation_Test_Suite-class-failed -->
          <div class="suite-Automation_Test_Suite-class-failed">
            <div class="main-panel-header rounded-window-top">
              <img src="failed.png"/>
              <span class="class-name">com.testcase.TranslatorTest</span>
            </div> <!-- main-panel-header rounded-window-top -->
            <div class="main-panel-content rounded-window-bottom">
              <div class="method">
                <div class="method-content">
                  <a name="doTranslatorLogout">
                  </a> <!-- doTranslatorLogout -->
                  <span class="method-name">doTranslatorLogout</span>
                  <div class="stack-trace">org.openqa.selenium.WebDriverException: unknown error: Element &lt;a href=&quot;&quot; data-toggle=&quot;dropdown&quot; aria-haspopup=&quot;true&quot; aria-expanded=&quot;false&quot; class=&quot;header-link dropdown-toggle&quot;&gt;...&lt;/a&gt; is not clickable at point (1254, 27). Other element would receive the click: &lt;div class=&quot;preloader&quot; style=&quot;opacity: 6.16838e-05;&quot;&gt;...&lt;/div&gt;
  (Session info: chrome=63.0.3239.132)
  (Driver info: chromedriver=2.34.522913 (36222509aa6e819815938cbf2709b4849735537c),platform=Linux 4.4.0-119-generic x86_64) (WARNING: The server did not provide any stacktrace information)
Command duration or timeout: 0 milliseconds
Build info: version: &apos;3.8.1&apos;, revision: &apos;6e95a6684b&apos;, time: &apos;2017-12-01T18:33:54.468Z&apos;
System info: host: &apos;fourtek-desktop&apos;, ip: &apos;127.0.1.1&apos;, os.name: &apos;Linux&apos;, os.arch: &apos;amd64&apos;, os.version: &apos;4.4.0-119-generic&apos;, java.version: &apos;1.8.0_161&apos;
Driver info: org.openqa.selenium.chrome.ChromeDriver
Capabilities {acceptSslCerts: true, applicationCacheEnabled: false, browserConnectionEnabled: false, browserName: chrome, chrome: {chromedriverVersion: 2.34.522913 (36222509aa6e81..., userDataDir: /tmp/.org.chromium.Chromium...}, cssSelectorsEnabled: true, databaseEnabled: false, handlesAlerts: true, hasTouchScreen: false, javascriptEnabled: true, locationContextEnabled: true, mobileEmulationEnabled: false, nativeEvents: true, networkConnectionEnabled: false, pageLoadStrategy: normal, platform: LINUX, platformName: LINUX, rotatable: false, setWindowRect: true, takesHeapSnapshot: true, takesScreenshot: true, unexpectedAlertBehaviour: , unhandledPromptBehavior: , version: 63.0.3239.132, webStorageEnabled: true}
Session ID: 4155407a77a755788d0d37236d078ce3
	at org.openqa.selenium.remote.ErrorHandler.createThrowable(ErrorHandler.java:214)
	at org.openqa.selenium.remote.ErrorHandler.throwIfResponseFailed(ErrorHandler.java:166)
	at org.openqa.selenium.remote.http.JsonHttpResponseCodec.reconstructValue(JsonHttpResponseCodec.java:40)
	at org.openqa.selenium.remote.http.AbstractHttpResponseCodec.decode(AbstractHttpResponseCodec.java:80)
	at org.openqa.selenium.remote.http.AbstractHttpResponseCodec.decode(AbstractHttpResponseCodec.java:44)
	at org.openqa.selenium.remote.HttpCommandExecutor.execute(HttpCommandExecutor.java:164)
	at org.openqa.selenium.remote.service.DriverCommandExecutor.execute(DriverCommandExecutor.java:83)
	at org.openqa.selenium.remote.RemoteWebDriver.execute(RemoteWebDriver.java:601)
	at org.openqa.selenium.remote.RemoteWebElement.execute(RemoteWebElement.java:279)
	at org.openqa.selenium.remote.RemoteWebElement.click(RemoteWebElement.java:83)
	at org.openqa.selenium.support.events.EventFiringWebDriver$EventFiringWebElement$1.invoke(EventFiringWebDriver.java:375)
	at com.sun.proxy.$Proxy11.click(Unknown Source)
	at org.openqa.selenium.support.events.EventFiringWebDriver$EventFiringWebElement.click(EventFiringWebDriver.java:388)
	at org.openqa.selenium.support.pagefactory.internal.LocatingElementHandler.invoke(LocatingElementHandler.java:51)
	at com.sun.proxy.$Proxy10.click(Unknown Source)
	at com.pages.product.Translator.translatorLogout(Translator.java:144)
	at com.testcase.TranslatorTest.doTranslatorLogout(TranslatorTest.java:56)
... Removed 35 stack frames
</div> <!-- stack-trace -->
                </div> <!-- method-content -->
              </div> <!-- method -->
            </div> <!-- main-panel-content rounded-window-bottom -->
          </div> <!-- suite-Automation_Test_Suite-class-failed -->
          <div class="suite-Automation_Test_Suite-class-skipped">
            <div class="main-panel-header rounded-window-top">
              <img src="skipped.png"/>
              <span class="class-name">com.testcase.ReviewerTest</span>
            </div> <!-- main-panel-header rounded-window-top -->
            <div class="main-panel-content rounded-window-bottom">
              <div class="method">
                <div class="method-content">
                  <a name="doClickOnLogo">
                  </a> <!-- doClickOnLogo -->
                  <span class="method-name">doClickOnLogo</span>
                  <div class="stack-trace">java.lang.Throwable: Method ReviewerTest.doClickOnLogo()[pri:6, instance:com.testcase.ReviewerTest@6d7b4f4c] depends on not successfully finished methods
... Removed 18 stack frames
</div> <!-- stack-trace -->
                </div> <!-- method-content -->
              </div> <!-- method -->
            </div> <!-- main-panel-content rounded-window-bottom -->
          </div> <!-- suite-Automation_Test_Suite-class-skipped -->
          <div class="suite-Automation_Test_Suite-class-passed">
            <div class="main-panel-header rounded-window-top">
              <img src="passed.png"/>
              <span class="class-name">com.testcase.LoginPageTest</span>
            </div> <!-- main-panel-header rounded-window-top -->
            <div class="main-panel-content rounded-window-bottom">
              <div class="method">
                <div class="method-content">
                  <a name="checkCaseSensitive">
                  </a> <!-- checkCaseSensitive -->
                  <span class="method-name">checkCaseSensitive</span>
                </div> <!-- method-content -->
              </div> <!-- method -->
              <div class="method">
                <div class="method-content">
                  <a name="checkUnicodeTransformationFormat">
                  </a> <!-- checkUnicodeTransformationFormat -->
                  <span class="method-name">checkUnicodeTransformationFormat</span>
                </div> <!-- method-content -->
              </div> <!-- method -->
              <div class="method">
                <div class="method-content">
                  <a name="doLogin">
                  </a> <!-- doLogin -->
                  <span class="method-name">doLogin</span>
                </div> <!-- method-content -->
              </div> <!-- method -->
              <div class="method">
                <div class="method-content">
                  <a name="invalidEmail">
                  </a> <!-- invalidEmail -->
                  <span class="method-name">invalidEmail</span>
                </div> <!-- method-content -->
              </div> <!-- method -->
              <div class="method">
                <div class="method-content">
                  <a name="invalidPassword">
                  </a> <!-- invalidPassword -->
                  <span class="method-name">invalidPassword</span>
                </div> <!-- method-content -->
              </div> <!-- method -->
              <div class="method">
                <div class="method-content">
                  <a name="invalidPwdEmail">
                  </a> <!-- invalidPwdEmail -->
                  <span class="method-name">invalidPwdEmail</span>
                </div> <!-- method-content -->
              </div> <!-- method -->
              <div class="method">
                <div class="method-content">
                  <a name="openBrowser">
                  </a> <!-- openBrowser -->
                  <span class="method-name">openBrowser</span>
                </div> <!-- method-content -->
              </div> <!-- method -->
            </div> <!-- main-panel-content rounded-window-bottom -->
          </div> <!-- suite-Automation_Test_Suite-class-passed -->
          <div class="suite-Automation_Test_Suite-class-passed">
            <div class="main-panel-header rounded-window-top">
              <img src="passed.png"/>
              <span class="class-name">com.testcase.MakeOrderTest</span>
            </div> <!-- main-panel-header rounded-window-top -->
            <div class="main-panel-content rounded-window-bottom">
              <div class="method">
                <div class="method-content">
                  <a name="clientLogout">
                  </a> <!-- clientLogout -->
                  <span class="method-name">clientLogout</span>
                </div> <!-- method-content -->
              </div> <!-- method -->
              <div class="method">
                <div class="method-content">
                  <a name="doTheOrder">
                  </a> <!-- doTheOrder -->
                  <span class="method-name">doTheOrder</span>
                </div> <!-- method-content -->
              </div> <!-- method -->
            </div> <!-- main-panel-content rounded-window-bottom -->
          </div> <!-- suite-Automation_Test_Suite-class-passed -->
          <div class="suite-Automation_Test_Suite-class-passed">
            <div class="main-panel-header rounded-window-top">
              <img src="passed.png"/>
              <span class="class-name">com.testcase.ReviewerTest</span>
            </div> <!-- main-panel-header rounded-window-top -->
            <div class="main-panel-content rounded-window-bottom">
              <div class="method">
                <div class="method-content">
                  <a name="doAcceptWord">
                  </a> <!-- doAcceptWord -->
                  <span class="method-name">doAcceptWord</span>
                </div> <!-- method-content -->
              </div> <!-- method -->
            </div> <!-- main-panel-content rounded-window-bottom -->
          </div> <!-- suite-Automation_Test_Suite-class-passed -->
          <div class="suite-Automation_Test_Suite-class-passed">
            <div class="main-panel-header rounded-window-top">
              <img src="passed.png"/>
              <span class="class-name">com.testcase.FileUploadTest</span>
            </div> <!-- main-panel-header rounded-window-top -->
            <div class="main-panel-content rounded-window-bottom">
              <div class="method">
                <div class="method-content">
                  <a name="clickOnAddNewFile">
                  </a> <!-- clickOnAddNewFile -->
                  <span class="method-name">clickOnAddNewFile</span>
                </div> <!-- method-content -->
              </div> <!-- method -->
              <div class="method">
                <div class="method-content">
                  <a name="enterFileLocation">
                  </a> <!-- enterFileLocation -->
                  <span class="method-name">enterFileLocation</span>
                </div> <!-- method-content -->
              </div> <!-- method -->
              <div class="method">
                <div class="method-content">
                  <a name="selectFileFormat">
                  </a> <!-- selectFileFormat -->
                  <span class="method-name">selectFileFormat</span>
                </div> <!-- method-content -->
              </div> <!-- method -->
            </div> <!-- main-panel-content rounded-window-bottom -->
          </div> <!-- suite-Automation_Test_Suite-class-passed -->
          <div class="suite-Automation_Test_Suite-class-passed">
            <div class="main-panel-header rounded-window-top">
              <img src="passed.png"/>
              <span class="class-name">com.testcase.ChooseTranslationPlanTest</span>
            </div> <!-- main-panel-header rounded-window-top -->
            <div class="main-panel-content rounded-window-bottom">
              <div class="method">
                <div class="method-content">
                  <a name="choosePlanForTranslation">
                  </a> <!-- choosePlanForTranslation -->
                  <span class="method-name">choosePlanForTranslation</span>
                </div> <!-- method-content -->
              </div> <!-- method -->
              <div class="method">
                <div class="method-content">
                  <a name="selectTheBestPlan">
                  </a> <!-- selectTheBestPlan -->
                  <span class="method-name">selectTheBestPlan</span>
                </div> <!-- method-content -->
              </div> <!-- method -->
            </div> <!-- main-panel-content rounded-window-bottom -->
          </div> <!-- suite-Automation_Test_Suite-class-passed -->
          <div class="suite-Automation_Test_Suite-class-passed">
            <div class="main-panel-header rounded-window-top">
              <img src="passed.png"/>
              <span class="class-name">com.testcase.ManagerTest</span>
            </div> <!-- main-panel-header rounded-window-top -->
            <div class="main-panel-content rounded-window-bottom">
              <div class="method">
                <div class="method-content">
                  <a name="doManagerLogout">
                  </a> <!-- doManagerLogout -->
                  <span class="method-name">doManagerLogout</span>
                </div> <!-- method-content -->
              </div> <!-- method -->
              <div class="method">
                <div class="method-content">
                  <a name="doMangerLogin">
                  </a> <!-- doMangerLogin -->
                  <span class="method-name">doMangerLogin</span>
                </div> <!-- method-content -->
              </div> <!-- method -->
              <div class="method">
                <div class="method-content">
                  <a name="selectLanguageTranslator">
                  </a> <!-- selectLanguageTranslator -->
                  <span class="method-name">selectLanguageTranslator</span>
                </div> <!-- method-content -->
              </div> <!-- method -->
              <div class="method">
                <div class="method-content">
                  <a name="selectOrder">
                  </a> <!-- selectOrder -->
                  <span class="method-name">selectOrder</span>
                </div> <!-- method-content -->
              </div> <!-- method -->
              <div class="method">
                <div class="method-content">
                  <a name="selectTheCreatedProject">
                  </a> <!-- selectTheCreatedProject -->
                  <span class="method-name">selectTheCreatedProject</span>
                </div> <!-- method-content -->
              </div> <!-- method -->
            </div> <!-- main-panel-content rounded-window-bottom -->
          </div> <!-- suite-Automation_Test_Suite-class-passed -->
          <div class="suite-Automation_Test_Suite-class-passed">
            <div class="main-panel-header rounded-window-top">
              <img src="passed.png"/>
              <span class="class-name">com.testcase.TranslatorTest</span>
            </div> <!-- main-panel-header rounded-window-top -->
            <div class="main-panel-content rounded-window-bottom">
              <div class="method">
                <div class="method-content">
                  <a name="automatedTranslation">
                  </a> <!-- automatedTranslation -->
                  <span class="method-name">automatedTranslation</span>
                </div> <!-- method-content -->
              </div> <!-- method -->
              <div class="method">
                <div class="method-content">
                  <a name="doClickOnLogo">
                  </a> <!-- doClickOnLogo -->
                  <span class="method-name">doClickOnLogo</span>
                </div> <!-- method-content -->
              </div> <!-- method -->
              <div class="method">
                <div class="method-content">
                  <a name="doSelectTranslatorProject">
                  </a> <!-- doSelectTranslatorProject -->
                  <span class="method-name">doSelectTranslatorProject</span>
                </div> <!-- method-content -->
              </div> <!-- method -->
              <div class="method">
                <div class="method-content">
                  <a name="docompleteTranslation">
                  </a> <!-- docompleteTranslation -->
                  <span class="method-name">docompleteTranslation</span>
                </div> <!-- method-content -->
              </div> <!-- method -->
              <div class="method">
                <div class="method-content">
                  <a name="doselectWordsAndEnterText">
                  </a> <!-- doselectWordsAndEnterText -->
                  <span class="method-name">doselectWordsAndEnterText</span>
                </div> <!-- method-content -->
              </div> <!-- method -->
              <div class="method">
                <div class="method-content">
                  <a name="translatorDoLogin">
                  </a> <!-- translatorDoLogin -->
                  <span class="method-name">translatorDoLogin</span>
                </div> <!-- method-content -->
              </div> <!-- method -->
            </div> <!-- main-panel-content rounded-window-bottom -->
          </div> <!-- suite-Automation_Test_Suite-class-passed -->
          <div class="suite-Automation_Test_Suite-class-passed">
            <div class="main-panel-header rounded-window-top">
              <img src="passed.png"/>
              <span class="class-name">com.testcase.CreateProjectTest</span>
            </div> <!-- main-panel-header rounded-window-top -->
            <div class="main-panel-content rounded-window-bottom">
              <div class="method">
                <div class="method-content">
                  <a name="doClickOnLetsStartButton">
                  </a> <!-- doClickOnLetsStartButton -->
                  <span class="method-name">doClickOnLetsStartButton</span>
                </div> <!-- method-content -->
              </div> <!-- method -->
              <div class="method">
                <div class="method-content">
                  <a name="onlyEnterProjectName">
                  </a> <!-- onlyEnterProjectName -->
                  <span class="method-name">onlyEnterProjectName</span>
                </div> <!-- method-content -->
              </div> <!-- method -->
              <div class="method">
                <div class="method-content">
                  <a name="onlySelectTargetLanguage">
                  </a> <!-- onlySelectTargetLanguage -->
                  <span class="method-name">onlySelectTargetLanguage</span>
                </div> <!-- method-content -->
              </div> <!-- method -->
              <div class="method">
                <div class="method-content">
                  <a name="projectType">
                  </a> <!-- projectType -->
                  <span class="method-name">projectType</span>
                </div> <!-- method-content -->
              </div> <!-- method -->
              <div class="method">
                <div class="method-content">
                  <a name="startProject">
                  </a> <!-- startProject -->
                  <span class="method-name">startProject</span>
                </div> <!-- method-content -->
              </div> <!-- method -->
              <div class="method">
                <div class="method-content">
                  <a name="targetLanguage">
                  </a> <!-- targetLanguage -->
                  <span class="method-name">targetLanguage</span>
                </div> <!-- method-content -->
              </div> <!-- method -->
              <div class="method">
                <div class="method-content">
                  <a name="typeProjectName">
                  </a> <!-- typeProjectName -->
                  <span class="method-name">typeProjectName</span>
                </div> <!-- method-content -->
              </div> <!-- method -->
              <div class="method">
                <div class="method-content">
                  <a name="withOutSelectAllOptions">
                  </a> <!-- withOutSelectAllOptions -->
                  <span class="method-name">withOutSelectAllOptions</span>
                </div> <!-- method-content -->
              </div> <!-- method -->
            </div> <!-- main-panel-content rounded-window-bottom -->
          </div> <!-- suite-Automation_Test_Suite-class-passed -->
        </div> <!-- panel Automation_Test_Suite -->
        <div panel-name="test-xml-Automation_Test_Suite" class="panel">
          <div class="main-panel-header rounded-window-top">
            <span class="header-content">/home/fourtek/workspace/DevNagri/src/resource/java/TestNG_Suit.xml</span>
          </div> <!-- main-panel-header rounded-window-top -->
          <div class="main-panel-content rounded-window-bottom">
            <pre>
&lt;?xml version=&quot;1.0&quot; encoding=&quot;UTF-8&quot;?&gt;
&lt;!DOCTYPE suite SYSTEM &quot;http://testng.org/testng-1.0.dtd&quot;&gt;
&lt;suite thread-count=&quot;-1&quot; name=&quot;Automation Test Suite&quot;&gt;
  &lt;listeners&gt;
    &lt;listener class-name=&quot;com.ExtentReport.ExtentReporterNG&quot;/&gt;
  &lt;/listeners&gt;
  &lt;test name=&quot;Login Testcase&quot;&gt;
    &lt;classes&gt;
      &lt;class name=&quot;com.testcase.LoginPageTest&quot;/&gt;
    &lt;/classes&gt;
  &lt;/test&gt; &lt;!-- Login Testcase --&gt;
  &lt;test name=&quot;Create Project Testcase&quot;&gt;
    &lt;classes&gt;
      &lt;class name=&quot;com.testcase.CreateProjectTest&quot;/&gt;
    &lt;/classes&gt;
  &lt;/test&gt; &lt;!-- Create Project Testcase --&gt;
  &lt;test name=&quot;File Upload Testcase&quot;&gt;
    &lt;classes&gt;
      &lt;class name=&quot;com.testcase.FileUploadTest&quot;/&gt;
    &lt;/classes&gt;
  &lt;/test&gt; &lt;!-- File Upload Testcase --&gt;
  &lt;test name=&quot;Choose Translation Plan&quot;&gt;
    &lt;classes&gt;
      &lt;class name=&quot;com.testcase.ChooseTranslationPlanTest&quot;/&gt;
    &lt;/classes&gt;
  &lt;/test&gt; &lt;!-- Choose Translation Plan --&gt;
  &lt;test name=&quot;Make An Order Testcase&quot;&gt;
    &lt;classes&gt;
      &lt;class name=&quot;com.testcase.MakeOrderTest&quot;/&gt;
    &lt;/classes&gt;
  &lt;/test&gt; &lt;!-- Make An Order Testcase --&gt;
  &lt;test name=&quot;Manager&quot;&gt;
    &lt;classes&gt;
      &lt;class name=&quot;com.testcase.ManagerTest&quot;/&gt;
    &lt;/classes&gt;
  &lt;/test&gt; &lt;!-- Manager --&gt;
  &lt;test name=&quot;Translator&quot;&gt;
    &lt;classes&gt;
      &lt;class name=&quot;com.testcase.TranslatorTest&quot;/&gt;
    &lt;/classes&gt;
  &lt;/test&gt; &lt;!-- Translator --&gt;
  &lt;test name=&quot;Reviewer&quot;&gt;
    &lt;classes&gt;
      &lt;class name=&quot;com.testcase.ReviewerTest&quot;/&gt;
    &lt;/classes&gt;
  &lt;/test&gt; &lt;!-- Reviewer --&gt;
&lt;/suite&gt; &lt;!-- Automation Test Suite --&gt;
            </pre>
          </div> <!-- main-panel-content rounded-window-bottom -->
        </div> <!-- panel -->
        <div panel-name="testlist-Automation_Test_Suite" class="panel">
          <div class="main-panel-header rounded-window-top">
            <span class="header-content">Tests for Automation Test Suite</span>
          </div> <!-- main-panel-header rounded-window-top -->
          <div class="main-panel-content rounded-window-bottom">
            <ul>
              <li>
                <span class="test-name">Login Testcase (1 class)</span>
              </li>
              <li>
                <span class="test-name">Create Project Testcase (1 class)</span>
              </li>
              <li>
                <span class="test-name">File Upload Testcase (1 class)</span>
              </li>
              <li>
                <span class="test-name">Choose Translation Plan (1 class)</span>
              </li>
              <li>
                <span class="test-name">Make An Order Testcase (1 class)</span>
              </li>
              <li>
                <span class="test-name">Manager (1 class)</span>
              </li>
              <li>
                <span class="test-name">Translator (1 class)</span>
              </li>
              <li>
                <span class="test-name">Reviewer (1 class)</span>
              </li>
            </ul>
          </div> <!-- main-panel-content rounded-window-bottom -->
        </div> <!-- panel -->
        <div panel-name="group-Automation_Test_Suite" class="panel">
          <div class="main-panel-header rounded-window-top">
            <span class="header-content">Groups for Automation Test Suite</span>
          </div> <!-- main-panel-header rounded-window-top -->
          <div class="main-panel-content rounded-window-bottom">
            <div class="test-group">
              <span class="test-group-name">Negative</span>
              <br/>
              <div class="method-in-group">
                <span class="method-in-group-name">checkCaseSensitive</span>
                <br/>
              </div> <!-- method-in-group -->
              <div class="method-in-group">
                <span class="method-in-group-name">checkUnicodeTransformationFormat</span>
                <br/>
              </div> <!-- method-in-group -->
              <div class="method-in-group">
                <span class="method-in-group-name">invalidEmail</span>
                <br/>
              </div> <!-- method-in-group -->
              <div class="method-in-group">
                <span class="method-in-group-name">invalidPassword</span>
                <br/>
              </div> <!-- method-in-group -->
              <div class="method-in-group">
                <span class="method-in-group-name">invalidPwdEmail</span>
                <br/>
              </div> <!-- method-in-group -->
              <div class="method-in-group">
                <span class="method-in-group-name">onlyEnterProjectName</span>
                <br/>
              </div> <!-- method-in-group -->
              <div class="method-in-group">
                <span class="method-in-group-name">onlySelectTargetLanguage</span>
                <br/>
              </div> <!-- method-in-group -->
              <div class="method-in-group">
                <span class="method-in-group-name">withOutSelectAllOptions</span>
                <br/>
              </div> <!-- method-in-group -->
            </div> <!-- test-group -->
          </div> <!-- main-panel-content rounded-window-bottom -->
        </div> <!-- panel -->
        <div panel-name="times-Automation_Test_Suite" class="panel">
          <div class="main-panel-header rounded-window-top">
            <span class="header-content">Times for Automation Test Suite</span>
          </div> <!-- main-panel-header rounded-window-top -->
          <div class="main-panel-content rounded-window-bottom">
            <div class="times-div">
              <script type="text/javascript">
suiteTableInitFunctions.push('tableData_Automation_Test_Suite');
function tableData_Automation_Test_Suite() {
var data = new google.visualization.DataTable();
data.addColumn('number', 'Number');
data.addColumn('string', 'Method');
data.addColumn('string', 'Class');
data.addColumn('number', 'Time (ms)');
data.addRows(42);
data.setCell(0, 0, 0)
data.setCell(0, 1, 'doselectWordsAndEnterText')
data.setCell(0, 2, 'com.testcase.TranslatorTest')
data.setCell(0, 3, 30344);
data.setCell(1, 0, 1)
data.setCell(1, 1, 'doTheOrder')
data.setCell(1, 2, 'com.testcase.MakeOrderTest')
data.setCell(1, 3, 30204);
data.setCell(2, 0, 2)
data.setCell(2, 1, 'automatedTranslation')
data.setCell(2, 2, 'com.testcase.ReviewerTest')
data.setCell(2, 3, 23115);
data.setCell(3, 0, 3)
data.setCell(3, 1, 'openBrowser')
data.setCell(3, 2, 'com.testcase.LoginPageTest')
data.setCell(3, 3, 19023);
data.setCell(4, 0, 4)
data.setCell(4, 1, 'onlySelectTargetLanguage')
data.setCell(4, 2, 'com.testcase.CreateProjectTest')
data.setCell(4, 3, 10192);
data.setCell(5, 0, 5)
data.setCell(5, 1, 'reviewerDoLogin')
data.setCell(5, 2, 'com.testcase.ReviewerTest')
data.setCell(5, 3, 10099);
data.setCell(6, 0, 6)
data.setCell(6, 1, 'doAcceptWord')
data.setCell(6, 2, 'com.testcase.ReviewerTest')
data.setCell(6, 3, 10023);
data.setCell(7, 0, 7)
data.setCell(7, 1, 'translatorDoLogin')
data.setCell(7, 2, 'com.testcase.TranslatorTest')
data.setCell(7, 3, 9002);
data.setCell(8, 0, 8)
data.setCell(8, 1, 'selectFileFormat')
data.setCell(8, 2, 'com.testcase.FileUploadTest')
data.setCell(8, 3, 8673);
data.setCell(9, 0, 9)
data.setCell(9, 1, 'enterFileLocation')
data.setCell(9, 2, 'com.testcase.FileUploadTest')
data.setCell(9, 3, 8405);
data.setCell(10, 0, 10)
data.setCell(10, 1, 'doClickOnComplete')
data.setCell(10, 2, 'com.testcase.ReviewerTest')
data.setCell(10, 3, 7815);
data.setCell(11, 0, 11)
data.setCell(11, 1, 'targetLanguage')
data.setCell(11, 2, 'com.testcase.CreateProjectTest')
data.setCell(11, 3, 7392);
data.setCell(12, 0, 12)
data.setCell(12, 1, 'assignProjectToTranslator')
data.setCell(12, 2, 'com.testcase.ManagerTest')
data.setCell(12, 3, 7284);
data.setCell(13, 0, 13)
data.setCell(13, 1, 'doClickOnLetsStartButton')
data.setCell(13, 2, 'com.testcase.CreateProjectTest')
data.setCell(13, 3, 7260);
data.setCell(14, 0, 14)
data.setCell(14, 1, 'doClickOnLogo')
data.setCell(14, 2, 'com.testcase.TranslatorTest')
data.setCell(14, 3, 6363);
data.setCell(15, 0, 15)
data.setCell(15, 1, 'choosePlanForTranslation')
data.setCell(15, 2, 'com.testcase.ChooseTranslationPlanTest')
data.setCell(15, 3, 5157);
data.setCell(16, 0, 16)
data.setCell(16, 1, 'onlyEnterProjectName')
data.setCell(16, 2, 'com.testcase.CreateProjectTest')
data.setCell(16, 3, 5003);
data.setCell(17, 0, 17)
data.setCell(17, 1, 'doLogin')
data.setCell(17, 2, 'com.testcase.LoginPageTest')
data.setCell(17, 3, 4841);
data.setCell(18, 0, 18)
data.setCell(18, 1, 'clientLogout')
data.setCell(18, 2, 'com.testcase.MakeOrderTest')
data.setCell(18, 3, 3907);
data.setCell(19, 0, 19)
data.setCell(19, 1, 'checkCaseSensitive')
data.setCell(19, 2, 'com.testcase.LoginPageTest')
data.setCell(19, 3, 3639);
data.setCell(20, 0, 20)
data.setCell(20, 1, 'doManagerLogout')
data.setCell(20, 2, 'com.testcase.ManagerTest')
data.setCell(20, 3, 3509);
data.setCell(21, 0, 21)
data.setCell(21, 1, 'doMangerLogin')
data.setCell(21, 2, 'com.testcase.ManagerTest')
data.setCell(21, 3, 3405);
data.setCell(22, 0, 22)
data.setCell(22, 1, 'automatedTranslation')
data.setCell(22, 2, 'com.testcase.TranslatorTest')
data.setCell(22, 3, 3316);
data.setCell(23, 0, 23)
data.setCell(23, 1, 'docompleteTranslation')
data.setCell(23, 2, 'com.testcase.TranslatorTest')
data.setCell(23, 3, 3295);
data.setCell(24, 0, 24)
data.setCell(24, 1, 'withOutSelectAllOptions')
data.setCell(24, 2, 'com.testcase.CreateProjectTest')
data.setCell(24, 3, 2826);
data.setCell(25, 0, 25)
data.setCell(25, 1, 'startProject')
data.setCell(25, 2, 'com.testcase.CreateProjectTest')
data.setCell(25, 3, 2515);
data.setCell(26, 0, 26)
data.setCell(26, 1, 'doSelectTranslatorProject')
data.setCell(26, 2, 'com.testcase.TranslatorTest')
data.setCell(26, 3, 2469);
data.setCell(27, 0, 27)
data.setCell(27, 1, 'selectTheCreatedProject')
data.setCell(27, 2, 'com.testcase.ManagerTest')
data.setCell(27, 3, 2227);
data.setCell(28, 0, 28)
data.setCell(28, 1, 'invalidEmail')
data.setCell(28, 2, 'com.testcase.LoginPageTest')
data.setCell(28, 3, 2114);
data.setCell(29, 0, 29)
data.setCell(29, 1, 'selectOrder')
data.setCell(29, 2, 'com.testcase.ManagerTest')
data.setCell(29, 3, 2098);
data.setCell(30, 0, 30)
data.setCell(30, 1, 'invalidPassword')
data.setCell(30, 2, 'com.testcase.LoginPageTest')
data.setCell(30, 3, 2044);
data.setCell(31, 0, 31)
data.setCell(31, 1, 'invalidPwdEmail')
data.setCell(31, 2, 'com.testcase.LoginPageTest')
data.setCell(31, 3, 2009);
data.setCell(32, 0, 32)
data.setCell(32, 1, 'selectLanguageTranslator')
data.setCell(32, 2, 'com.testcase.ManagerTest')
data.setCell(32, 3, 1916);
data.setCell(33, 0, 33)
data.setCell(33, 1, 'selectTheBestPlan')
data.setCell(33, 2, 'com.testcase.ChooseTranslationPlanTest')
data.setCell(33, 3, 1865);
data.setCell(34, 0, 34)
data.setCell(34, 1, 'checkUnicodeTransformationFormat')
data.setCell(34, 2, 'com.testcase.LoginPageTest')
data.setCell(34, 3, 1845);
data.setCell(35, 0, 35)
data.setCell(35, 1, 'clickOnAddNewFile')
data.setCell(35, 2, 'com.testcase.FileUploadTest')
data.setCell(35, 3, 1562);
data.setCell(36, 0, 36)
data.setCell(36, 1, 'projectType')
data.setCell(36, 2, 'com.testcase.CreateProjectTest')
data.setCell(36, 3, 1146);
data.setCell(37, 0, 37)
data.setCell(37, 1, 'typeProjectName')
data.setCell(37, 2, 'com.testcase.CreateProjectTest')
data.setCell(37, 3, 342);
data.setCell(38, 0, 38)
data.setCell(38, 1, 'doSelectReviewerProject')
data.setCell(38, 2, 'com.testcase.ReviewerTest')
data.setCell(38, 3, 184);
data.setCell(39, 0, 39)
data.setCell(39, 1, 'doTranslatorLogout')
data.setCell(39, 2, 'com.testcase.TranslatorTest')
data.setCell(39, 3, 178);
data.setCell(40, 0, 40)
data.setCell(40, 1, 'doTranslatorLogout')
data.setCell(40, 2, 'com.testcase.ReviewerTest')
data.setCell(40, 3, 93);
data.setCell(41, 0, 41)
data.setCell(41, 1, 'doClickOnLogo')
data.setCell(41, 2, 'com.testcase.ReviewerTest')
data.setCell(41, 3, 0);
window.suiteTableData['Automation_Test_Suite']= { tableData: data, tableDiv: 'times-div-Automation_Test_Suite'}
return data;
}
              </script>
              <span class="suite-total-time">Total running time: 4 minutes</span>
              <div id="times-div-Automation_Test_Suite">
              </div> <!-- times-div-Automation_Test_Suite -->
            </div> <!-- times-div -->
          </div> <!-- main-panel-content rounded-window-bottom -->
        </div> <!-- panel -->
        <div panel-name="reporter-Automation_Test_Suite" class="panel">
          <div class="main-panel-header rounded-window-top">
            <span class="header-content">Reporter output for Automation Test Suite</span>
          </div> <!-- main-panel-header rounded-window-top -->
          <div class="main-panel-content rounded-window-bottom">
          </div> <!-- main-panel-content rounded-window-bottom -->
        </div> <!-- panel -->
        <div panel-name="ignored-methods-Automation_Test_Suite" class="panel">
          <div class="main-panel-header rounded-window-top">
            <span class="header-content">3 ignored methods</span>
          </div> <!-- main-panel-header rounded-window-top -->
          <div class="main-panel-content rounded-window-bottom">
            <div class="ignored-class-div">
              <span class="ignored-class-name">com.testcase.LoginPageTest</span>
              <div class="ignored-methods-div">
                <span class="ignored-method-name">forgetPassword</span>
                <br/>
              </div> <!-- ignored-methods-div -->
            </div> <!-- ignored-class-div -->
            <div class="ignored-class-div">
              <span class="ignored-class-name">com.testcase.ChooseTranslationPlanTest</span>
              <div class="ignored-methods-div">
                <span class="ignored-method-name">goToDashboard</span>
                <br/>
              </div> <!-- ignored-methods-div -->
            </div> <!-- ignored-class-div -->
            <div class="ignored-class-div">
              <span class="ignored-class-name">com.testcase.CreateProjectTest</span>
              <div class="ignored-methods-div">
                <span class="ignored-method-name">industryType</span>
                <br/>
              </div> <!-- ignored-methods-div -->
            </div> <!-- ignored-class-div -->
          </div> <!-- main-panel-content rounded-window-bottom -->
        </div> <!-- panel -->
        <div panel-name="chronological-Automation_Test_Suite" class="panel">
          <div class="main-panel-header rounded-window-top">
            <span class="header-content">Methods in chronological order</span>
          </div> <!-- main-panel-header rounded-window-top -->
          <div class="main-panel-content rounded-window-bottom">
            <div class="chronological-class">
              <div class="chronological-class-name">com.testcase.LoginPageTest</div> <!-- chronological-class-name -->
              <div class="test-method">
                <span class="method-name">openBrowser</span>
                <span class="method-start">0 ms</span>
              </div> <!-- test-method -->
              <div class="test-method">
                <span class="method-name">invalidEmail</span>
                <span class="method-start">19028 ms</span>
              </div> <!-- test-method -->
              <div class="test-method">
                <span class="method-name">invalidPassword</span>
                <span class="method-start">21145 ms</span>
              </div> <!-- test-method -->
              <div class="test-method">
                <span class="method-name">invalidPwdEmail</span>
                <span class="method-start">23194 ms</span>
              </div> <!-- test-method -->
              <div class="test-method">
                <span class="method-name">checkCaseSensitive</span>
                <span class="method-start">25206 ms</span>
              </div> <!-- test-method -->
              <div class="test-method">
                <span class="method-name">checkUnicodeTransformationFormat</span>
                <span class="method-start">28847 ms</span>
              </div> <!-- test-method -->
              <div class="test-method">
                <span class="method-name">doLogin</span>
                <span class="method-start">30694 ms</span>
              </div> <!-- test-method -->
            </div> <!-- chronological-class -->
            <div class="chronological-class">
              <div class="chronological-class-name">com.testcase.CreateProjectTest</div> <!-- chronological-class-name -->
              <div class="test-method">
                <span class="method-name">startProject</span>
                <span class="method-start">35570 ms</span>
              </div> <!-- test-method -->
              <div class="test-method">
                <span class="method-name">withOutSelectAllOptions</span>
                <span class="method-start">38087 ms</span>
              </div> <!-- test-method -->
              <div class="test-method">
                <span class="method-name">onlyEnterProjectName</span>
                <span class="method-start">40915 ms</span>
              </div> <!-- test-method -->
              <div class="test-method">
                <span class="method-name">onlySelectTargetLanguage</span>
                <span class="method-start">45921 ms</span>
              </div> <!-- test-method -->
              <div class="test-method">
                <span class="method-name">typeProjectName</span>
                <span class="method-start">56115 ms</span>
              </div> <!-- test-method -->
              <div class="test-method">
                <span class="method-name">projectType</span>
                <span class="method-start">56459 ms</span>
              </div> <!-- test-method -->
              <div class="test-method">
                <span class="method-name">targetLanguage</span>
                <span class="method-start">57606 ms</span>
              </div> <!-- test-method -->
              <div class="test-method">
                <span class="method-name">doClickOnLetsStartButton</span>
                <span class="method-start">65000 ms</span>
              </div> <!-- test-method -->
            </div> <!-- chronological-class -->
            <div class="chronological-class">
              <div class="chronological-class-name">com.testcase.FileUploadTest</div> <!-- chronological-class-name -->
              <div class="test-method">
                <span class="method-name">clickOnAddNewFile</span>
                <span class="method-start">72289 ms</span>
              </div> <!-- test-method -->
              <div class="test-method">
                <span class="method-name">enterFileLocation</span>
                <span class="method-start">73854 ms</span>
              </div> <!-- test-method -->
              <div class="test-method">
                <span class="method-name">selectFileFormat</span>
                <span class="method-start">82261 ms</span>
              </div> <!-- test-method -->
            </div> <!-- chronological-class -->
            <div class="chronological-class">
              <div class="chronological-class-name">com.testcase.ChooseTranslationPlanTest</div> <!-- chronological-class-name -->
              <div class="test-method">
                <span class="method-name">choosePlanForTranslation</span>
                <span class="method-start">90940 ms</span>
              </div> <!-- test-method -->
              <div class="test-method">
                <span class="method-name">selectTheBestPlan</span>
                <span class="method-start">96098 ms</span>
              </div> <!-- test-method -->
            </div> <!-- chronological-class -->
            <div class="chronological-class">
              <div class="chronological-class-name">com.testcase.MakeOrderTest</div> <!-- chronological-class-name -->
              <div class="test-method">
                <span class="method-name">doTheOrder</span>
                <span class="method-start">97972 ms</span>
              </div> <!-- test-method -->
              <div class="test-method">
                <span class="method-name">clientLogout</span>
                <span class="method-start">128177 ms</span>
              </div> <!-- test-method -->
            </div> <!-- chronological-class -->
            <div class="chronological-class">
              <div class="chronological-class-name">com.testcase.ManagerTest</div> <!-- chronological-class-name -->
              <div class="test-method">
                <span class="method-name">doMangerLogin</span>
                <span class="method-start">132095 ms</span>
              </div> <!-- test-method -->
              <div class="test-method">
                <span class="method-name">selectTheCreatedProject</span>
                <span class="method-start">135504 ms</span>
              </div> <!-- test-method -->
              <div class="test-method">
                <span class="method-name">selectOrder</span>
                <span class="method-start">137732 ms</span>
              </div> <!-- test-method -->
              <div class="test-method">
                <span class="method-name">selectLanguageTranslator</span>
                <span class="method-start">139833 ms</span>
              </div> <!-- test-method -->
              <div class="test-method">
                <img src="failed.png">
                </img>
                <span class="method-name">assignProjectToTranslator</span>
                <span class="method-start">141751 ms</span>
              </div> <!-- test-method -->
              <div class="test-method">
                <span class="method-name">doManagerLogout</span>
                <span class="method-start">149040 ms</span>
              </div> <!-- test-method -->
            </div> <!-- chronological-class -->
            <div class="chronological-class">
              <div class="chronological-class-name">com.testcase.TranslatorTest</div> <!-- chronological-class-name -->
              <div class="test-method">
                <span class="method-name">translatorDoLogin</span>
                <span class="method-start">152573 ms</span>
              </div> <!-- test-method -->
              <div class="test-method">
                <span class="method-name">doSelectTranslatorProject</span>
                <span class="method-start">161577 ms</span>
              </div> <!-- test-method -->
              <div class="test-method">
                <span class="method-name">automatedTranslation</span>
                <span class="method-start">164048 ms</span>
              </div> <!-- test-method -->
              <div class="test-method">
                <span class="method-name">doselectWordsAndEnterText</span>
                <span class="method-start">167365 ms</span>
              </div> <!-- test-method -->
              <div class="test-method">
                <span class="method-name">docompleteTranslation</span>
                <span class="method-start">197750 ms</span>
              </div> <!-- test-method -->
              <div class="test-method">
                <span class="method-name">doClickOnLogo</span>
                <span class="method-start">201048 ms</span>
              </div> <!-- test-method -->
              <div class="test-method">
                <img src="failed.png">
                </img>
                <span class="method-name">doTranslatorLogout</span>
                <span class="method-start">207412 ms</span>
              </div> <!-- test-method -->
            </div> <!-- chronological-class -->
            <div class="chronological-class">
              <div class="chronological-class-name">com.testcase.ReviewerTest</div> <!-- chronological-class-name -->
              <div class="test-method">
                <img src="failed.png">
                </img>
                <span class="method-name">reviewerDoLogin</span>
                <span class="method-start">207606 ms</span>
              </div> <!-- test-method -->
              <div class="test-method">
                <img src="failed.png">
                </img>
                <span class="method-name">doSelectReviewerProject</span>
                <span class="method-start">217708 ms</span>
              </div> <!-- test-method -->
              <div class="test-method">
                <img src="failed.png">
                </img>
                <span class="method-name">automatedTranslation</span>
                <span class="method-start">217894 ms</span>
              </div> <!-- test-method -->
              <div class="test-method">
                <span class="method-name">doAcceptWord</span>
                <span class="method-start">241012 ms</span>
              </div> <!-- test-method -->
              <div class="test-method">
                <img src="failed.png">
                </img>
                <span class="method-name">doClickOnComplete</span>
                <span class="method-start">251039 ms</span>
              </div> <!-- test-method -->
              <div class="test-method">
                <img src="failed.png">
                </img>
                <span class="method-name">doTranslatorLogout</span>
                <span class="method-start">258899 ms</span>
              </div> <!-- test-method -->
            </div> <!-- chronological-class -->
            <div class="chronological-class">
              <div class="chronological-class-name">com.testcase.ManagerTest</div> <!-- chronological-class-name -->
              <div class="configuration-suite after">
                <img src="failed.png">
                </img>
                <span class="method-name">managerTranslationPage</span>
                <span class="method-start">259088 ms</span>
              </div> <!-- configuration-suite after -->
          </div> <!-- main-panel-content rounded-window-bottom -->
        </div> <!-- panel -->
      </div> <!-- main-panel-root -->
    </div> <!-- wrapper -->
  </body>
</html>
