<?xml version="1.0" encoding="UTF-8"?>
<testng-results skipped="0" failed="0" ignored="3" total="45" passed="42">
  <reporter-output>
  </reporter-output>
  <suite name="Automation Test Suite" duration-ms="569161" started-at="2018-04-25T05:40:56Z" finished-at="2018-04-25T05:50:25Z">
    <groups>
      <group name="Negative">
        <method signature="LoginPageTest.checkCaseSensitive()[pri:5, instance:com.testcase.LoginPageTest@5442a311]" name="checkCaseSensitive" class="com.testcase.LoginPageTest"/>
        <method signature="LoginPageTest.checkUnicodeTransformationFormat()[pri:6, instance:com.testcase.LoginPageTest@5442a311]" name="checkUnicodeTransformationFormat" class="com.testcase.LoginPageTest"/>
        <method signature="LoginPageTest.invalidEmail()[pri:2, instance:com.testcase.LoginPageTest@5442a311]" name="invalidEmail" class="com.testcase.LoginPageTest"/>
        <method signature="LoginPageTest.invalidPassword()[pri:3, instance:com.testcase.LoginPageTest@5442a311]" name="invalidPassword" class="com.testcase.LoginPageTest"/>
        <method signature="LoginPageTest.invalidPwdEmail()[pri:4, instance:com.testcase.LoginPageTest@5442a311]" name="invalidPwdEmail" class="com.testcase.LoginPageTest"/>
        <method signature="CreateProjectTest.onlyEnterProjectName()[pri:2, instance:com.testcase.CreateProjectTest@56ac3a89]" name="onlyEnterProjectName" class="com.testcase.CreateProjectTest"/>
        <method signature="CreateProjectTest.onlySelectTargetLanguage()[pri:3, instance:com.testcase.CreateProjectTest@56ac3a89]" name="onlySelectTargetLanguage" class="com.testcase.CreateProjectTest"/>
        <method signature="CreateProjectTest.withOutSelectAllOptions()[pri:1, instance:com.testcase.CreateProjectTest@56ac3a89]" name="withOutSelectAllOptions" class="com.testcase.CreateProjectTest"/>
      </group> <!-- Negative -->
    </groups>
    <test name="Login Testcase" duration-ms="64712" started-at="2018-04-25T05:40:56Z" finished-at="2018-04-25T05:42:01Z">
      <class name="com.testcase.LoginPageTest">
        <test-method status="PASS" signature="openBrowser()[pri:1, instance:com.testcase.LoginPageTest@5442a311]" name="openBrowser" duration-ms="14860" started-at="2018-04-25T11:10:56Z" finished-at="2018-04-25T11:11:11Z">
          <reporter-output>
          </reporter-output>
        </test-method> <!-- openBrowser -->
        <test-method status="PASS" signature="invalidEmail()[pri:2, instance:com.testcase.LoginPageTest@5442a311]" name="invalidEmail" duration-ms="6959" started-at="2018-04-25T11:11:11Z" finished-at="2018-04-25T11:11:18Z">
          <reporter-output>
          </reporter-output>
        </test-method> <!-- invalidEmail -->
        <test-method status="PASS" signature="invalidPassword()[pri:3, instance:com.testcase.LoginPageTest@5442a311]" name="invalidPassword" duration-ms="7230" started-at="2018-04-25T11:11:18Z" finished-at="2018-04-25T11:11:25Z">
          <reporter-output>
          </reporter-output>
        </test-method> <!-- invalidPassword -->
        <test-method status="PASS" signature="invalidPwdEmail()[pri:4, instance:com.testcase.LoginPageTest@5442a311]" name="invalidPwdEmail" duration-ms="7545" started-at="2018-04-25T11:11:25Z" finished-at="2018-04-25T11:11:33Z">
          <reporter-output>
          </reporter-output>
        </test-method> <!-- invalidPwdEmail -->
        <test-method status="PASS" signature="checkCaseSensitive()[pri:5, instance:com.testcase.LoginPageTest@5442a311]" name="checkCaseSensitive" duration-ms="11506" started-at="2018-04-25T11:11:33Z" finished-at="2018-04-25T11:11:44Z">
          <reporter-output>
          </reporter-output>
        </test-method> <!-- checkCaseSensitive -->
        <test-method status="PASS" signature="checkUnicodeTransformationFormat()[pri:6, instance:com.testcase.LoginPageTest@5442a311]" name="checkUnicodeTransformationFormat" duration-ms="5546" started-at="2018-04-25T11:11:44Z" finished-at="2018-04-25T11:11:50Z">
          <reporter-output>
          </reporter-output>
        </test-method> <!-- checkUnicodeTransformationFormat -->
        <test-method status="PASS" signature="doLogin()[pri:7, instance:com.testcase.LoginPageTest@5442a311]" name="doLogin" duration-ms="10867" started-at="2018-04-25T11:11:50Z" finished-at="2018-04-25T11:12:01Z">
          <reporter-output>
          </reporter-output>
        </test-method> <!-- doLogin -->
      </class> <!-- com.testcase.LoginPageTest -->
    </test> <!-- Login Testcase -->
    <test name="Create Project Testcase" duration-ms="67343" started-at="2018-04-25T05:42:01Z" finished-at="2018-04-25T05:43:08Z">
      <class name="com.testcase.CreateProjectTest">
        <test-method status="PASS" signature="startProject()[pri:0, instance:com.testcase.CreateProjectTest@56ac3a89]" name="startProject" duration-ms="7717" started-at="2018-04-25T11:12:01Z" finished-at="2018-04-25T11:12:08Z">
          <reporter-output>
          </reporter-output>
        </test-method> <!-- startProject -->
        <test-method status="PASS" signature="withOutSelectAllOptions()[pri:1, instance:com.testcase.CreateProjectTest@56ac3a89]" name="withOutSelectAllOptions" duration-ms="9669" started-at="2018-04-25T11:12:08Z" finished-at="2018-04-25T11:12:18Z">
          <reporter-output>
          </reporter-output>
        </test-method> <!-- withOutSelectAllOptions -->
        <test-method status="PASS" signature="onlyEnterProjectName()[pri:2, instance:com.testcase.CreateProjectTest@56ac3a89]" name="onlyEnterProjectName" duration-ms="11305" started-at="2018-04-25T11:12:18Z" finished-at="2018-04-25T11:12:29Z">
          <reporter-output>
          </reporter-output>
        </test-method> <!-- onlyEnterProjectName -->
        <test-method status="PASS" signature="onlySelectTargetLanguage()[pri:3, instance:com.testcase.CreateProjectTest@56ac3a89]" name="onlySelectTargetLanguage" duration-ms="15908" started-at="2018-04-25T11:12:29Z" finished-at="2018-04-25T11:12:45Z">
          <reporter-output>
          </reporter-output>
        </test-method> <!-- onlySelectTargetLanguage -->
        <test-method status="PASS" signature="typeProjectName()[pri:4, instance:com.testcase.CreateProjectTest@56ac3a89]" name="typeProjectName" duration-ms="973" started-at="2018-04-25T11:12:45Z" finished-at="2018-04-25T11:12:46Z">
          <reporter-output>
          </reporter-output>
        </test-method> <!-- typeProjectName -->
        <test-method status="PASS" signature="projectType()[pri:5, instance:com.testcase.CreateProjectTest@56ac3a89]" name="projectType" duration-ms="1817" started-at="2018-04-25T11:12:46Z" finished-at="2018-04-25T11:12:48Z">
          <reporter-output>
          </reporter-output>
        </test-method> <!-- projectType -->
        <test-method status="PASS" signature="targetLanguage()[pri:7, instance:com.testcase.CreateProjectTest@56ac3a89]" name="targetLanguage" duration-ms="9102" started-at="2018-04-25T11:12:48Z" finished-at="2018-04-25T11:12:57Z">
          <reporter-output>
          </reporter-output>
        </test-method> <!-- targetLanguage -->
        <test-method status="PASS" signature="doClickOnLetsStartButton()[pri:8, instance:com.testcase.CreateProjectTest@56ac3a89]" name="doClickOnLetsStartButton" duration-ms="10759" started-at="2018-04-25T11:12:57Z" finished-at="2018-04-25T11:13:08Z">
          <reporter-output>
          </reporter-output>
        </test-method> <!-- doClickOnLetsStartButton -->
      </class> <!-- com.testcase.CreateProjectTest -->
    </test> <!-- Create Project Testcase -->
    <test name="File Upload Testcase" duration-ms="23250" started-at="2018-04-25T05:43:08Z" finished-at="2018-04-25T05:43:31Z">
      <class name="com.testcase.FileUploadTest">
        <test-method status="PASS" signature="clickOnAddNewFile()[pri:1, instance:com.testcase.FileUploadTest@13805618]" name="clickOnAddNewFile" duration-ms="2880" started-at="2018-04-25T11:13:08Z" finished-at="2018-04-25T11:13:11Z">
          <reporter-output>
          </reporter-output>
        </test-method> <!-- clickOnAddNewFile -->
        <test-method status="PASS" signature="enterFileLocation()[pri:4, instance:com.testcase.FileUploadTest@13805618]" name="enterFileLocation" duration-ms="9266" started-at="2018-04-25T11:13:11Z" finished-at="2018-04-25T11:13:20Z">
          <reporter-output>
          </reporter-output>
        </test-method> <!-- enterFileLocation -->
        <test-method status="PASS" signature="selectFileFormat()[pri:5, instance:com.testcase.FileUploadTest@13805618]" name="selectFileFormat" duration-ms="11094" started-at="2018-04-25T11:13:20Z" finished-at="2018-04-25T11:13:31Z">
          <reporter-output>
          </reporter-output>
        </test-method> <!-- selectFileFormat -->
      </class> <!-- com.testcase.FileUploadTest -->
    </test> <!-- File Upload Testcase -->
    <test name="Choose Translation Plan" duration-ms="20241" started-at="2018-04-25T05:43:31Z" finished-at="2018-04-25T05:43:52Z">
      <class name="com.testcase.ChooseTranslationPlanTest">
        <test-method status="PASS" signature="choosePlanForTranslation()[pri:1, instance:com.testcase.ChooseTranslationPlanTest@4b952a2d]" name="choosePlanForTranslation" duration-ms="14821" started-at="2018-04-25T11:13:31Z" finished-at="2018-04-25T11:13:46Z">
          <reporter-output>
          </reporter-output>
        </test-method> <!-- choosePlanForTranslation -->
        <test-method status="PASS" signature="selectTheBestPlan()[pri:3, instance:com.testcase.ChooseTranslationPlanTest@4b952a2d]" name="selectTheBestPlan" duration-ms="5402" started-at="2018-04-25T11:13:46Z" finished-at="2018-04-25T11:13:52Z">
          <reporter-output>
          </reporter-output>
        </test-method> <!-- selectTheBestPlan -->
      </class> <!-- com.testcase.ChooseTranslationPlanTest -->
    </test> <!-- Choose Translation Plan -->
    <test name="Make An Order Testcase" duration-ms="39028" started-at="2018-04-25T05:43:52Z" finished-at="2018-04-25T05:44:31Z">
      <class name="com.testcase.MakeOrderTest">
        <test-method status="PASS" signature="doTheOrder()[pri:1, instance:com.testcase.MakeOrderTest@5025a98f]" name="doTheOrder" duration-ms="31139" started-at="2018-04-25T11:13:52Z" finished-at="2018-04-25T11:14:23Z">
          <reporter-output>
          </reporter-output>
        </test-method> <!-- doTheOrder -->
        <test-method status="PASS" signature="clientLogout()[pri:2, instance:com.testcase.MakeOrderTest@5025a98f]" name="clientLogout" duration-ms="7880" started-at="2018-04-25T11:14:23Z" finished-at="2018-04-25T11:14:31Z">
          <reporter-output>
          </reporter-output>
        </test-method> <!-- clientLogout -->
      </class> <!-- com.testcase.MakeOrderTest -->
    </test> <!-- Make An Order Testcase -->
    <test name="Manager" duration-ms="56720" started-at="2018-04-25T05:44:31Z" finished-at="2018-04-25T05:45:27Z">
      <class name="com.testcase.ManagerTest">
        <test-method status="PASS" signature="doMangerLogin()[pri:1, instance:com.testcase.ManagerTest@a67c67e]" name="doMangerLogin" duration-ms="11594" started-at="2018-04-25T11:14:31Z" finished-at="2018-04-25T11:14:42Z">
          <reporter-output>
          </reporter-output>
        </test-method> <!-- doMangerLogin -->
        <test-method status="PASS" signature="selectTheCreatedProject()[pri:2, instance:com.testcase.ManagerTest@a67c67e]" name="selectTheCreatedProject" duration-ms="7064" started-at="2018-04-25T11:14:42Z" finished-at="2018-04-25T11:14:49Z">
          <reporter-output>
          </reporter-output>
        </test-method> <!-- selectTheCreatedProject -->
        <test-method status="PASS" signature="selectOrder()[pri:3, instance:com.testcase.ManagerTest@a67c67e]" name="selectOrder" duration-ms="11264" started-at="2018-04-25T11:14:49Z" finished-at="2018-04-25T11:15:01Z">
          <reporter-output>
          </reporter-output>
        </test-method> <!-- selectOrder -->
        <test-method status="PASS" signature="selectLanguageTranslator()[pri:4, instance:com.testcase.ManagerTest@a67c67e]" name="selectLanguageTranslator" duration-ms="5997" started-at="2018-04-25T11:15:01Z" finished-at="2018-04-25T11:15:07Z">
          <reporter-output>
          </reporter-output>
        </test-method> <!-- selectLanguageTranslator -->
        <test-method status="PASS" signature="assignProjectToTranslator()[pri:5, instance:com.testcase.ManagerTest@a67c67e]" name="assignProjectToTranslator" duration-ms="11475" started-at="2018-04-25T11:15:07Z" finished-at="2018-04-25T11:15:18Z">
          <reporter-output>
          </reporter-output>
        </test-method> <!-- assignProjectToTranslator -->
        <test-method status="PASS" signature="doManagerLogout()[pri:6, instance:com.testcase.ManagerTest@a67c67e]" name="doManagerLogout" duration-ms="9251" started-at="2018-04-25T11:15:18Z" finished-at="2018-04-25T11:15:27Z">
          <reporter-output>
          </reporter-output>
        </test-method> <!-- doManagerLogout -->
      </class> <!-- com.testcase.ManagerTest -->
    </test> <!-- Manager -->
    <test name="Translator" duration-ms="163403" started-at="2018-04-25T05:45:27Z" finished-at="2018-04-25T05:48:11Z">
      <class name="com.testcase.TranslatorTest">
        <test-method status="PASS" signature="translatorDoLogin()[pri:1, instance:com.testcase.TranslatorTest@5383967b]" name="translatorDoLogin" duration-ms="35941" started-at="2018-04-25T11:15:27Z" finished-at="2018-04-25T11:16:03Z">
          <reporter-output>
          </reporter-output>
        </test-method> <!-- translatorDoLogin -->
        <test-method status="PASS" signature="doSelectTranslatorProject()[pri:2, instance:com.testcase.TranslatorTest@5383967b]" name="doSelectTranslatorProject" duration-ms="8808" started-at="2018-04-25T11:16:03Z" finished-at="2018-04-25T11:16:12Z">
          <reporter-output>
          </reporter-output>
        </test-method> <!-- doSelectTranslatorProject -->
        <test-method status="PASS" signature="automatedTranslation()[pri:3, instance:com.testcase.TranslatorTest@5383967b]" name="automatedTranslation" duration-ms="4072" started-at="2018-04-25T11:16:12Z" finished-at="2018-04-25T11:16:16Z">
          <reporter-output>
          </reporter-output>
        </test-method> <!-- automatedTranslation -->
        <test-method status="PASS" signature="doselectWordsAndEnterText()[pri:4, instance:com.testcase.TranslatorTest@5383967b]" name="doselectWordsAndEnterText" duration-ms="58516" started-at="2018-04-25T11:16:16Z" finished-at="2018-04-25T11:17:15Z">
          <reporter-output>
          </reporter-output>
        </test-method> <!-- doselectWordsAndEnterText -->
        <test-method status="PASS" signature="docompleteTranslation()[pri:5, instance:com.testcase.TranslatorTest@5383967b]" name="docompleteTranslation" duration-ms="6347" started-at="2018-04-25T11:17:15Z" depends-on-methods="com.testcase.TranslatorTest.doselectWordsAndEnterText" finished-at="2018-04-25T11:17:21Z">
          <reporter-output>
          </reporter-output>
        </test-method> <!-- docompleteTranslation -->
        <test-method status="PASS" signature="doClickOnLogo()[pri:6, instance:com.testcase.TranslatorTest@5383967b]" name="doClickOnLogo" duration-ms="39821" started-at="2018-04-25T11:17:21Z" depends-on-methods="com.testcase.TranslatorTest.docompleteTranslation" finished-at="2018-04-25T11:18:01Z">
          <reporter-output>
          </reporter-output>
        </test-method> <!-- doClickOnLogo -->
        <test-method status="PASS" signature="doTranslatorLogout()[pri:7, instance:com.testcase.TranslatorTest@5383967b]" name="doTranslatorLogout" duration-ms="9841" started-at="2018-04-25T11:18:01Z" finished-at="2018-04-25T11:18:11Z">
          <reporter-output>
          </reporter-output>
        </test-method> <!-- doTranslatorLogout -->
      </class> <!-- com.testcase.TranslatorTest -->
    </test> <!-- Translator -->
    <test name="Reviewer" duration-ms="134195" started-at="2018-04-25T05:48:11Z" finished-at="2018-04-25T05:50:25Z">
      <class name="com.testcase.ManagerTest">
        <test-method status="PASS" signature="managerTranslationPage()[pri:0, instance:com.testcase.ManagerTest@a67c67e]" name="managerTranslationPage" is-config="true" duration-ms="41607" started-at="2018-04-25T11:20:25Z" finished-at="2018-04-25T11:21:07Z">
          <reporter-output>
          </reporter-output>
        </test-method> <!-- managerTranslationPage -->
        <test-method status="PASS" signature="ClientTranslationPage()[pri:0, instance:com.testcase.ManagerTest@a67c67e]" name="ClientTranslationPage" is-config="true" duration-ms="39424" started-at="2018-04-25T11:21:07Z" depends-on-methods="com.testcase.ManagerTest.managerTranslationPage" finished-at="2018-04-25T11:21:46Z">
          <reporter-output>
          </reporter-output>
        </test-method> <!-- ClientTranslationPage -->
      </class> <!-- com.testcase.ManagerTest -->
      <class name="com.testcase.ReviewerTest">
        <test-method status="PASS" signature="reviewerDoLogin()[pri:1, instance:com.testcase.ReviewerTest@6d7b4f4c]" name="reviewerDoLogin" duration-ms="33147" started-at="2018-04-25T11:18:11Z" finished-at="2018-04-25T11:18:44Z">
          <reporter-output>
          </reporter-output>
        </test-method> <!-- reviewerDoLogin -->
        <test-method status="PASS" signature="doSelectReviewerProject()[pri:2, instance:com.testcase.ReviewerTest@6d7b4f4c]" name="doSelectReviewerProject" duration-ms="11392" started-at="2018-04-25T11:18:44Z" finished-at="2018-04-25T11:18:55Z">
          <reporter-output>
          </reporter-output>
        </test-method> <!-- doSelectReviewerProject -->
        <test-method status="PASS" signature="automatedTranslation()[pri:3, instance:com.testcase.ReviewerTest@6d7b4f4c]" name="automatedTranslation" duration-ms="4535" started-at="2018-04-25T11:18:55Z" finished-at="2018-04-25T11:19:00Z">
          <reporter-output>
          </reporter-output>
        </test-method> <!-- automatedTranslation -->
        <test-method status="PASS" signature="doAcceptWord()[pri:4, instance:com.testcase.ReviewerTest@6d7b4f4c]" name="doAcceptWord" duration-ms="36924" started-at="2018-04-25T11:19:00Z" finished-at="2018-04-25T11:19:37Z">
          <reporter-output>
          </reporter-output>
        </test-method> <!-- doAcceptWord -->
        <test-method status="PASS" signature="doClickOnComplete()[pri:5, instance:com.testcase.ReviewerTest@6d7b4f4c]" name="doClickOnComplete" duration-ms="3730" started-at="2018-04-25T11:19:37Z" depends-on-methods="com.testcase.ReviewerTest.doAcceptWord" finished-at="2018-04-25T11:19:41Z">
          <reporter-output>
          </reporter-output>
        </test-method> <!-- doClickOnComplete -->
        <test-method status="PASS" signature="doClickOnLogo()[pri:6, instance:com.testcase.ReviewerTest@6d7b4f4c]" name="doClickOnLogo" duration-ms="35111" started-at="2018-04-25T11:19:41Z" depends-on-methods="com.testcase.ReviewerTest.doClickOnComplete" finished-at="2018-04-25T11:20:16Z">
          <reporter-output>
          </reporter-output>
        </test-method> <!-- doClickOnLogo -->
        <test-method status="PASS" signature="doTranslatorLogout()[pri:7, instance:com.testcase.ReviewerTest@6d7b4f4c]" name="doTranslatorLogout" duration-ms="9302" started-at="2018-04-25T11:20:16Z" finished-at="2018-04-25T11:20:25Z">
          <reporter-output>
          </reporter-output>
        </test-method> <!-- doTranslatorLogout -->
      </class> <!-- com.testcase.ReviewerTest -->
    </test> <!-- Reviewer -->
  </suite> <!-- Automation Test Suite -->
</testng-results>
