<?xml version="1.0" encoding="UTF-8"?>
<testng-results skipped="0" failed="2" ignored="3" total="45" passed="40">
  <reporter-output>
  </reporter-output>
  <suite name="Automation Test Suite" duration-ms="263604" started-at="2018-04-19T10:48:03Z" finished-at="2018-04-19T10:52:27Z">
    <groups>
      <group name="Negative">
        <method signature="LoginPageTest.checkCaseSensitive()[pri:5, instance:com.testcase.LoginPageTest@5442a311]" name="checkCaseSensitive" class="com.testcase.LoginPageTest"/>
        <method signature="LoginPageTest.checkUnicodeTransformationFormat()[pri:6, instance:com.testcase.LoginPageTest@5442a311]" name="checkUnicodeTransformationFormat" class="com.testcase.LoginPageTest"/>
        <method signature="LoginPageTest.invalidEmail()[pri:2, instance:com.testcase.LoginPageTest@5442a311]" name="invalidEmail" class="com.testcase.LoginPageTest"/>
        <method signature="LoginPageTest.invalidPassword()[pri:3, instance:com.testcase.LoginPageTest@5442a311]" name="invalidPassword" class="com.testcase.LoginPageTest"/>
        <method signature="LoginPageTest.invalidPwdEmail()[pri:4, instance:com.testcase.LoginPageTest@5442a311]" name="invalidPwdEmail" class="com.testcase.LoginPageTest"/>
        <method signature="CreateProjectTest.onlyEnterProjectName()[pri:2, instance:com.testcase.CreateProjectTest@56ac3a89]" name="onlyEnterProjectName" class="com.testcase.CreateProjectTest"/>
        <method signature="CreateProjectTest.onlySelectTargetLanguage()[pri:3, instance:com.testcase.CreateProjectTest@56ac3a89]" name="onlySelectTargetLanguage" class="com.testcase.CreateProjectTest"/>
        <method signature="CreateProjectTest.withOutSelectAllOptions()[pri:1, instance:com.testcase.CreateProjectTest@56ac3a89]" name="withOutSelectAllOptions" class="com.testcase.CreateProjectTest"/>
      </group> <!-- Negative -->
    </groups>
    <test name="Login Testcase" duration-ms="18955" started-at="2018-04-19T10:48:03Z" finished-at="2018-04-19T10:48:22Z">
      <class name="com.testcase.LoginPageTest">
        <test-method status="PASS" signature="openBrowser()[pri:1, instance:com.testcase.LoginPageTest@5442a311]" name="openBrowser" duration-ms="6047" started-at="2018-04-19T16:18:03Z" finished-at="2018-04-19T16:18:09Z">
          <reporter-output>
          </reporter-output>
        </test-method> <!-- openBrowser -->
        <test-method status="PASS" signature="invalidEmail()[pri:2, instance:com.testcase.LoginPageTest@5442a311]" name="invalidEmail" duration-ms="1779" started-at="2018-04-19T16:18:09Z" finished-at="2018-04-19T16:18:11Z">
          <reporter-output>
          </reporter-output>
        </test-method> <!-- invalidEmail -->
        <test-method status="PASS" signature="invalidPassword()[pri:3, instance:com.testcase.LoginPageTest@5442a311]" name="invalidPassword" duration-ms="1463" started-at="2018-04-19T16:18:11Z" finished-at="2018-04-19T16:18:12Z">
          <reporter-output>
          </reporter-output>
        </test-method> <!-- invalidPassword -->
        <test-method status="PASS" signature="invalidPwdEmail()[pri:4, instance:com.testcase.LoginPageTest@5442a311]" name="invalidPwdEmail" duration-ms="1351" started-at="2018-04-19T16:18:12Z" finished-at="2018-04-19T16:18:14Z">
          <reporter-output>
          </reporter-output>
        </test-method> <!-- invalidPwdEmail -->
        <test-method status="PASS" signature="checkCaseSensitive()[pri:5, instance:com.testcase.LoginPageTest@5442a311]" name="checkCaseSensitive" duration-ms="2774" started-at="2018-04-19T16:18:14Z" finished-at="2018-04-19T16:18:17Z">
          <reporter-output>
          </reporter-output>
        </test-method> <!-- checkCaseSensitive -->
        <test-method status="PASS" signature="checkUnicodeTransformationFormat()[pri:6, instance:com.testcase.LoginPageTest@5442a311]" name="checkUnicodeTransformationFormat" duration-ms="1390" started-at="2018-04-19T16:18:17Z" finished-at="2018-04-19T16:18:18Z">
          <reporter-output>
          </reporter-output>
        </test-method> <!-- checkUnicodeTransformationFormat -->
        <test-method status="PASS" signature="doLogin()[pri:7, instance:com.testcase.LoginPageTest@5442a311]" name="doLogin" duration-ms="4105" started-at="2018-04-19T16:18:18Z" finished-at="2018-04-19T16:18:22Z">
          <reporter-output>
          </reporter-output>
        </test-method> <!-- doLogin -->
      </class> <!-- com.testcase.LoginPageTest -->
    </test> <!-- Login Testcase -->
    <test name="Create Project Testcase" duration-ms="32449" started-at="2018-04-19T10:48:22Z" finished-at="2018-04-19T10:48:54Z">
      <class name="com.testcase.CreateProjectTest">
        <test-method status="PASS" signature="startProject()[pri:0, instance:com.testcase.CreateProjectTest@56ac3a89]" name="startProject" duration-ms="1442" started-at="2018-04-19T16:18:22Z" finished-at="2018-04-19T16:18:23Z">
          <reporter-output>
          </reporter-output>
        </test-method> <!-- startProject -->
        <test-method status="PASS" signature="withOutSelectAllOptions()[pri:1, instance:com.testcase.CreateProjectTest@56ac3a89]" name="withOutSelectAllOptions" duration-ms="2043" started-at="2018-04-19T16:18:23Z" finished-at="2018-04-19T16:18:26Z">
          <reporter-output>
          </reporter-output>
        </test-method> <!-- withOutSelectAllOptions -->
        <test-method status="PASS" signature="onlyEnterProjectName()[pri:2, instance:com.testcase.CreateProjectTest@56ac3a89]" name="onlyEnterProjectName" duration-ms="3594" started-at="2018-04-19T16:18:26Z" finished-at="2018-04-19T16:18:29Z">
          <reporter-output>
          </reporter-output>
        </test-method> <!-- onlyEnterProjectName -->
        <test-method status="PASS" signature="onlySelectTargetLanguage()[pri:3, instance:com.testcase.CreateProjectTest@56ac3a89]" name="onlySelectTargetLanguage" duration-ms="9586" started-at="2018-04-19T16:18:29Z" finished-at="2018-04-19T16:18:39Z">
          <reporter-output>
          </reporter-output>
        </test-method> <!-- onlySelectTargetLanguage -->
        <test-method status="PASS" signature="typeProjectName()[pri:4, instance:com.testcase.CreateProjectTest@56ac3a89]" name="typeProjectName" duration-ms="282" started-at="2018-04-19T16:18:39Z" finished-at="2018-04-19T16:18:39Z">
          <reporter-output>
          </reporter-output>
        </test-method> <!-- typeProjectName -->
        <test-method status="PASS" signature="projectType()[pri:5, instance:com.testcase.CreateProjectTest@56ac3a89]" name="projectType" duration-ms="1120" started-at="2018-04-19T16:18:39Z" finished-at="2018-04-19T16:18:40Z">
          <reporter-output>
          </reporter-output>
        </test-method> <!-- projectType -->
        <test-method status="PASS" signature="targetLanguage()[pri:7, instance:com.testcase.CreateProjectTest@56ac3a89]" name="targetLanguage" duration-ms="7387" started-at="2018-04-19T16:18:40Z" finished-at="2018-04-19T16:18:48Z">
          <reporter-output>
          </reporter-output>
        </test-method> <!-- targetLanguage -->
        <test-method status="PASS" signature="doClickOnLetsStartButton()[pri:8, instance:com.testcase.CreateProjectTest@56ac3a89]" name="doClickOnLetsStartButton" duration-ms="6981" started-at="2018-04-19T16:18:48Z" finished-at="2018-04-19T16:18:54Z">
          <reporter-output>
          </reporter-output>
        </test-method> <!-- doClickOnLetsStartButton -->
      </class> <!-- com.testcase.CreateProjectTest -->
    </test> <!-- Create Project Testcase -->
    <test name="File Upload Testcase" duration-ms="18489" started-at="2018-04-19T10:48:55Z" finished-at="2018-04-19T10:49:13Z">
      <class name="com.testcase.FileUploadTest">
        <test-method status="PASS" signature="clickOnAddNewFile()[pri:1, instance:com.testcase.FileUploadTest@13805618]" name="clickOnAddNewFile" duration-ms="1552" started-at="2018-04-19T16:18:55Z" finished-at="2018-04-19T16:18:56Z">
          <reporter-output>
          </reporter-output>
        </test-method> <!-- clickOnAddNewFile -->
        <test-method status="PASS" signature="enterFileLocation()[pri:4, instance:com.testcase.FileUploadTest@13805618]" name="enterFileLocation" duration-ms="8367" started-at="2018-04-19T16:18:56Z" finished-at="2018-04-19T16:19:04Z">
          <reporter-output>
          </reporter-output>
        </test-method> <!-- enterFileLocation -->
        <test-method status="PASS" signature="selectFileFormat()[pri:5, instance:com.testcase.FileUploadTest@13805618]" name="selectFileFormat" duration-ms="8564" started-at="2018-04-19T16:19:04Z" finished-at="2018-04-19T16:19:13Z">
          <reporter-output>
          </reporter-output>
        </test-method> <!-- selectFileFormat -->
      </class> <!-- com.testcase.FileUploadTest -->
    </test> <!-- File Upload Testcase -->
    <test name="Choose Translation Plan" duration-ms="6830" started-at="2018-04-19T10:49:13Z" finished-at="2018-04-19T10:49:20Z">
      <class name="com.testcase.ChooseTranslationPlanTest">
        <test-method status="PASS" signature="choosePlanForTranslation()[pri:1, instance:com.testcase.ChooseTranslationPlanTest@4b952a2d]" name="choosePlanForTranslation" duration-ms="5106" started-at="2018-04-19T16:19:13Z" finished-at="2018-04-19T16:19:18Z">
          <reporter-output>
          </reporter-output>
        </test-method> <!-- choosePlanForTranslation -->
        <test-method status="PASS" signature="selectTheBestPlan()[pri:3, instance:com.testcase.ChooseTranslationPlanTest@4b952a2d]" name="selectTheBestPlan" duration-ms="1721" started-at="2018-04-19T16:19:18Z" finished-at="2018-04-19T16:19:20Z">
          <reporter-output>
          </reporter-output>
        </test-method> <!-- selectTheBestPlan -->
      </class> <!-- com.testcase.ChooseTranslationPlanTest -->
    </test> <!-- Choose Translation Plan -->
    <test name="Make An Order Testcase" duration-ms="33733" started-at="2018-04-19T10:49:20Z" finished-at="2018-04-19T10:49:54Z">
      <class name="com.testcase.MakeOrderTest">
        <test-method status="PASS" signature="doTheOrder()[pri:1, instance:com.testcase.MakeOrderTest@5025a98f]" name="doTheOrder" duration-ms="30223" started-at="2018-04-19T16:19:20Z" finished-at="2018-04-19T16:19:50Z">
          <reporter-output>
          </reporter-output>
        </test-method> <!-- doTheOrder -->
        <test-method status="PASS" signature="clientLogout()[pri:2, instance:com.testcase.MakeOrderTest@5025a98f]" name="clientLogout" duration-ms="3507" started-at="2018-04-19T16:19:50Z" finished-at="2018-04-19T16:19:54Z">
          <reporter-output>
          </reporter-output>
        </test-method> <!-- clientLogout -->
      </class> <!-- com.testcase.MakeOrderTest -->
    </test> <!-- Make An Order Testcase -->
    <test name="Manager" duration-ms="18711" started-at="2018-04-19T10:49:54Z" finished-at="2018-04-19T10:50:12Z">
      <class name="com.testcase.ManagerTest">
        <test-method status="PASS" signature="doMangerLogin()[pri:1, instance:com.testcase.ManagerTest@a67c67e]" name="doMangerLogin" duration-ms="2711" started-at="2018-04-19T16:19:54Z" finished-at="2018-04-19T16:19:56Z">
          <reporter-output>
          </reporter-output>
        </test-method> <!-- doMangerLogin -->
        <test-method status="PASS" signature="selectTheCreatedProject()[pri:2, instance:com.testcase.ManagerTest@a67c67e]" name="selectTheCreatedProject" duration-ms="1948" started-at="2018-04-19T16:19:56Z" finished-at="2018-04-19T16:19:58Z">
          <reporter-output>
          </reporter-output>
        </test-method> <!-- selectTheCreatedProject -->
        <test-method status="PASS" signature="selectOrder()[pri:3, instance:com.testcase.ManagerTest@a67c67e]" name="selectOrder" duration-ms="1986" started-at="2018-04-19T16:19:58Z" finished-at="2018-04-19T16:20:00Z">
          <reporter-output>
          </reporter-output>
        </test-method> <!-- selectOrder -->
        <test-method status="PASS" signature="selectLanguageTranslator()[pri:4, instance:com.testcase.ManagerTest@a67c67e]" name="selectLanguageTranslator" duration-ms="1397" started-at="2018-04-19T16:20:00Z" finished-at="2018-04-19T16:20:02Z">
          <reporter-output>
          </reporter-output>
        </test-method> <!-- selectLanguageTranslator -->
        <test-method status="FAIL" signature="assignProjectToTranslator()[pri:5, instance:com.testcase.ManagerTest@a67c67e]" name="assignProjectToTranslator" duration-ms="7092" started-at="2018-04-19T16:20:02Z" finished-at="2018-04-19T16:20:09Z">
          <exception class="java.lang.AssertionError">
            <message>
              <![CDATA[expected [Successfully assigned!] but found [×Successfully assigned!]]]>
            </message>
            <full-stacktrace>
              <![CDATA[java.lang.AssertionError: expected [Successfully assigned!] but found [×Successfully assigned!]at org.testng.Assert.fail(Assert.java:96)at org.testng.Assert.failNotEquals(Assert.java:776)at org.testng.Assert.assertEqualsImpl(Assert.java:137)at org.testng.Assert.assertEquals(Assert.java:118)at org.testng.Assert.assertEquals(Assert.java:453)at org.testng.Assert.assertEquals(Assert.java:463)at com.testcase.ManagerTest.assignProjectToTranslator(ManagerTest.java:47)at sun.reflect.NativeMethodAccessorImpl.invoke0(Native Method)at sun.reflect.NativeMethodAccessorImpl.invoke(NativeMethodAccessorImpl.java:62)at sun.reflect.DelegatingMethodAccessorImpl.invoke(DelegatingMethodAccessorImpl.java:43)at java.lang.reflect.Method.invoke(Method.java:498)at org.testng.internal.MethodInvocationHelper.invokeMethod(MethodInvocationHelper.java:124)at org.testng.internal.Invoker.invokeMethod(Invoker.java:571)at org.testng.internal.Invoker.invokeTestMethod(Invoker.java:707)at org.testng.internal.Invoker.invokeTestMethods(Invoker.java:979)at org.testng.internal.TestMethodWorker.invokeTestMethods(TestMethodWorker.java:125)at org.testng.internal.TestMethodWorker.run(TestMethodWorker.java:109)at org.testng.TestRunner.privateRun(TestRunner.java:648)at org.testng.TestRunner.run(TestRunner.java:505)at org.testng.SuiteRunner.runTest(SuiteRunner.java:455)at org.testng.SuiteRunner.runSequentially(SuiteRunner.java:450)at org.testng.SuiteRunner.privateRun(SuiteRunner.java:415)at org.testng.SuiteRunner.run(SuiteRunner.java:364)at org.testng.SuiteRunnerWorker.runSuite(SuiteRunnerWorker.java:52)at org.testng.SuiteRunnerWorker.run(SuiteRunnerWorker.java:84)at org.testng.TestNG.runSuitesSequentially(TestNG.java:1187)at org.testng.TestNG.runSuitesLocally(TestNG.java:1116)at org.testng.TestNG.runSuites(TestNG.java:1028)at org.testng.TestNG.run(TestNG.java:996)at org.testng.remote.AbstractRemoteTestNG.run(AbstractRemoteTestNG.java:114)at org.testng.remote.RemoteTestNG.initAndRun(RemoteTestNG.java:251)at org.testng.remote.RemoteTestNG.main(RemoteTestNG.java:77)]]>
            </full-stacktrace>
          </exception> <!-- java.lang.AssertionError -->
          <reporter-output>
          </reporter-output>
        </test-method> <!-- assignProjectToTranslator -->
        <test-method status="PASS" signature="doManagerLogout()[pri:6, instance:com.testcase.ManagerTest@a67c67e]" name="doManagerLogout" duration-ms="3564" started-at="2018-04-19T16:20:09Z" finished-at="2018-04-19T16:20:12Z">
          <reporter-output>
          </reporter-output>
        </test-method> <!-- doManagerLogout -->
      </class> <!-- com.testcase.ManagerTest -->
    </test> <!-- Manager -->
    <test name="Translator" duration-ms="80366" started-at="2018-04-19T10:50:12Z" finished-at="2018-04-19T10:51:33Z">
      <class name="com.testcase.TranslatorTest">
        <test-method status="PASS" signature="translatorDoLogin()[pri:1, instance:com.testcase.TranslatorTest@5383967b]" name="translatorDoLogin" duration-ms="11160" started-at="2018-04-19T16:20:12Z" finished-at="2018-04-19T16:20:23Z">
          <reporter-output>
          </reporter-output>
        </test-method> <!-- translatorDoLogin -->
        <test-method status="PASS" signature="doSelectTranslatorProject()[pri:2, instance:com.testcase.TranslatorTest@5383967b]" name="doSelectTranslatorProject" duration-ms="3290" started-at="2018-04-19T16:20:23Z" finished-at="2018-04-19T16:20:27Z">
          <reporter-output>
          </reporter-output>
        </test-method> <!-- doSelectTranslatorProject -->
        <test-method status="PASS" signature="automatedTranslation()[pri:3, instance:com.testcase.TranslatorTest@5383967b]" name="automatedTranslation" duration-ms="3513" started-at="2018-04-19T16:20:27Z" finished-at="2018-04-19T16:20:30Z">
          <reporter-output>
          </reporter-output>
        </test-method> <!-- automatedTranslation -->
        <test-method status="PASS" signature="doselectWordsAndEnterText()[pri:4, instance:com.testcase.TranslatorTest@5383967b]" name="doselectWordsAndEnterText" duration-ms="45730" started-at="2018-04-19T16:20:30Z" finished-at="2018-04-19T16:21:16Z">
          <reporter-output>
          </reporter-output>
        </test-method> <!-- doselectWordsAndEnterText -->
        <test-method status="PASS" signature="docompleteTranslation()[pri:5, instance:com.testcase.TranslatorTest@5383967b]" name="docompleteTranslation" duration-ms="3232" started-at="2018-04-19T16:21:16Z" depends-on-methods="com.testcase.TranslatorTest.doselectWordsAndEnterText" finished-at="2018-04-19T16:21:19Z">
          <reporter-output>
          </reporter-output>
        </test-method> <!-- docompleteTranslation -->
        <test-method status="PASS" signature="doClickOnLogo()[pri:6, instance:com.testcase.TranslatorTest@5383967b]" name="doClickOnLogo" duration-ms="9617" started-at="2018-04-19T16:21:19Z" depends-on-methods="com.testcase.TranslatorTest.docompleteTranslation" finished-at="2018-04-19T16:21:29Z">
          <reporter-output>
          </reporter-output>
        </test-method> <!-- doClickOnLogo -->
        <test-method status="PASS" signature="doTranslatorLogout()[pri:7, instance:com.testcase.TranslatorTest@5383967b]" name="doTranslatorLogout" duration-ms="3787" started-at="2018-04-19T16:21:29Z" finished-at="2018-04-19T16:21:33Z">
          <reporter-output>
          </reporter-output>
        </test-method> <!-- doTranslatorLogout -->
      </class> <!-- com.testcase.TranslatorTest -->
    </test> <!-- Translator -->
    <test name="Reviewer" duration-ms="54006" started-at="2018-04-19T10:51:33Z" finished-at="2018-04-19T10:52:27Z">
      <class name="com.testcase.ManagerTest">
        <test-method status="FAIL" signature="managerTranslationPage()[pri:0, instance:com.testcase.ManagerTest@a67c67e]" name="managerTranslationPage" is-config="true" duration-ms="10040" started-at="2018-04-19T16:22:27Z" finished-at="2018-04-19T16:22:37Z">
          <exception class="org.openqa.selenium.NoSuchElementException">
            <message>
              <![CDATA[no such element: Unable to locate element: {"method":"xpath","selector":"//form[@id='loginform']/div[1]/div[1]/input[1]"}  (Session info: chrome=63.0.3239.132)  (Driver info: chromedriver=2.34.522913 (36222509aa6e819815938cbf2709b4849735537c),platform=Linux 4.4.0-119-generic x86_64) (WARNING: The server did not provide any stacktrace information)Command duration or timeout: 0 millisecondsFor documentation on this error, please visit: http://seleniumhq.org/exceptions/no_such_element.htmlBuild info: version: '3.8.1', revision: '6e95a6684b', time: '2017-12-01T18:33:54.468Z'System info: host: 'fourtek-desktop', ip: '127.0.1.1', os.name: 'Linux', os.arch: 'amd64', os.version: '4.4.0-119-generic', java.version: '1.8.0_161'Driver info: org.openqa.selenium.chrome.ChromeDriverCapabilities {acceptSslCerts: true, applicationCacheEnabled: false, browserConnectionEnabled: false, browserName: chrome, chrome: {chromedriverVersion: 2.34.522913 (36222509aa6e81..., userDataDir: /tmp/.org.chromium.Chromium...}, cssSelectorsEnabled: true, databaseEnabled: false, handlesAlerts: true, hasTouchScreen: false, javascriptEnabled: true, locationContextEnabled: true, mobileEmulationEnabled: false, nativeEvents: true, networkConnectionEnabled: false, pageLoadStrategy: normal, platform: LINUX, platformName: LINUX, rotatable: false, setWindowRect: true, takesHeapSnapshot: true, takesScreenshot: true, unexpectedAlertBehaviour: , unhandledPromptBehavior: , version: 63.0.3239.132, webStorageEnabled: true}Session ID: 9c19cec260e6bdab2d966c73f908886d*** Element info: {Using=xpath, value=//form[@id='loginform']/div[1]/div[1]/input[1]}]]>
            </message>
            <full-stacktrace>
              <![CDATA[org.openqa.selenium.NoSuchElementException: no such element: Unable to locate element: {"method":"xpath","selector":"//form[@id='loginform']/div[1]/div[1]/input[1]"}  (Session info: chrome=63.0.3239.132)  (Driver info: chromedriver=2.34.522913 (36222509aa6e819815938cbf2709b4849735537c),platform=Linux 4.4.0-119-generic x86_64) (WARNING: The server did not provide any stacktrace information)Command duration or timeout: 0 millisecondsFor documentation on this error, please visit: http://seleniumhq.org/exceptions/no_such_element.htmlBuild info: version: '3.8.1', revision: '6e95a6684b', time: '2017-12-01T18:33:54.468Z'System info: host: 'fourtek-desktop', ip: '127.0.1.1', os.name: 'Linux', os.arch: 'amd64', os.version: '4.4.0-119-generic', java.version: '1.8.0_161'Driver info: org.openqa.selenium.chrome.ChromeDriverCapabilities {acceptSslCerts: true, applicationCacheEnabled: false, browserConnectionEnabled: false, browserName: chrome, chrome: {chromedriverVersion: 2.34.522913 (36222509aa6e81..., userDataDir: /tmp/.org.chromium.Chromium...}, cssSelectorsEnabled: true, databaseEnabled: false, handlesAlerts: true, hasTouchScreen: false, javascriptEnabled: true, locationContextEnabled: true, mobileEmulationEnabled: false, nativeEvents: true, networkConnectionEnabled: false, pageLoadStrategy: normal, platform: LINUX, platformName: LINUX, rotatable: false, setWindowRect: true, takesHeapSnapshot: true, takesScreenshot: true, unexpectedAlertBehaviour: , unhandledPromptBehavior: , version: 63.0.3239.132, webStorageEnabled: true}Session ID: 9c19cec260e6bdab2d966c73f908886d*** Element info: {Using=xpath, value=//form[@id='loginform']/div[1]/div[1]/input[1]}at sun.reflect.NativeConstructorAccessorImpl.newInstance0(Native Method)at sun.reflect.NativeConstructorAccessorImpl.newInstance(NativeConstructorAccessorImpl.java:62)at sun.reflect.DelegatingConstructorAccessorImpl.newInstance(DelegatingConstructorAccessorImpl.java:45)at java.lang.reflect.Constructor.newInstance(Constructor.java:423)at org.openqa.selenium.remote.ErrorHandler.createThrowable(ErrorHandler.java:214)at org.openqa.selenium.remote.ErrorHandler.throwIfResponseFailed(ErrorHandler.java:166)at org.openqa.selenium.remote.http.JsonHttpResponseCodec.reconstructValue(JsonHttpResponseCodec.java:40)at org.openqa.selenium.remote.http.AbstractHttpResponseCodec.decode(AbstractHttpResponseCodec.java:80)at org.openqa.selenium.remote.http.AbstractHttpResponseCodec.decode(AbstractHttpResponseCodec.java:44)at org.openqa.selenium.remote.HttpCommandExecutor.execute(HttpCommandExecutor.java:164)at org.openqa.selenium.remote.service.DriverCommandExecutor.execute(DriverCommandExecutor.java:83)at org.openqa.selenium.remote.RemoteWebDriver.execute(RemoteWebDriver.java:601)at org.openqa.selenium.remote.RemoteWebDriver.findElement(RemoteWebDriver.java:371)at org.openqa.selenium.remote.RemoteWebDriver.findElementByXPath(RemoteWebDriver.java:473)at org.openqa.selenium.By$ByXPath.findElement(By.java:361)at org.openqa.selenium.remote.RemoteWebDriver.findElement(RemoteWebDriver.java:363)at sun.reflect.GeneratedMethodAccessor7.invoke(Unknown Source)at sun.reflect.DelegatingMethodAccessorImpl.invoke(DelegatingMethodAccessorImpl.java:43)at java.lang.reflect.Method.invoke(Method.java:498)at org.openqa.selenium.support.events.EventFiringWebDriver$2.invoke(EventFiringWebDriver.java:108)at com.sun.proxy.$Proxy6.findElement(Unknown Source)at org.openqa.selenium.support.events.EventFiringWebDriver.findElement(EventFiringWebDriver.java:192)at org.openqa.selenium.support.pagefactory.DefaultElementLocator.findElement(DefaultElementLocator.java:69)at org.openqa.selenium.support.pagefactory.internal.LocatingElementHandler.invoke(LocatingElementHandler.java:38)at com.sun.proxy.$Proxy10.clear(Unknown Source)at com.pages.product.Manager.login(Manager.java:81)at com.testcase.ManagerTest.managerTranslationPage(ManagerTest.java:59)at sun.reflect.NativeMethodAccessorImpl.invoke0(Native Method)at sun.reflect.NativeMethodAccessorImpl.invoke(NativeMethodAccessorImpl.java:62)at sun.reflect.DelegatingMethodAccessorImpl.invoke(DelegatingMethodAccessorImpl.java:43)at java.lang.reflect.Method.invoke(Method.java:498)at org.testng.internal.MethodInvocationHelper.invokeMethod(MethodInvocationHelper.java:124)at org.testng.internal.MethodInvocationHelper.invokeMethodConsideringTimeout(MethodInvocationHelper.java:59)at org.testng.internal.Invoker.invokeConfigurationMethod(Invoker.java:451)at org.testng.internal.Invoker.invokeConfigurations(Invoker.java:222)at org.testng.internal.Invoker.invokeConfigurations(Invoker.java:142)at org.testng.SuiteRunner.privateRun(SuiteRunner.java:425)at org.testng.SuiteRunner.run(SuiteRunner.java:364)at org.testng.SuiteRunnerWorker.runSuite(SuiteRunnerWorker.java:52)at org.testng.SuiteRunnerWorker.run(SuiteRunnerWorker.java:84)at org.testng.TestNG.runSuitesSequentially(TestNG.java:1187)at org.testng.TestNG.runSuitesLocally(TestNG.java:1116)at org.testng.TestNG.runSuites(TestNG.java:1028)at org.testng.TestNG.run(TestNG.java:996)at org.testng.remote.AbstractRemoteTestNG.run(AbstractRemoteTestNG.java:114)at org.testng.remote.RemoteTestNG.initAndRun(RemoteTestNG.java:251)at org.testng.remote.RemoteTestNG.main(RemoteTestNG.java:77)]]>
            </full-stacktrace>
          </exception> <!-- org.openqa.selenium.NoSuchElementException -->
          <reporter-output>
          </reporter-output>
        </test-method> <!-- managerTranslationPage -->
        <test-method status="SKIP" signature="ClientTranslationPage()[pri:0, instance:com.testcase.ManagerTest@a67c67e]" name="ClientTranslationPage" is-config="true" duration-ms="0" started-at="2018-04-19T16:22:37Z" depends-on-methods="com.testcase.ManagerTest.managerTranslationPage" finished-at="2018-04-19T16:22:37Z">
          <reporter-output>
          </reporter-output>
        </test-method> <!-- ClientTranslationPage -->
      </class> <!-- com.testcase.ManagerTest -->
      <class name="com.testcase.ReviewerTest">
        <test-method status="PASS" signature="reviewerDoLogin()[pri:1, instance:com.testcase.ReviewerTest@6d7b4f4c]" name="reviewerDoLogin" duration-ms="7934" started-at="2018-04-19T16:21:33Z" finished-at="2018-04-19T16:21:41Z">
          <reporter-output>
          </reporter-output>
        </test-method> <!-- reviewerDoLogin -->
        <test-method status="PASS" signature="doSelectReviewerProject()[pri:2, instance:com.testcase.ReviewerTest@6d7b4f4c]" name="doSelectReviewerProject" duration-ms="4325" started-at="2018-04-19T16:21:41Z" finished-at="2018-04-19T16:21:45Z">
          <reporter-output>
          </reporter-output>
        </test-method> <!-- doSelectReviewerProject -->
        <test-method status="PASS" signature="automatedTranslation()[pri:3, instance:com.testcase.ReviewerTest@6d7b4f4c]" name="automatedTranslation" duration-ms="3283" started-at="2018-04-19T16:21:45Z" finished-at="2018-04-19T16:21:48Z">
          <reporter-output>
          </reporter-output>
        </test-method> <!-- automatedTranslation -->
        <test-method status="PASS" signature="doAcceptWord()[pri:4, instance:com.testcase.ReviewerTest@6d7b4f4c]" name="doAcceptWord" duration-ms="31315" started-at="2018-04-19T16:21:48Z" finished-at="2018-04-19T16:22:20Z">
          <reporter-output>
          </reporter-output>
        </test-method> <!-- doAcceptWord -->
        <test-method status="PASS" signature="doClickOnComplete()[pri:5, instance:com.testcase.ReviewerTest@6d7b4f4c]" name="doClickOnComplete" duration-ms="743" started-at="2018-04-19T16:22:20Z" depends-on-methods="com.testcase.ReviewerTest.doAcceptWord" finished-at="2018-04-19T16:22:20Z">
          <reporter-output>
          </reporter-output>
        </test-method> <!-- doClickOnComplete -->
        <test-method status="PASS" signature="doClickOnLogo()[pri:6, instance:com.testcase.ReviewerTest@6d7b4f4c]" name="doClickOnLogo" duration-ms="6206" started-at="2018-04-19T16:22:20Z" depends-on-methods="com.testcase.ReviewerTest.doClickOnComplete" finished-at="2018-04-19T16:22:26Z">
          <reporter-output>
          </reporter-output>
        </test-method> <!-- doClickOnLogo -->
        <test-method status="FAIL" signature="doTranslatorLogout()[pri:7, instance:com.testcase.ReviewerTest@6d7b4f4c]" name="doTranslatorLogout" duration-ms="176" started-at="2018-04-19T16:22:26Z" finished-at="2018-04-19T16:22:27Z">
          <exception class="org.openqa.selenium.WebDriverException">
            <message>
              <![CDATA[unknown error: Element <a href="" data-toggle="dropdown" aria-haspopup="true" aria-expanded="false" class="header-link dropdown-toggle">...</a> is not clickable at point (1254, 27). Other element would receive the click: <div class="preloader" style="opacity: 0.305036;">...</div>  (Session info: chrome=63.0.3239.132)  (Driver info: chromedriver=2.34.522913 (36222509aa6e819815938cbf2709b4849735537c),platform=Linux 4.4.0-119-generic x86_64) (WARNING: The server did not provide any stacktrace information)Command duration or timeout: 0 millisecondsBuild info: version: '3.8.1', revision: '6e95a6684b', time: '2017-12-01T18:33:54.468Z'System info: host: 'fourtek-desktop', ip: '127.0.1.1', os.name: 'Linux', os.arch: 'amd64', os.version: '4.4.0-119-generic', java.version: '1.8.0_161'Driver info: org.openqa.selenium.chrome.ChromeDriverCapabilities {acceptSslCerts: true, applicationCacheEnabled: false, browserConnectionEnabled: false, browserName: chrome, chrome: {chromedriverVersion: 2.34.522913 (36222509aa6e81..., userDataDir: /tmp/.org.chromium.Chromium...}, cssSelectorsEnabled: true, databaseEnabled: false, handlesAlerts: true, hasTouchScreen: false, javascriptEnabled: true, locationContextEnabled: true, mobileEmulationEnabled: false, nativeEvents: true, networkConnectionEnabled: false, pageLoadStrategy: normal, platform: LINUX, platformName: LINUX, rotatable: false, setWindowRect: true, takesHeapSnapshot: true, takesScreenshot: true, unexpectedAlertBehaviour: , unhandledPromptBehavior: , version: 63.0.3239.132, webStorageEnabled: true}Session ID: 9c19cec260e6bdab2d966c73f908886d]]>
            </message>
            <full-stacktrace>
              <![CDATA[org.openqa.selenium.WebDriverException: unknown error: Element <a href="" data-toggle="dropdown" aria-haspopup="true" aria-expanded="false" class="header-link dropdown-toggle">...</a> is not clickable at point (1254, 27). Other element would receive the click: <div class="preloader" style="opacity: 0.305036;">...</div>  (Session info: chrome=63.0.3239.132)  (Driver info: chromedriver=2.34.522913 (36222509aa6e819815938cbf2709b4849735537c),platform=Linux 4.4.0-119-generic x86_64) (WARNING: The server did not provide any stacktrace information)Command duration or timeout: 0 millisecondsBuild info: version: '3.8.1', revision: '6e95a6684b', time: '2017-12-01T18:33:54.468Z'System info: host: 'fourtek-desktop', ip: '127.0.1.1', os.name: 'Linux', os.arch: 'amd64', os.version: '4.4.0-119-generic', java.version: '1.8.0_161'Driver info: org.openqa.selenium.chrome.ChromeDriverCapabilities {acceptSslCerts: true, applicationCacheEnabled: false, browserConnectionEnabled: false, browserName: chrome, chrome: {chromedriverVersion: 2.34.522913 (36222509aa6e81..., userDataDir: /tmp/.org.chromium.Chromium...}, cssSelectorsEnabled: true, databaseEnabled: false, handlesAlerts: true, hasTouchScreen: false, javascriptEnabled: true, locationContextEnabled: true, mobileEmulationEnabled: false, nativeEvents: true, networkConnectionEnabled: false, pageLoadStrategy: normal, platform: LINUX, platformName: LINUX, rotatable: false, setWindowRect: true, takesHeapSnapshot: true, takesScreenshot: true, unexpectedAlertBehaviour: , unhandledPromptBehavior: , version: 63.0.3239.132, webStorageEnabled: true}Session ID: 9c19cec260e6bdab2d966c73f908886dat sun.reflect.NativeConstructorAccessorImpl.newInstance0(Native Method)at sun.reflect.NativeConstructorAccessorImpl.newInstance(NativeConstructorAccessorImpl.java:62)at sun.reflect.DelegatingConstructorAccessorImpl.newInstance(DelegatingConstructorAccessorImpl.java:45)at java.lang.reflect.Constructor.newInstance(Constructor.java:423)at org.openqa.selenium.remote.ErrorHandler.createThrowable(ErrorHandler.java:214)at org.openqa.selenium.remote.ErrorHandler.throwIfResponseFailed(ErrorHandler.java:166)at org.openqa.selenium.remote.http.JsonHttpResponseCodec.reconstructValue(JsonHttpResponseCodec.java:40)at org.openqa.selenium.remote.http.AbstractHttpResponseCodec.decode(AbstractHttpResponseCodec.java:80)at org.openqa.selenium.remote.http.AbstractHttpResponseCodec.decode(AbstractHttpResponseCodec.java:44)at org.openqa.selenium.remote.HttpCommandExecutor.execute(HttpCommandExecutor.java:164)at org.openqa.selenium.remote.service.DriverCommandExecutor.execute(DriverCommandExecutor.java:83)at org.openqa.selenium.remote.RemoteWebDriver.execute(RemoteWebDriver.java:601)at org.openqa.selenium.remote.RemoteWebElement.execute(RemoteWebElement.java:279)at org.openqa.selenium.remote.RemoteWebElement.click(RemoteWebElement.java:83)at sun.reflect.GeneratedMethodAccessor14.invoke(Unknown Source)at sun.reflect.DelegatingMethodAccessorImpl.invoke(DelegatingMethodAccessorImpl.java:43)at java.lang.reflect.Method.invoke(Method.java:498)at org.openqa.selenium.support.events.EventFiringWebDriver$EventFiringWebElement$1.invoke(EventFiringWebDriver.java:375)at com.sun.proxy.$Proxy11.click(Unknown Source)at org.openqa.selenium.support.events.EventFiringWebDriver$EventFiringWebElement.click(EventFiringWebDriver.java:388)at sun.reflect.GeneratedMethodAccessor14.invoke(Unknown Source)at sun.reflect.DelegatingMethodAccessorImpl.invoke(DelegatingMethodAccessorImpl.java:43)at java.lang.reflect.Method.invoke(Method.java:498)at org.openqa.selenium.support.pagefactory.internal.LocatingElementHandler.invoke(LocatingElementHandler.java:51)at com.sun.proxy.$Proxy10.click(Unknown Source)at com.pages.product.Reviewer.reviewerLogout(Reviewer.java:117)at com.testcase.ReviewerTest.doTranslatorLogout(ReviewerTest.java:59)at sun.reflect.NativeMethodAccessorImpl.invoke0(Native Method)at sun.reflect.NativeMethodAccessorImpl.invoke(NativeMethodAccessorImpl.java:62)at sun.reflect.DelegatingMethodAccessorImpl.invoke(DelegatingMethodAccessorImpl.java:43)at java.lang.reflect.Method.invoke(Method.java:498)at org.testng.internal.MethodInvocationHelper.invokeMethod(MethodInvocationHelper.java:124)at org.testng.internal.Invoker.invokeMethod(Invoker.java:571)at org.testng.internal.Invoker.invokeTestMethod(Invoker.java:707)at org.testng.internal.Invoker.invokeTestMethods(Invoker.java:979)at org.testng.internal.TestMethodWorker.invokeTestMethods(TestMethodWorker.java:125)at org.testng.internal.TestMethodWorker.run(TestMethodWorker.java:109)at org.testng.TestRunner.privateRun(TestRunner.java:648)at org.testng.TestRunner.run(TestRunner.java:505)at org.testng.SuiteRunner.runTest(SuiteRunner.java:455)at org.testng.SuiteRunner.runSequentially(SuiteRunner.java:450)at org.testng.SuiteRunner.privateRun(SuiteRunner.java:415)at org.testng.SuiteRunner.run(SuiteRunner.java:364)at org.testng.SuiteRunnerWorker.runSuite(SuiteRunnerWorker.java:52)at org.testng.SuiteRunnerWorker.run(SuiteRunnerWorker.java:84)at org.testng.TestNG.runSuitesSequentially(TestNG.java:1187)at org.testng.TestNG.runSuitesLocally(TestNG.java:1116)at org.testng.TestNG.runSuites(TestNG.java:1028)at org.testng.TestNG.run(TestNG.java:996)at org.testng.remote.AbstractRemoteTestNG.run(AbstractRemoteTestNG.java:114)at org.testng.remote.RemoteTestNG.initAndRun(RemoteTestNG.java:251)at org.testng.remote.RemoteTestNG.main(RemoteTestNG.java:77)]]>
            </full-stacktrace>
          </exception> <!-- org.openqa.selenium.WebDriverException -->
          <reporter-output>
          </reporter-output>
        </test-method> <!-- doTranslatorLogout -->
      </class> <!-- com.testcase.ReviewerTest -->
    </test> <!-- Reviewer -->
  </suite> <!-- Automation Test Suite -->
</testng-results>
