<?xml version="1.0" encoding="UTF-8"?>
<!-- Generated by org.testng.reporters.JUnitXMLReporter -->
<testsuite hostname="fourtek-desktop" ignored="1" name="Choose Translation Plan" tests="2" failures="0" timestamp="19 Apr 2018 10:57:32 GMT" time="6.71" errors="0">
  <testcase name="choosePlanForTranslation" time="4.998" classname="com.testcase.ChooseTranslationPlanTest"/>
  <testcase name="selectTheBestPlan" time="1.708" classname="com.testcase.ChooseTranslationPlanTest"/>
  <testcase name="goToDashboard" time="0.0" classname="com.testcase.ChooseTranslationPlanTest">
    <ignored/>
  </testcase> <!-- goToDashboard -->
</testsuite> <!-- Choose Translation Plan -->
