<?xml version="1.0" encoding="UTF-8"?>
<!-- Generated by org.testng.reporters.JUnitXMLReporter -->
<testsuite hostname="fourtek-desktop" ignored="1" name="Choose Translation Plan" tests="2" failures="0" timestamp="19 Apr 2018 10:09:24 GMT" time="7.025" errors="0">
  <testcase name="choosePlanForTranslation" time="5.157" classname="com.testcase.ChooseTranslationPlanTest"/>
  <testcase name="selectTheBestPlan" time="1.865" classname="com.testcase.ChooseTranslationPlanTest"/>
  <testcase name="goToDashboard" time="0.0" classname="com.testcase.ChooseTranslationPlanTest">
    <ignored/>
  </testcase> <!-- goToDashboard -->
</testsuite> <!-- Choose Translation Plan -->
