<?xml version="1.0" encoding="UTF-8"?>
<!-- Generated by org.testng.reporters.JUnitXMLReporter -->
<testsuite hostname="fourtek-desktop" ignored="1" name="Create Project Testcase" tests="8" failures="0" timestamp="25 Apr 2018 05:43:08 GMT" time="67.343" errors="0">
  <testcase name="startProject" time="7.717" classname="com.testcase.CreateProjectTest"/>
  <testcase name="withOutSelectAllOptions" time="9.669" classname="com.testcase.CreateProjectTest"/>
  <testcase name="onlyEnterProjectName" time="11.305" classname="com.testcase.CreateProjectTest"/>
  <testcase name="onlySelectTargetLanguage" time="15.908" classname="com.testcase.CreateProjectTest"/>
  <testcase name="typeProjectName" time="0.973" classname="com.testcase.CreateProjectTest"/>
  <testcase name="projectType" time="1.817" classname="com.testcase.CreateProjectTest"/>
  <testcase name="targetLanguage" time="9.102" classname="com.testcase.CreateProjectTest"/>
  <testcase name="doClickOnLetsStartButton" time="10.759" classname="com.testcase.CreateProjectTest"/>
  <testcase name="industryType" time="0.0" classname="com.testcase.CreateProjectTest">
    <ignored/>
  </testcase> <!-- industryType -->
</testsuite> <!-- Create Project Testcase -->
