<?xml version="1.0" encoding="UTF-8"?>
<!-- Generated by org.testng.reporters.JUnitXMLReporter -->
<testsuite hostname="fourtek-desktop" ignored="1" name="Create Project Testcase" tests="8" failures="0" timestamp="19 Apr 2018 04:03:55 GMT" time="38.347" errors="0">
  <testcase name="startProject" time="3.388" classname="com.testcase.CreateProjectTest"/>
  <testcase name="withOutSelectAllOptions" time="3.4" classname="com.testcase.CreateProjectTest"/>
  <testcase name="onlyEnterProjectName" time="5.006" classname="com.testcase.CreateProjectTest"/>
  <testcase name="onlySelectTargetLanguage" time="10.082" classname="com.testcase.CreateProjectTest"/>
  <testcase name="typeProjectName" time="0.287" classname="com.testcase.CreateProjectTest"/>
  <testcase name="projectType" time="1.323" classname="com.testcase.CreateProjectTest"/>
  <testcase name="targetLanguage" time="7.401" classname="com.testcase.CreateProjectTest"/>
  <testcase name="doClickOnLetsStartButton" time="7.439" classname="com.testcase.CreateProjectTest"/>
  <testcase name="industryType" time="0.0" classname="com.testcase.CreateProjectTest">
    <ignored/>
  </testcase> <!-- industryType -->
</testsuite> <!-- Create Project Testcase -->
