<?xml version="1.0" encoding="UTF-8"?>
<!-- Generated by org.testng.reporters.JUnitXMLReporter -->
<testsuite hostname="fourtek-desktop" ignored="0" name="File Upload Testcase" tests="3" failures="0" timestamp="24 Apr 2018 09:50:06 GMT" time="18.314" errors="0">
  <testcase name="clickOnAddNewFile" time="1.448" classname="com.testcase.FileUploadTest"/>
  <testcase name="enterFileLocation" time="8.342" classname="com.testcase.FileUploadTest"/>
  <testcase name="selectFileFormat" time="8.52" classname="com.testcase.FileUploadTest"/>
</testsuite> <!-- File Upload Testcase -->
