<?xml version="1.0" encoding="UTF-8"?>
<!-- Generated by org.testng.reporters.JUnitXMLReporter -->
<testsuite hostname="fourtek-desktop" ignored="0" name="File Upload Testcase" tests="3" failures="0" timestamp="02 May 2018 06:15:00 GMT" time="20.077" errors="0">
  <testcase name="clickOnAddNewFile" time="1.38" classname="com.testcase.FileUploadTest"/>
  <testcase name="enterFileLocation" time="10.24" classname="com.testcase.FileUploadTest"/>
  <testcase name="selectFileFormat" time="8.45" classname="com.testcase.FileUploadTest"/>
</testsuite> <!-- File Upload Testcase -->
