<?xml version="1.0" encoding="UTF-8"?>
<!-- Generated by org.testng.reporters.JUnitXMLReporter -->
<testsuite hostname="fourtek-desktop" ignored="1" name="Login Testcase" tests="7" failures="0" timestamp="02 May 2018 06:13:58 GMT" time="24.324" errors="0">
  <testcase name="openBrowser" time="8.592" classname="com.testcase.LoginPageTest"/>
  <testcase name="invalidEmail" time="2.178" classname="com.testcase.LoginPageTest"/>
  <testcase name="invalidPassword" time="1.827" classname="com.testcase.LoginPageTest"/>
  <testcase name="invalidPwdEmail" time="1.878" classname="com.testcase.LoginPageTest"/>
  <testcase name="checkCaseSensitive" time="3.754" classname="com.testcase.LoginPageTest"/>
  <testcase name="checkUnicodeTransformationFormat" time="1.665" classname="com.testcase.LoginPageTest"/>
  <testcase name="doLogin" time="4.368" classname="com.testcase.LoginPageTest"/>
  <testcase name="forgetPassword" time="0.0" classname="com.testcase.LoginPageTest">
    <ignored/>
  </testcase> <!-- forgetPassword -->
</testsuite> <!-- Login Testcase -->
