<?xml version="1.0" encoding="UTF-8"?>
<!-- Generated by org.testng.reporters.JUnitXMLReporter -->
<testsuite hostname="fourtek-desktop" ignored="1" name="Login Testcase" tests="7" failures="0" timestamp="13 Apr 2018 09:57:07 GMT" time="34.651" errors="0">
  <testcase name="openBrowser" time="7.179" classname="com.testcase.LoginPageTest"/>
  <testcase name="invalidEmail" time="2.786" classname="com.testcase.LoginPageTest"/>
  <testcase name="invalidPassword" time="2.858" classname="com.testcase.LoginPageTest"/>
  <testcase name="invalidPwdEmail" time="3.005" classname="com.testcase.LoginPageTest"/>
  <testcase name="checkCaseSensitive" time="6.955" classname="com.testcase.LoginPageTest"/>
  <testcase name="checkUnicodeTransformationFormat" time="3.933" classname="com.testcase.LoginPageTest"/>
  <testcase name="doLogin" time="7.833" classname="com.testcase.LoginPageTest"/>
  <testcase name="forgetPassword" time="0.0" classname="com.testcase.LoginPageTest">
    <ignored/>
  </testcase> <!-- forgetPassword -->
</testsuite> <!-- Login Testcase -->
