<?xml version="1.0" encoding="UTF-8"?>
<!-- Generated by org.testng.reporters.JUnitXMLReporter -->
<testsuite hostname="fourtek-desktop" ignored="0" name="Manager" tests="6" failures="1" timestamp="19 Apr 2018 10:10:19 GMT" time="20.457" errors="0">
  <testcase name="doMangerLogin" time="3.405" classname="com.testcase.ManagerTest"/>
  <testcase name="selectTheCreatedProject" time="2.227" classname="com.testcase.ManagerTest"/>
  <testcase name="selectOrder" time="2.098" classname="com.testcase.ManagerTest"/>
  <testcase name="selectLanguageTranslator" time="1.916" classname="com.testcase.ManagerTest"/>
  <testcase name="assignProjectToTranslator" time="7.284" classname="com.testcase.ManagerTest">
    <failure type="java.lang.AssertionError" message="expected [Successfully assigned!] but found [×
Successfully assigned!]">
      <![CDATA[java.lang.AssertionError: expected [Successfully assigned!] but found [×Successfully assigned!]at com.testcase.ManagerTest.assignProjectToTranslator(ManagerTest.java:47)... Removed 31 stack frames]]>
    </failure>
  </testcase> <!-- assignProjectToTranslator -->
  <testcase name="doManagerLogout" time="3.509" classname="com.testcase.ManagerTest"/>
</testsuite> <!-- Manager -->
