<?xml version="1.0" encoding="UTF-8"?>
<!-- Generated by org.testng.reporters.JUnitXMLReporter -->
<testsuite hostname="fourtek-desktop" ignored="0" name="Project Type Testcase" tests="6" failures="0" timestamp="18 Dec 2017 07:32:03 GMT" time="7.852" errors="0">
  <testcase name="startproject" time="1.965" classname="com.testcase.CreateProjectTest"/>
  <testcase name="typeProjectName" time="0.254" classname="com.testcase.CreateProjectTest"/>
  <testcase name="projectType" time="0.194" classname="com.testcase.CreateProjectTest"/>
  <testcase name="industryType" time="0.215" classname="com.testcase.CreateProjectTest"/>
  <testcase name="targetLanguage" time="0.257" classname="com.testcase.CreateProjectTest"/>
  <testcase name="doClickOnLetsStartButton" time="4.953" classname="com.testcase.CreateProjectTest"/>
</testsuite> <!-- Project Type Testcase -->
