<?xml version="1.0" encoding="UTF-8"?>
<!-- Generated by org.testng.reporters.JUnitXMLReporter -->
<testsuite hostname="fourtek-desktop" ignored="0" name="Reviewer" tests="7" failures="0" timestamp="19 Apr 2018 11:00:50 GMT" time="61.327" errors="0">
  <testcase name="reviewerDoLogin" time="7.456" classname="com.testcase.ReviewerTest"/>
  <testcase name="doSelectReviewerProject" time="4.365" classname="com.testcase.ReviewerTest"/>
  <testcase name="automatedTranslation" time="3.225" classname="com.testcase.ReviewerTest"/>
  <testcase name="doAcceptWord" time="31.31" classname="com.testcase.ReviewerTest"/>
  <testcase name="doClickOnComplete" time="1.115" classname="com.testcase.ReviewerTest"/>
  <testcase name="doClickOnLogo" time="9.7" classname="com.testcase.ReviewerTest"/>
  <testcase name="doTranslatorLogout" time="4.144" classname="com.testcase.ReviewerTest"/>
</testsuite> <!-- Reviewer -->
