<?xml version="1.0" encoding="UTF-8"?>
<!-- Generated by org.testng.reporters.JUnitXMLReporter -->
<testsuite hostname="fourtek-desktop" ignored="0" name="Translator" tests="7" failures="0" timestamp="24 Apr 2018 06:04:45 GMT" time="83.225" errors="0">
  <testcase name="translatorDoLogin" time="12.847" classname="com.testcase.TranslatorTest"/>
  <testcase name="doSelectTranslatorProject" time="3.12" classname="com.testcase.TranslatorTest"/>
  <testcase name="automatedTranslation" time="3.309" classname="com.testcase.TranslatorTest"/>
  <testcase name="doselectWordsAndEnterText" time="45.113" classname="com.testcase.TranslatorTest"/>
  <testcase name="docompleteTranslation" time="3.369" classname="com.testcase.TranslatorTest"/>
  <testcase name="doClickOnLogo" time="11.597" classname="com.testcase.TranslatorTest"/>
  <testcase name="doTranslatorLogout" time="3.847" classname="com.testcase.TranslatorTest"/>
</testsuite> <!-- Translator -->
