<?xml version="1.0" encoding="UTF-8"?>
<!-- Generated by org.testng.reporters.JUnitXMLReporter -->
<testsuite hostname="fourtek-desktop" ignored="0" name="Translator" tests="7" failures="0" timestamp="19 Apr 2018 10:59:49 GMT" time="82.716" errors="0">
  <testcase name="translatorDoLogin" time="13.35" classname="com.testcase.TranslatorTest"/>
  <testcase name="doSelectTranslatorProject" time="3.433" classname="com.testcase.TranslatorTest"/>
  <testcase name="automatedTranslation" time="3.44" classname="com.testcase.TranslatorTest"/>
  <testcase name="doselectWordsAndEnterText" time="45.675" classname="com.testcase.TranslatorTest"/>
  <testcase name="docompleteTranslation" time="3.044" classname="com.testcase.TranslatorTest"/>
  <testcase name="doClickOnLogo" time="9.86" classname="com.testcase.TranslatorTest"/>
  <testcase name="doTranslatorLogout" time="3.868" classname="com.testcase.TranslatorTest"/>
</testsuite> <!-- Translator -->
