<?xml version="1.0" encoding="UTF-8"?>
<!-- Generated by org.testng.reporters.JUnitXMLReporter -->
<testsuite hostname="fourtek-desktop" ignored="0" name="Translator" tests="7" failures="0" timestamp="13 Apr 2018 09:28:36 GMT" time="82.091" errors="0">
  <testcase name="translatorDoLogin" time="13.848" classname="com.testcase.TranslatorTest"/>
  <testcase name="doSelectTranslatorProject" time="3.496" classname="com.testcase.TranslatorTest"/>
  <testcase name="automatedTranslation" time="3.414" classname="com.testcase.TranslatorTest"/>
  <testcase name="doselectWordsAndEnterText" time="47.047" classname="com.testcase.TranslatorTest"/>
  <testcase name="docompleteTranslation" time="3.173" classname="com.testcase.TranslatorTest"/>
  <testcase name="doClickOnLogo" time="7.169" classname="com.testcase.TranslatorTest"/>
  <testcase name="doTranslatorLogout" time="3.926" classname="com.testcase.TranslatorTest"/>
</testsuite> <!-- Translator -->
